RUN	smartsale.Scenario5Items10Users	scenario5items10users	1605219242946	 	3.4.1
USER	Warm up	START	1605219244242
USER	Warm up	START	1605219245236
USER	Warm up	START	1605219246242
USER	Warm up	START	1605219247236
USER	Warm up	START	1605219248245
USER	Warm up	START	1605219249240
USER	Warm up	START	1605219250243
USER	Warm up	START	1605219251236
REQUEST		warm_up	1605219251331	1605219252095	OK	 
USER	Warm up	START	1605219252242
REQUEST		warm_up	1605219252354	1605219253160	OK	 
USER	Warm up	START	1605219253232
REQUEST		warm_up	1605219253358	1605219254154	OK	 
REQUEST		warm_up	1605219254378	1605219255119	OK	 
REQUEST		warm_up	1605219255401	1605219256112	OK	 
REQUEST		warm_up	1605219256426	1605219257169	OK	 
REQUEST		warm_up	1605219257448	1605219258158	OK	 
REQUEST		warm_up	1605219258468	1605219259193	OK	 
REQUEST		warm_up	1605219258986	1605219259204	OK	 
REQUEST		warm_up	1605219259487	1605219260196	OK	 
REQUEST		warm_up	1605219260006	1605219260265	OK	 
REQUEST		warm_up	1605219260506	1605219261246	OK	 
REQUEST		warm_up	1605219261026	1605219261280	OK	 
REQUEST		warm_up	1605219261527	1605219261763	OK	 
REQUEST		warm_up	1605219262046	1605219262280	OK	 
REQUEST		warm_up	1605219262546	1605219262780	OK	 
REQUEST		warm_up	1605219263068	1605219263283	OK	 
REQUEST		warm_up	1605219263574	1605219263799	OK	 
REQUEST		exec_rpm	1605219264076	1605219264289	OK	 
REQUEST		warm_up	1605219264581	1605219264813	OK	 
REQUEST		exec_rpm	1605219265114	1605219265347	OK	 
REQUEST		warm_up	1605219265617	1605219265836	OK	 
REQUEST		exec_rpm	1605219265980	1605219266198	OK	 
REQUEST		exec_rpm	1605219266312	1605219266539	OK	 
REQUEST		exec_rpm	1605219266642	1605219266902	OK	 
REQUEST		exec_rpm	1605219266987	1605219267210	OK	 
REQUEST		exec_rpm	1605219267316	1605219267530	OK	 
REQUEST		exec_rpm	1605219267647	1605219267873	OK	 
REQUEST		exec_rpm	1605219268008	1605219268270	OK	 
REQUEST		exec_rpm	1605219268340	1605219268555	OK	 
REQUEST		exec_rpm	1605219268668	1605219268890	OK	 
REQUEST		exec_rpm	1605219269026	1605219269243	OK	 
REQUEST		exec_rpm	1605219269357	1605219269605	OK	 
REQUEST		exec_rpm	1605219269690	1605219269905	OK	 
REQUEST		exec_rpm	1605219270048	1605219270288	OK	 
REQUEST		exec_rpm	1605219270379	1605219270603	OK	 
REQUEST		exec_rpm	1605219270711	1605219270924	OK	 
REQUEST		exec_rpm	1605219271083	1605219271325	OK	 
REQUEST		exec_rpm	1605219271407	1605219271637	OK	 
REQUEST		exec_rpm	1605219271738	1605219271991	OK	 
REQUEST		exec_rpm	1605219272097	1605219272342	OK	 
REQUEST		exec_rpm	1605219272426	1605219272660	OK	 
REQUEST		exec_rpm	1605219272756	1605219272995	OK	 
REQUEST		exec_rpm	1605219273035	1605219273272	OK	 
REQUEST		exec_rpm	1605219273284	1605219273514	OK	 
REQUEST		exec_rpm	1605219273533	1605219273774	OK	 
REQUEST		exec_rpm	1605219273782	1605219274045	OK	 
REQUEST		exec_rpm	1605219274036	1605219274265	OK	 
REQUEST		exec_rpm	1605219274286	1605219274536	OK	 
REQUEST		exec_rpm	1605219274545	1605219274764	OK	 
REQUEST		exec_rpm	1605219274795	1605219275036	OK	 
REQUEST		exec_rpm	1605219275046	1605219275284	OK	 
REQUEST		exec_rpm	1605219275296	1605219275507	OK	 
REQUEST		exec_rpm	1605219275546	1605219275783	OK	 
REQUEST		exec_rpm	1605219275807	1605219276057	OK	 
REQUEST		exec_rpm	1605219276085	1605219276287	OK	 
REQUEST		exec_rpm	1605219276337	1605219276554	OK	 
REQUEST		exec_rpm	1605219276576	1605219276821	OK	 
REQUEST		exec_rpm	1605219276826	1605219277070	OK	 
REQUEST		exec_rpm	1605219277104	1605219277316	OK	 
REQUEST		exec_rpm	1605219277354	1605219277597	OK	 
REQUEST		exec_rpm	1605219277605	1605219277800	OK	 
REQUEST		exec_rpm	1605219277856	1605219278093	OK	 
REQUEST		exec_rpm	1605219278106	1605219278338	OK	 
REQUEST		exec_rpm	1605219278357	1605219278589	OK	 
REQUEST		exec_rpm	1605219278609	1605219278829	OK	 
REQUEST		exec_rpm	1605219278860	1605219279114	OK	 
REQUEST		exec_rpm	1605219279127	1605219279374	OK	 
REQUEST		exec_rpm	1605219279380	1605219279607	OK	 
REQUEST		exec_rpm	1605219279632	1605219279862	OK	 
REQUEST		exec_rpm	1605219279882	1605219280095	OK	 
REQUEST		exec_rpm	1605219280086	1605219280294	OK	 
REQUEST		exec_rpm	1605219280287	1605219280531	OK	 
REQUEST		exec_rpm	1605219280491	1605219280738	OK	 
REQUEST		exec_rpm	1605219280694	1605219280889	OK	 
REQUEST		exec_rpm	1605219280886	1605219281127	OK	 
REQUEST		exec_rpm	1605219281106	1605219281325	OK	 
REQUEST		exec_rpm	1605219281306	1605219281541	OK	 
REQUEST		exec_rpm	1605219281512	1605219281757	OK	 
REQUEST		exec_rpm	1605219281715	1605219281977	OK	 
REQUEST		exec_rpm	1605219281906	1605219282149	OK	 
REQUEST		exec_rpm	1605219282126	1605219282345	OK	 
REQUEST		exec_rpm	1605219282330	1605219282553	OK	 
REQUEST		exec_rpm	1605219282533	1605219282790	OK	 
REQUEST		exec_rpm	1605219282734	1605219282956	OK	 
REQUEST		exec_rpm	1605219282926	1605219283133	OK	 
REQUEST		exec_rpm	1605219283146	1605219283318	OK	 
REQUEST		exec_rpm	1605219283348	1605219283571	OK	 
REQUEST		exec_rpm	1605219283552	1605219283766	OK	 
REQUEST		exec_rpm	1605219283753	1605219283963	OK	 
REQUEST		exec_rpm	1605219283946	1605219284181	OK	 
REQUEST		exec_rpm	1605219284166	1605219284423	OK	 
REQUEST		exec_rpm	1605219284368	1605219284624	OK	 
REQUEST		exec_rpm	1605219284574	1605219284815	OK	 
REQUEST		exec_rpm	1605219284766	1605219284983	OK	 
REQUEST		exec_rpm	1605219284967	1605219285219	OK	 
REQUEST		exec_rpm	1605219285186	1605219285413	OK	 
REQUEST		exec_rpm	1605219285387	1605219285594	OK	 
REQUEST		exec_rpm	1605219285591	1605219285818	OK	 
REQUEST		exec_rpm	1605219285795	1605219286007	OK	 
REQUEST		exec_rpm	1605219285986	1605219286237	OK	 
REQUEST		exec_rpm	1605219286206	1605219286461	OK	 
REQUEST		exec_rpm	1605219286406	1605219286655	OK	 
REQUEST		exec_rpm	1605219286606	1605219286824	OK	 
REQUEST		exec_rpm	1605219286812	1605219287020	OK	 
REQUEST		exec_rpm	1605219287015	1605219287233	OK	 
REQUEST		exec_rpm	1605219287218	1605219287441	OK	 
REQUEST		exec_rpm	1605219287419	1605219287626	OK	 
REQUEST		exec_rpm	1605219287622	1605219287855	OK	 
REQUEST		exec_rpm	1605219287826	1605219288040	OK	 
REQUEST		exec_rpm	1605219288016	1605219288234	OK	 
REQUEST		exec_rpm	1605219288206	1605219288459	OK	 
REQUEST		exec_rpm	1605219288380	1605219288610	OK	 
REQUEST		exec_rpm	1605219288536	1605219288775	OK	 
REQUEST		exec_rpm	1605219288706	1605219288905	OK	 
REQUEST		exec_rpm	1605219288876	1605219289089	OK	 
REQUEST		exec_rpm	1605219289036	1605219289246	OK	 
REQUEST		exec_rpm	1605219289234	1605219289457	OK	 
REQUEST		exec_rpm	1605219289396	1605219289613	OK	 
REQUEST		exec_rpm	1605219289563	1605219289793	OK	 
REQUEST		exec_rpm	1605219289736	1605219289946	OK	 
REQUEST		exec_rpm	1605219289907	1605219290130	OK	 
REQUEST		exec_rpm	1605219290061	1605219290305	OK	 
REQUEST		exec_rpm	1605219290246	1605219290468	OK	 
REQUEST		exec_rpm	1605219290419	1605219290630	OK	 
REQUEST		exec_rpm	1605219290576	1605219290800	OK	 
REQUEST		exec_rpm	1605219290746	1605219290960	OK	 
REQUEST		exec_rpm	1605219290916	1605219291169	OK	 
REQUEST		exec_rpm	1605219291087	1605219291315	OK	 
REQUEST		exec_rpm	1605219291448	1605219291690	OK	 
REQUEST		exec_rpm	1605219291276	1605219291850	OK	 
REQUEST		exec_rpm	1605219291606	1605219291858	OK	 
REQUEST		exec_rpm	1605219291776	1605219292009	OK	 
REQUEST		exec_rpm	1605219291946	1605219292154	OK	 
REQUEST		exec_rpm	1605219292106	1605219292355	OK	 
REQUEST		exec_rpm	1605219292302	1605219292552	OK	 
REQUEST		exec_rpm	1605219292474	1605219292698	OK	 
REQUEST		exec_rpm	1605219292629	1605219292892	OK	 
REQUEST		exec_rpm	1605219292803	1605219293026	OK	 
REQUEST		exec_rpm	1605219292973	1605219293208	OK	 
REQUEST		exec_rpm	1605219293129	1605219293387	OK	 
REQUEST		exec_rpm	1605219293316	1605219293525	OK	 
REQUEST		exec_rpm	1605219293487	1605219293738	OK	 
REQUEST		exec_rpm	1605219293646	1605219293915	OK	 
REQUEST		exec_rpm	1605219293818	1605219294094	OK	 
REQUEST		exec_rpm	1605219293989	1605219294255	OK	 
REQUEST		exec_rpm	1605219294147	1605219294393	OK	 
REQUEST		exec_rpm	1605219294336	1605219294546	OK	 
REQUEST		exec_rpm	1605219294506	1605219294716	OK	 
REQUEST		exec_rpm	1605219294676	1605219294950	OK	 
REQUEST		exec_rpm	1605219294847	1605219295101	OK	 
REQUEST		exec_rpm	1605219295006	1605219295229	OK	 
REQUEST		exec_rpm	1605219295166	1605219295407	OK	 
REQUEST		exec_rpm	1605219295336	1605219295567	OK	 
REQUEST		exec_rpm	1605219295476	1605219295734	OK	 
REQUEST		exec_rpm	1605219295616	1605219295834	OK	 
REQUEST		exec_rpm	1605219295773	1605219296018	OK	 
REQUEST		exec_rpm	1605219295912	1605219296174	OK	 
REQUEST		exec_rpm	1605219296053	1605219296270	OK	 
REQUEST		exec_rpm	1605219296193	1605219296426	OK	 
REQUEST		exec_rpm	1605219296348	1605219296599	OK	 
REQUEST		exec_rpm	1605219296488	1605219296725	OK	 
REQUEST		exec_rpm	1605219296629	1605219296935	OK	 
REQUEST		exec_rpm	1605219296783	1605219297000	OK	 
REQUEST		exec_rpm	1605219296920	1605219297149	OK	 
REQUEST		exec_rpm	1605219297060	1605219297304	OK	 
REQUEST		exec_rpm	1605219297201	1605219297425	OK	 
REQUEST		exec_rpm	1605219297369	1605219297610	OK	 
REQUEST		exec_rpm	1605219297507	1605219297743	OK	 
REQUEST		exec_rpm	1605219297647	1605219297863	OK	 
REQUEST		exec_rpm	1605219297803	1605219298015	OK	 
REQUEST		exec_rpm	1605219297942	1605219298169	OK	 
REQUEST		exec_rpm	1605219298080	1605219298288	OK	 
REQUEST		exec_rpm	1605219298221	1605219298488	OK	 
REQUEST		exec_rpm	1605219298377	1605219298634	OK	 
REQUEST		exec_rpm	1605219298518	1605219298745	OK	 
REQUEST		exec_rpm	1605219298658	1605219298876	OK	 
REQUEST		exec_rpm	1605219298812	1605219299046	OK	 
REQUEST		exec_rpm	1605219298952	1605219299194	OK	 
REQUEST		exec_rpm	1605219299092	1605219299327	OK	 
REQUEST		exec_rpm	1605219299233	1605219299473	OK	 
REQUEST		exec_rpm	1605219299389	1605219299582	OK	 
REQUEST		exec_rpm	1605219299532	1605219299760	OK	 
REQUEST		exec_rpm	1605219299673	1605219299927	OK	 
REQUEST		exec_rpm	1605219299816	1605219300031	OK	 
REQUEST		exec_rpm	1605219299956	1605219300192	OK	 
REQUEST		exec_rpm	1605219300096	1605219300313	OK	 
REQUEST		exec_rpm	1605219300237	1605219300455	OK	 
REQUEST		exec_rpm	1605219300408	1605219300714	OK	 
REQUEST		exec_rpm	1605219300549	1605219300781	OK	 
REQUEST		exec_rpm	1605219300691	1605219300930	OK	 
REQUEST		exec_rpm	1605219300846	1605219301087	OK	 
REQUEST		exec_rpm	1605219300985	1605219301230	OK	 
REQUEST		exec_rpm	1605219301256	1605219301485	OK	 
REQUEST		exec_rpm	1605219301116	1605219301602	OK	 
REQUEST		exec_rpm	1605219301426	1605219301678	OK	 
REQUEST		exec_rpm	1605219301566	1605219301826	OK	 
REQUEST		exec_rpm	1605219301706	1605219301937	OK	 
REQUEST		exec_rpm	1605219301861	1605219302120	OK	 
REQUEST		exec_rpm	1605219302001	1605219302232	OK	 
REQUEST		exec_rpm	1605219302141	1605219302394	OK	 
REQUEST		exec_rpm	1605219302280	1605219302503	OK	 
REQUEST		exec_rpm	1605219302435	1605219302688	OK	 
REQUEST		exec_rpm	1605219302546	1605219302774	OK	 
REQUEST		exec_rpm	1605219302684	1605219302939	OK	 
REQUEST		exec_rpm	1605219302796	1605219303043	OK	 
REQUEST		exec_rpm	1605219302935	1605219303150	OK	 
REQUEST		exec_rpm	1605219303046	1605219303255	OK	 
REQUEST		exec_rpm	1605219303186	1605219303413	OK	 
REQUEST		exec_rpm	1605219303296	1605219303548	OK	 
REQUEST		exec_rpm	1605219303451	1605219303664	OK	 
REQUEST		exec_rpm	1605219303576	1605219303824	OK	 
REQUEST		exec_rpm	1605219303700	1605219303953	OK	 
REQUEST		exec_rpm	1605219303826	1605219304070	OK	 
REQUEST		exec_rpm	1605219303952	1605219304156	OK	 
REQUEST		exec_rpm	1605219304066	1605219304291	OK	 
REQUEST		exec_rpm	1605219304202	1605219304449	OK	 
REQUEST		exec_rpm	1605219304316	1605219304561	OK	 
REQUEST		exec_rpm	1605219304469	1605219304700	OK	 
REQUEST		exec_rpm	1605219304592	1605219304798	OK	 
REQUEST		exec_rpm	1605219304718	1605219304970	OK	 
REQUEST		exec_rpm	1605219304844	1605219305056	OK	 
REQUEST		exec_rpm	1605219304968	1605219305210	OK	 
REQUEST		exec_rpm	1605219305091	1605219305374	OK	 
REQUEST		exec_rpm	1605219305216	1605219305479	OK	 
REQUEST		exec_rpm	1605219305341	1605219305552	OK	 
REQUEST		exec_rpm	1605219305495	1605219305750	OK	 
REQUEST		exec_rpm	1605219305606	1605219305855	OK	 
REQUEST		exec_rpm	1605219305745	1605219305956	OK	 
REQUEST		exec_rpm	1605219305856	1605219306126	OK	 
REQUEST		exec_rpm	1605219305996	1605219306223	OK	 
REQUEST		exec_rpm	1605219306106	1605219306319	OK	 
REQUEST		exec_rpm	1605219306247	1605219306472	OK	 
REQUEST		exec_rpm	1605219306356	1605219306576	OK	 
REQUEST		exec_rpm	1605219306512	1605219306736	OK	 
REQUEST		exec_rpm	1605219306626	1605219306836	OK	 
REQUEST		exec_rpm	1605219306762	1605219306994	OK	 
REQUEST		exec_rpm	1605219306885	1605219307104	OK	 
REQUEST		exec_rpm	1605219307010	1605219307242	OK	 
REQUEST		exec_rpm	1605219307133	1605219307387	OK	 
REQUEST		exec_rpm	1605219307257	1605219307472	OK	 
REQUEST		exec_rpm	1605219307382	1605219307612	OK	 
REQUEST		exec_rpm	1605219307520	1605219307756	OK	 
REQUEST		exec_rpm	1605219307645	1605219307878	OK	 
REQUEST		exec_rpm	1605219307770	1605219308028	OK	 
REQUEST		exec_rpm	1605219307896	1605219308110	OK	 
REQUEST		exec_rpm	1605219308021	1605219308264	OK	 
REQUEST		exec_rpm	1605219308146	1605219308389	OK	 
REQUEST		exec_rpm	1605219308269	1605219308524	OK	 
REQUEST		exec_rpm	1605219308394	1605219308631	OK	 
REQUEST		exec_rpm	1605219308534	1605219308763	OK	 
REQUEST		exec_rpm	1605219308646	1605219308893	OK	 
REQUEST		exec_rpm	1605219308783	1605219309037	OK	 
REQUEST		exec_rpm	1605219308896	1605219309088	OK	 
REQUEST		exec_rpm	1605219309035	1605219309283	OK	 
REQUEST		exec_rpm	1605219309146	1605219309364	OK	 
REQUEST		exec_rpm	1605219309276	1605219309506	OK	 
REQUEST		exec_rpm	1605219309397	1605219309609	OK	 
REQUEST		exec_rpm	1605219309538	1605219309750	OK	 
REQUEST		exec_rpm	1605219309648	1605219309855	OK	 
REQUEST		exec_rpm	1605219309758	1605219309971	OK	 
REQUEST		exec_rpm	1605219309866	1605219310087	OK	 
REQUEST		exec_rpm	1605219309976	1605219310191	OK	 
REQUEST		exec_rpm	1605219310086	1605219310314	OK	 
REQUEST		exec_rpm	1605219310196	1605219310426	OK	 
REQUEST		exec_rpm	1605219310306	1605219310557	OK	 
REQUEST		exec_rpm	1605219310416	1605219310645	OK	 
REQUEST		exec_rpm	1605219310556	1605219310779	OK	 
REQUEST		exec_rpm	1605219310666	1605219310902	OK	 
REQUEST		exec_rpm	1605219310776	1605219311063	OK	 
REQUEST		exec_rpm	1605219310886	1605219311104	OK	 
REQUEST		exec_rpm	1605219310996	1605219311269	OK	 
REQUEST		exec_rpm	1605219311106	1605219311322	OK	 
REQUEST		exec_rpm	1605219311216	1605219311399	OK	 
REQUEST		exec_rpm	1605219311321	1605219311546	OK	 
REQUEST		exec_rpm	1605219311446	1605219311693	OK	 
REQUEST		exec_rpm	1605219311571	1605219311780	OK	 
REQUEST		exec_rpm	1605219311696	1605219311913	OK	 
REQUEST		exec_rpm	1605219311806	1605219312057	OK	 
REQUEST		exec_rpm	1605219311916	1605219312128	OK	 
REQUEST		exec_rpm	1605219312026	1605219312266	OK	 
REQUEST		exec_rpm	1605219312145	1605219312398	OK	 
REQUEST		exec_rpm	1605219312252	1605219312446	OK	 
REQUEST		exec_rpm	1605219312363	1605219312604	OK	 
REQUEST		exec_rpm	1605219312446	1605219312679	OK	 
REQUEST		exec_rpm	1605219312586	1605219312835	OK	 
REQUEST		exec_rpm	1605219312696	1605219312938	OK	 
REQUEST		exec_rpm	1605219312806	1605219313042	OK	 
REQUEST		exec_rpm	1605219312926	1605219313157	OK	 
REQUEST		exec_rpm	1605219313033	1605219313335	OK	 
REQUEST		exec_rpm	1605219313142	1605219313385	OK	 
REQUEST		exec_rpm	1605219313252	1605219313509	OK	 
REQUEST		exec_rpm	1605219313362	1605219313624	OK	 
REQUEST		exec_rpm	1605219313471	1605219313711	OK	 
REQUEST		exec_rpm	1605219313612	1605219313853	OK	 
REQUEST		exec_rpm	1605219313720	1605219313946	OK	 
REQUEST		exec_rpm	1605219313829	1605219314057	OK	 
REQUEST		exec_rpm	1605219313938	1605219314157	OK	 
REQUEST		exec_rpm	1605219314046	1605219314300	OK	 
REQUEST		exec_rpm	1605219314156	1605219314339	OK	 
REQUEST		exec_rpm	1605219314266	1605219314506	OK	 
REQUEST		exec_rpm	1605219314376	1605219314587	OK	 
REQUEST		exec_rpm	1605219314486	1605219314741	OK	 
REQUEST		exec_rpm	1605219314626	1605219314845	OK	 
REQUEST		exec_rpm	1605219314736	1605219314968	OK	 
REQUEST		exec_rpm	1605219314846	1605219315106	OK	 
REQUEST		exec_rpm	1605219314956	1605219315202	OK	 
REQUEST		exec_rpm	1605219315066	1605219315306	OK	 
REQUEST		exec_rpm	1605219315176	1605219315383	OK	 
REQUEST		exec_rpm	1605219315286	1605219315532	OK	 
REQUEST		exec_rpm	1605219315394	1605219315641	OK	 
REQUEST		exec_rpm	1605219315506	1605219315724	OK	 
REQUEST		exec_rpm	1605219315646	1605219315916	OK	 
REQUEST		exec_rpm	1605219315756	1605219315955	OK	 
REQUEST		exec_rpm	1605219315866	1605219316086	OK	 
REQUEST		exec_rpm	1605219315976	1605219316224	OK	 
REQUEST		exec_rpm	1605219316086	1605219316310	OK	 
REQUEST		exec_rpm	1605219316196	1605219316410	OK	 
REQUEST		exec_rpm	1605219316306	1605219316545	OK	 
REQUEST		exec_rpm	1605219316416	1605219316632	OK	 
REQUEST		exec_rpm	1605219316526	1605219316753	OK	 
REQUEST		exec_rpm	1605219316646	1605219316880	OK	 
REQUEST		exec_rpm	1605219316753	1605219317006	OK	 
REQUEST		exec_rpm	1605219316846	1605219317082	OK	 
REQUEST		exec_rpm	1605219316953	1605219317198	OK	 
REQUEST		exec_rpm	1605219317048	1605219317256	OK	 
REQUEST		exec_rpm	1605219317146	1605219317351	OK	 
REQUEST		exec_rpm	1605219317253	1605219317487	OK	 
REQUEST		exec_rpm	1605219317347	1605219317590	OK	 
REQUEST		exec_rpm	1605219317456	1605219317698	OK	 
REQUEST		exec_rpm	1605219317549	1605219317769	OK	 
REQUEST		exec_rpm	1605219317671	1605219317915	OK	 
REQUEST		exec_rpm	1605219317766	1605219317984	OK	 
REQUEST		exec_rpm	1605219317872	1605219318084	OK	 
REQUEST		exec_rpm	1605219317967	1605219318187	OK	 
REQUEST		exec_rpm	1605219318077	1605219318307	OK	 
REQUEST		exec_rpm	1605219318171	1605219318397	OK	 
REQUEST		exec_rpm	1605219318266	1605219318493	OK	 
REQUEST		exec_rpm	1605219318359	1605219318588	OK	 
REQUEST		exec_rpm	1605219318468	1605219318742	OK	 
REQUEST		exec_rpm	1605219318576	1605219318791	OK	 
REQUEST		exec_rpm	1605219318683	1605219318925	OK	 
REQUEST		exec_rpm	1605219318776	1605219318996	OK	 
REQUEST		exec_rpm	1605219318884	1605219319145	OK	 
REQUEST		exec_rpm	1605219318979	1605219319202	OK	 
REQUEST		exec_rpm	1605219319076	1605219319339	OK	 
REQUEST		exec_rpm	1605219319183	1605219319417	OK	 
REQUEST		exec_rpm	1605219319276	1605219319513	OK	 
REQUEST		exec_rpm	1605219319386	1605219319618	OK	 
REQUEST		exec_rpm	1605219319493	1605219319740	OK	 
REQUEST		exec_rpm	1605219319585	1605219319789	OK	 
REQUEST		exec_rpm	1605219319692	1605219319922	OK	 
REQUEST		exec_rpm	1605219319786	1605219319995	OK	 
REQUEST		exec_rpm	1605219319896	1605219320106	OK	 
REQUEST		exec_rpm	1605219319989	1605219320203	OK	 
REQUEST		exec_rpm	1605219320086	1605219320352	OK	 
REQUEST		exec_rpm	1605219320191	1605219320398	OK	 
REQUEST		exec_rpm	1605219320286	1605219320517	OK	 
REQUEST		exec_rpm	1605219320406	1605219320629	OK	 
REQUEST		exec_rpm	1605219320516	1605219320745	OK	 
REQUEST		exec_rpm	1605219320594	1605219320815	OK	 
REQUEST		exec_rpm	1605219320702	1605219320933	OK	 
REQUEST		exec_rpm	1605219320797	1605219321072	OK	 
REQUEST		exec_rpm	1605219320904	1605219321157	OK	 
REQUEST		exec_rpm	1605219320998	1605219321249	OK	 
REQUEST		exec_rpm	1605219321096	1605219321340	OK	 
REQUEST		exec_rpm	1605219321203	1605219321434	OK	 
REQUEST		exec_rpm	1605219321297	1605219321510	OK	 
REQUEST		exec_rpm	1605219321422	1605219321617	OK	 
REQUEST		exec_rpm	1605219321516	1605219321788	OK	 
REQUEST		exec_rpm	1605219321596	1605219321814	OK	 
REQUEST		exec_rpm	1605219321718	1605219321981	OK	 
REQUEST		exec_rpm	1605219321816	1605219322077	OK	 
REQUEST		exec_rpm	1605219321923	1605219322142	OK	 
REQUEST		exec_rpm	1605219322017	1605219322219	OK	 
REQUEST		exec_rpm	1605219322126	1605219322345	OK	 
REQUEST		exec_rpm	1605219322219	1605219322465	OK	 
REQUEST		exec_rpm	1605219322316	1605219322525	OK	 
REQUEST		exec_rpm	1605219322406	1605219322649	OK	 
REQUEST		exec_rpm	1605219322516	1605219322766	OK	 
REQUEST		exec_rpm	1605219322627	1605219322830	OK	 
REQUEST		exec_rpm	1605219322749	1605219323013	OK	 
REQUEST		exec_rpm	1605219322846	1605219323070	OK	 
REQUEST		exec_rpm	1605219322953	1605219323179	OK	 
REQUEST		exec_rpm	1605219323048	1605219323309	OK	 
REQUEST		exec_rpm	1605219323157	1605219323405	OK	 
REQUEST		exec_rpm	1605219323250	1605219323462	OK	 
REQUEST		exec_rpm	1605219323346	1605219323606	OK	 
REQUEST		exec_rpm	1605219323450	1605219323701	OK	 
REQUEST		exec_rpm	1605219323559	1605219323805	OK	 
REQUEST		exec_rpm	1605219323654	1605219323895	OK	 
REQUEST		exec_rpm	1605219323761	1605219323976	OK	 
REQUEST		exec_rpm	1605219323856	1605219324082	OK	 
REQUEST		exec_rpm	1605219323961	1605219324205	OK	 
REQUEST		exec_rpm	1605219324056	1605219324280	OK	 
REQUEST		exec_rpm	1605219324165	1605219324384	OK	 
REQUEST		exec_rpm	1605219324260	1605219324497	OK	 
REQUEST		exec_rpm	1605219324356	1605219324578	OK	 
REQUEST		exec_rpm	1605219324476	1605219324710	OK	 
REQUEST		exec_rpm	1605219324570	1605219324794	OK	 
REQUEST		exec_rpm	1605219324663	1605219324891	OK	 
REQUEST		exec_rpm	1605219324756	1605219325019	OK	 
REQUEST		exec_rpm	1605219324865	1605219325092	OK	 
REQUEST		exec_rpm	1605219324946	1605219325211	OK	 
REQUEST		exec_rpm	1605219325039	1605219325285	OK	 
REQUEST		exec_rpm	1605219325132	1605219325381	OK	 
REQUEST		exec_rpm	1605219325226	1605219325452	OK	 
REQUEST		exec_rpm	1605219325306	1605219325540	OK	 
REQUEST		exec_rpm	1605219325415	1605219325664	OK	 
REQUEST		exec_rpm	1605219325496	1605219325740	OK	 
REQUEST		exec_rpm	1605219325602	1605219325814	OK	 
REQUEST		exec_rpm	1605219325666	1605219325888	OK	 
REQUEST		exec_rpm	1605219325776	1605219326020	OK	 
REQUEST		exec_rpm	1605219325884	1605219326118	OK	 
REQUEST		exec_rpm	1605219325966	1605219326195	OK	 
REQUEST		exec_rpm	1605219326056	1605219326285	OK	 
REQUEST		exec_rpm	1605219326149	1605219326368	OK	 
REQUEST		exec_rpm	1605219326241	1605219326440	OK	 
REQUEST		exec_rpm	1605219326332	1605219326547	OK	 
REQUEST		exec_rpm	1605219326411	1605219326686	OK	 
REQUEST		exec_rpm	1605219326503	1605219326725	OK	 
REQUEST		exec_rpm	1605219326597	1605219326817	OK	 
REQUEST		exec_rpm	1605219326692	1605219326966	OK	 
REQUEST		exec_rpm	1605219326786	1605219327016	OK	 
REQUEST		exec_rpm	1605219326894	1605219327105	OK	 
REQUEST		exec_rpm	1605219326976	1605219327191	OK	 
REQUEST		exec_rpm	1605219327067	1605219327288	OK	 
REQUEST		exec_rpm	1605219327162	1605219327411	OK	 
REQUEST		exec_rpm	1605219327254	1605219327513	OK	 
REQUEST		exec_rpm	1605219327336	1605219327603	OK	 
REQUEST		exec_rpm	1605219327426	1605219327674	OK	 
REQUEST		exec_rpm	1605219327537	1605219327777	OK	 
REQUEST		exec_rpm	1605219327616	1605219327869	OK	 
REQUEST		exec_rpm	1605219327696	1605219327918	OK	 
REQUEST		exec_rpm	1605219327806	1605219328015	OK	 
REQUEST		exec_rpm	1605219327911	1605219328134	OK	 
REQUEST		exec_rpm	1605219328004	1605219328241	OK	 
REQUEST		exec_rpm	1605219328096	1605219328318	OK	 
REQUEST		exec_rpm	1605219328176	1605219328392	OK	 
REQUEST		exec_rpm	1605219328268	1605219328496	OK	 
REQUEST		exec_rpm	1605219328361	1605219328568	OK	 
REQUEST		exec_rpm	1605219328452	1605219328687	OK	 
REQUEST		exec_rpm	1605219328545	1605219328775	OK	 
REQUEST		exec_rpm	1605219328626	1605219328866	OK	 
REQUEST		exec_rpm	1605219328720	1605219328935	OK	 
REQUEST		exec_rpm	1605219328829	1605219329049	OK	 
REQUEST		exec_rpm	1605219328926	1605219329180	OK	 
REQUEST		exec_rpm	1605219329017	1605219329243	OK	 
REQUEST		exec_rpm	1605219329109	1605219329331	OK	 
REQUEST		exec_rpm	1605219329205	1605219329451	OK	 
REQUEST		exec_rpm	1605219329286	1605219329525	OK	 
REQUEST		exec_rpm	1605219329376	1605219329598	OK	 
REQUEST		exec_rpm	1605219329468	1605219329713	OK	 
REQUEST		exec_rpm	1605219329566	1605219329803	OK	 
REQUEST		exec_rpm	1605219329654	1605219329874	OK	 
REQUEST		exec_rpm	1605219329736	1605219329967	OK	 
REQUEST		exec_rpm	1605219329846	1605219330071	OK	 
REQUEST		exec_rpm	1605219329951	1605219330166	OK	 
REQUEST		exec_rpm	1605219330045	1605219330246	OK	 
REQUEST		exec_rpm	1605219330126	1605219330372	OK	 
REQUEST		exec_rpm	1605219330216	1605219330471	OK	 
REQUEST		exec_rpm	1605219330308	1605219330534	OK	 
REQUEST		exec_rpm	1605219330402	1605219330615	OK	 
REQUEST		exec_rpm	1605219330479	1605219330695	OK	 
REQUEST		exec_rpm	1605219330557	1605219330833	OK	 
REQUEST		exec_rpm	1605219330666	1605219330881	OK	 
REQUEST		exec_rpm	1605219330759	1605219330983	OK	 
REQUEST		exec_rpm	1605219330868	1605219331100	OK	 
REQUEST		exec_rpm	1605219330975	1605219331235	OK	 
REQUEST		exec_rpm	1605219331056	1605219331278	OK	 
REQUEST		exec_rpm	1605219331146	1605219331376	OK	 
REQUEST		exec_rpm	1605219331239	1605219331476	OK	 
REQUEST		exec_rpm	1605219331332	1605219331561	OK	 
REQUEST		exec_rpm	1605219331416	1605219331639	OK	 
REQUEST		exec_rpm	1605219331506	1605219331715	OK	 
REQUEST		exec_rpm	1605219331586	1605219331826	OK	 
REQUEST		exec_rpm	1605219331693	1605219331922	OK	 
REQUEST		exec_rpm	1605219331786	1605219332024	OK	 
REQUEST		exec_rpm	1605219331879	1605219332086	OK	 
REQUEST		exec_rpm	1605219331957	1605219332151	OK	 
REQUEST		exec_rpm	1605219332036	1605219332257	OK	 
REQUEST		exec_rpm	1605219332130	1605219332325	OK	 
REQUEST		exec_rpm	1605219332208	1605219332443	OK	 
REQUEST		exec_rpm	1605219332287	1605219332488	OK	 
REQUEST		exec_rpm	1605219332380	1605219332640	OK	 
REQUEST		exec_rpm	1605219332473	1605219332709	OK	 
REQUEST		exec_rpm	1605219332565	1605219332825	OK	 
REQUEST		exec_rpm	1605219332644	1605219332851	OK	 
REQUEST		exec_rpm	1605219332726	1605219332968	OK	 
REQUEST		exec_rpm	1605219332786	1605219333081	OK	 
REQUEST		exec_rpm	1605219332896	1605219333161	OK	 
REQUEST		exec_rpm	1605219332976	1605219333205	OK	 
REQUEST		exec_rpm	1605219333063	1605219333306	OK	 
REQUEST		exec_rpm	1605219333146	1605219333367	OK	 
REQUEST		exec_rpm	1605219333226	1605219333445	OK	 
REQUEST		exec_rpm	1605219333315	1605219333540	OK	 
REQUEST		exec_rpm	1605219333392	1605219333612	OK	 
REQUEST		exec_rpm	1605219333483	1605219333746	OK	 
REQUEST		exec_rpm	1605219333546	1605219333758	OK	 
REQUEST		exec_rpm	1605219333640	1605219333868	OK	 
REQUEST		exec_rpm	1605219333734	1605219333961	OK	 
REQUEST		exec_rpm	1605219333814	1605219334066	OK	 
REQUEST		exec_rpm	1605219333907	1605219334128	OK	 
REQUEST		exec_rpm	1605219333986	1605219334218	OK	 
REQUEST		exec_rpm	1605219334077	1605219334290	OK	 
REQUEST		exec_rpm	1605219334156	1605219334407	OK	 
REQUEST		exec_rpm	1605219334236	1605219334424	OK	 
REQUEST		exec_rpm	1605219334325	1605219334573	OK	 
REQUEST		exec_rpm	1605219334406	1605219334657	OK	 
REQUEST		exec_rpm	1605219334496	1605219334731	OK	 
REQUEST		exec_rpm	1605219334590	1605219334789	OK	 
REQUEST		exec_rpm	1605219334668	1605219334898	OK	 
REQUEST		exec_rpm	1605219334761	1605219334988	OK	 
REQUEST		exec_rpm	1605219334822	1605219335047	OK	 
REQUEST		exec_rpm	1605219334916	1605219335137	OK	 
REQUEST		exec_rpm	1605219334996	1605219335241	OK	 
REQUEST		exec_rpm	1605219335086	1605219335325	OK	 
REQUEST		exec_rpm	1605219335166	1605219335390	OK	 
REQUEST		exec_rpm	1605219335246	1605219335486	OK	 
REQUEST		exec_rpm	1605219335326	1605219335553	OK	 
REQUEST		exec_rpm	1605219335416	1605219335652	OK	 
REQUEST		exec_rpm	1605219335496	1605219335700	OK	 
REQUEST		exec_rpm	1605219335586	1605219335801	OK	 
REQUEST		exec_rpm	1605219335666	1605219335891	OK	 
REQUEST		exec_rpm	1605219335773	1605219336016	OK	 
REQUEST		exec_rpm	1605219335837	1605219336087	OK	 
REQUEST		exec_rpm	1605219335946	1605219336200	OK	 
REQUEST		exec_rpm	1605219336026	1605219336260	OK	 
REQUEST		exec_rpm	1605219336106	1605219336333	OK	 
REQUEST		exec_rpm	1605219336196	1605219336456	OK	 
REQUEST		exec_rpm	1605219336276	1605219336485	OK	 
REQUEST		exec_rpm	1605219336356	1605219336563	OK	 
REQUEST		exec_rpm	1605219336446	1605219336678	OK	 
REQUEST		exec_rpm	1605219336526	1605219336751	OK	 
REQUEST		exec_rpm	1605219336615	1605219336844	OK	 
REQUEST		exec_rpm	1605219336696	1605219336939	OK	 
REQUEST		exec_rpm	1605219336784	1605219337020	OK	 
REQUEST		exec_rpm	1605219336861	1605219337117	OK	 
REQUEST		exec_rpm	1605219336956	1605219337179	OK	 
REQUEST		exec_rpm	1605219337036	1605219337255	OK	 
REQUEST		exec_rpm	1605219337126	1605219337412	OK	 
REQUEST		exec_rpm	1605219337206	1605219337442	OK	 
REQUEST		exec_rpm	1605219337286	1605219337538	OK	 
REQUEST		exec_rpm	1605219337375	1605219337662	OK	 
REQUEST		exec_rpm	1605219337456	1605219337717	OK	 
REQUEST		exec_rpm	1605219337546	1605219337784	OK	 
REQUEST		exec_rpm	1605219337641	1605219337885	OK	 
REQUEST		exec_rpm	1605219337706	1605219337934	OK	 
REQUEST		exec_rpm	1605219337797	1605219338030	OK	 
REQUEST		exec_rpm	1605219337876	1605219338115	OK	 
REQUEST		exec_rpm	1605219337971	1605219338217	OK	 
REQUEST		exec_rpm	1605219338046	1605219338255	OK	 
REQUEST		exec_rpm	1605219338126	1605219338405	OK	 
REQUEST		exec_rpm	1605219338217	1605219338446	OK	 
REQUEST		exec_rpm	1605219338296	1605219338570	OK	 
REQUEST		exec_rpm	1605219338376	1605219338641	OK	 
REQUEST		exec_rpm	1605219338481	1605219338692	OK	 
REQUEST		exec_rpm	1605219338557	1605219338804	OK	 
REQUEST		exec_rpm	1605219338636	1605219338845	OK	 
REQUEST		exec_rpm	1605219338729	1605219338970	OK	 
REQUEST		exec_rpm	1605219338821	1605219339061	OK	 
REQUEST		exec_rpm	1605219338884	1605219339075	OK	 
REQUEST		exec_rpm	1605219338966	1605219339198	OK	 
REQUEST		exec_rpm	1605219339055	1605219339275	OK	 
REQUEST		exec_rpm	1605219339117	1605219339329	OK	 
REQUEST		exec_rpm	1605219339196	1605219339397	OK	 
REQUEST		exec_rpm	1605219339276	1605219339513	OK	 
REQUEST		exec_rpm	1605219339356	1605219339583	OK	 
REQUEST		exec_rpm	1605219339431	1605219339683	OK	 
REQUEST		exec_rpm	1605219339525	1605219339749	OK	 
REQUEST		exec_rpm	1605219339602	1605219339832	OK	 
REQUEST		exec_rpm	1605219339680	1605219339913	OK	 
REQUEST		exec_rpm	1605219339758	1605219339968	OK	 
REQUEST		exec_rpm	1605219339819	1605219340039	OK	 
REQUEST		exec_rpm	1605219339896	1605219340110	OK	 
REQUEST		exec_rpm	1605219340006	1605219340241	OK	 
REQUEST		exec_rpm	1605219340084	1605219340321	OK	 
REQUEST		exec_rpm	1605219340148	1605219340439	OK	 
REQUEST		exec_rpm	1605219340226	1605219340456	OK	 
REQUEST		exec_rpm	1605219340306	1605219340541	OK	 
REQUEST		exec_rpm	1605219340396	1605219340638	OK	 
REQUEST		exec_rpm	1605219340446	1605219340658	OK	 
REQUEST		exec_rpm	1605219340533	1605219340744	OK	 
REQUEST		exec_rpm	1605219340611	1605219340843	OK	 
REQUEST		exec_rpm	1605219340676	1605219340896	OK	 
REQUEST		exec_rpm	1605219340782	1605219341028	OK	 
REQUEST		exec_rpm	1605219340843	1605219341068	OK	 
REQUEST		exec_rpm	1605219340920	1605219341151	OK	 
REQUEST		exec_rpm	1605219341016	1605219341268	OK	 
REQUEST		exec_rpm	1605219341104	1605219341376	OK	 
REQUEST		exec_rpm	1605219341166	1605219341403	OK	 
REQUEST		exec_rpm	1605219341246	1605219341459	OK	 
REQUEST		exec_rpm	1605219341326	1605219341592	OK	 
REQUEST		exec_rpm	1605219341406	1605219341645	OK	 
REQUEST		exec_rpm	1605219341480	1605219341704	OK	 
REQUEST		exec_rpm	1605219341559	1605219341787	OK	 
REQUEST		exec_rpm	1605219341626	1605219341856	OK	 
REQUEST		exec_rpm	1605219341715	1605219341970	OK	 
REQUEST		exec_rpm	1605219341792	1605219342020	OK	 
REQUEST		exec_rpm	1605219341870	1605219342139	OK	 
REQUEST		exec_rpm	1605219341936	1605219342157	OK	 
REQUEST		exec_rpm	1605219342040	1605219342302	OK	 
REQUEST		exec_rpm	1605219342118	1605219342339	OK	 
REQUEST		exec_rpm	1605219342195	1605219342417	OK	 
REQUEST		exec_rpm	1605219342271	1605219342513	OK	 
REQUEST		exec_rpm	1605219342348	1605219342583	OK	 
REQUEST		exec_rpm	1605219342427	1605219342655	OK	 
REQUEST		exec_rpm	1605219342504	1605219342715	OK	 
REQUEST		exec_rpm	1605219342566	1605219342826	OK	 
REQUEST		exec_rpm	1605219342646	1605219342878	OK	 
REQUEST		exec_rpm	1605219342721	1605219342938	OK	 
REQUEST		exec_rpm	1605219342786	1605219343012	OK	 
REQUEST		exec_rpm	1605219342876	1605219343104	OK	 
REQUEST		exec_rpm	1605219342956	1605219343167	OK	 
REQUEST		exec_rpm	1605219343062	1605219343303	OK	 
REQUEST		exec_rpm	1605219343142	1605219343379	OK	 
REQUEST		exec_rpm	1605219343206	1605219343455	OK	 
REQUEST		exec_rpm	1605219343286	1605219343529	OK	 
REQUEST		exec_rpm	1605219343376	1605219343599	OK	 
REQUEST		exec_rpm	1605219343454	1605219343668	OK	 
REQUEST		exec_rpm	1605219343516	1605219343728	OK	 
REQUEST		exec_rpm	1605219343579	1605219343805	OK	 
REQUEST		exec_rpm	1605219343671	1605219343929	OK	 
REQUEST		exec_rpm	1605219343736	1605219343956	OK	 
REQUEST		exec_rpm	1605219343816	1605219344024	OK	 
REQUEST		exec_rpm	1605219343907	1605219344151	OK	 
REQUEST		exec_rpm	1605219343985	1605219344197	OK	 
REQUEST		exec_rpm	1605219344066	1605219344290	OK	 
REQUEST		exec_rpm	1605219344146	1605219344373	OK	 
REQUEST		exec_rpm	1605219344220	1605219344437	OK	 
REQUEST		exec_rpm	1605219344297	1605219344506	OK	 
REQUEST		exec_rpm	1605219344376	1605219344608	OK	 
REQUEST		exec_rpm	1605219344456	1605219344676	OK	 
REQUEST		exec_rpm	1605219344530	1605219344799	OK	 
REQUEST		exec_rpm	1605219344622	1605219344873	OK	 
REQUEST		exec_rpm	1605219344700	1605219344907	OK	 
REQUEST		exec_rpm	1605219344776	1605219345000	OK	 
REQUEST		exec_rpm	1605219344856	1605219345088	OK	 
REQUEST		exec_rpm	1605219344916	1605219345133	OK	 
REQUEST		exec_rpm	1605219344991	1605219345222	OK	 
REQUEST		exec_rpm	1605219345084	1605219345298	OK	 
REQUEST		exec_rpm	1605219345162	1605219345406	OK	 
REQUEST		exec_rpm	1605219345226	1605219345461	OK	 
REQUEST		exec_rpm	1605219345306	1605219345549	OK	 
REQUEST		exec_rpm	1605219345395	1605219345634	OK	 
REQUEST		exec_rpm	1605219345472	1605219345725	OK	 
REQUEST		exec_rpm	1605219345550	1605219345781	OK	 
REQUEST		exec_rpm	1605219345627	1605219345839	OK	 
REQUEST		exec_rpm	1605219345704	1605219345917	OK	 
REQUEST		exec_rpm	1605219345766	1605219346001	OK	 
REQUEST		exec_rpm	1605219345846	1605219346047	OK	 
REQUEST		exec_rpm	1605219345926	1605219346148	OK	 
REQUEST		exec_rpm	1605219346000	1605219346227	OK	 
REQUEST		exec_rpm	1605219346096	1605219346309	OK	 
REQUEST		exec_rpm	1605219346169	1605219346416	OK	 
REQUEST		exec_rpm	1605219346236	1605219346461	OK	 
REQUEST		exec_rpm	1605219346310	1605219346518	OK	 
REQUEST		exec_rpm	1605219346376	1605219346586	OK	 
REQUEST		exec_rpm	1605219346452	1605219346681	OK	 
REQUEST		exec_rpm	1605219346516	1605219346736	OK	 
REQUEST		exec_rpm	1605219346596	1605219346805	OK	 
REQUEST		exec_rpm	1605219346656	1605219346866	OK	 
REQUEST		exec_rpm	1605219346734	1605219346956	OK	 
REQUEST		exec_rpm	1605219346796	1605219347032	OK	 
REQUEST		exec_rpm	1605219346873	1605219347051	OK	 
REQUEST		exec_rpm	1605219346948	1605219347191	OK	 
REQUEST		exec_rpm	1605219347026	1605219347232	OK	 
REQUEST		exec_rpm	1605219347106	1605219347349	OK	 
REQUEST		exec_rpm	1605219347179	1605219347441	OK	 
REQUEST		exec_rpm	1605219347246	1605219347527	OK	 
REQUEST		exec_rpm	1605219347319	1605219347537	OK	 
REQUEST		exec_rpm	1605219347386	1605219347635	OK	 
REQUEST		exec_rpm	1605219347460	1605219347660	OK	 
REQUEST		exec_rpm	1605219347551	1605219347794	OK	 
REQUEST		exec_rpm	1605219347616	1605219347832	OK	 
REQUEST		exec_rpm	1605219347677	1605219347935	OK	 
REQUEST		exec_rpm	1605219347756	1605219347961	OK	 
REQUEST		exec_rpm	1605219347834	1605219348092	OK	 
REQUEST		exec_rpm	1605219347896	1605219348112	OK	 
REQUEST		exec_rpm	1605219347976	1605219348190	OK	 
REQUEST		exec_rpm	1605219348037	1605219348260	OK	 
REQUEST		exec_rpm	1605219348147	1605219348386	OK	 
REQUEST		exec_rpm	1605219348208	1605219348434	OK	 
REQUEST		exec_rpm	1605219348285	1605219348485	OK	 
REQUEST		exec_rpm	1605219348347	1605219348557	OK	 
REQUEST		exec_rpm	1605219348424	1605219348640	OK	 
REQUEST		exec_rpm	1605219348487	1605219348708	OK	 
REQUEST		exec_rpm	1605219348565	1605219348797	OK	 
REQUEST		exec_rpm	1605219348616	1605219348848	OK	 
REQUEST		exec_rpm	1605219348690	1605219348921	OK	 
REQUEST		exec_rpm	1605219348782	1605219349004	OK	 
REQUEST		exec_rpm	1605219348845	1605219349061	OK	 
REQUEST		exec_rpm	1605219348907	1605219349130	OK	 
REQUEST		exec_rpm	1605219348985	1605219349233	OK	 
REQUEST		exec_rpm	1605219349064	1605219349312	OK	 
REQUEST		exec_rpm	1605219349146	1605219349370	OK	 
REQUEST		exec_rpm	1605219349220	1605219349445	OK	 
REQUEST		exec_rpm	1605219349286	1605219349507	OK	 
REQUEST		exec_rpm	1605219349361	1605219349603	OK	 
REQUEST		exec_rpm	1605219349426	1605219349690	OK	 
REQUEST		exec_rpm	1605219349500	1605219349703	OK	 
REQUEST		exec_rpm	1605219349566	1605219349792	OK	 
REQUEST		exec_rpm	1605219349657	1605219349897	OK	 
REQUEST		exec_rpm	1605219349721	1605219349938	OK	 
REQUEST		exec_rpm	1605219349786	1605219350051	OK	 
REQUEST		exec_rpm	1605219349875	1605219350136	OK	 
REQUEST		exec_rpm	1605219349938	1605219350142	OK	 
REQUEST		exec_rpm	1605219350015	1605219350279	OK	 
REQUEST		exec_rpm	1605219350066	1605219350327	OK	 
REQUEST		exec_rpm	1605219350171	1605219350411	OK	 
REQUEST		exec_rpm	1605219350236	1605219350451	OK	 
REQUEST		exec_rpm	1605219350312	1605219350528	OK	 
REQUEST		exec_rpm	1605219350376	1605219350597	OK	 
REQUEST		exec_rpm	1605219350452	1605219350678	OK	 
REQUEST		exec_rpm	1605219350516	1605219350721	OK	 
REQUEST		exec_rpm	1605219350578	1605219350847	OK	 
REQUEST		exec_rpm	1605219350656	1605219350860	OK	 
REQUEST		exec_rpm	1605219350717	1605219350931	OK	 
REQUEST		exec_rpm	1605219350796	1605219351014	OK	 
REQUEST		exec_rpm	1605219350873	1605219351100	OK	 
REQUEST		exec_rpm	1605219350936	1605219351187	OK	 
REQUEST		exec_rpm	1605219351012	1605219351258	OK	 
REQUEST		exec_rpm	1605219351090	1605219351324	OK	 
REQUEST		exec_rpm	1605219351186	1605219351426	OK	 
REQUEST		exec_rpm	1605219351261	1605219351466	OK	 
REQUEST		exec_rpm	1605219351326	1605219351574	OK	 
REQUEST		exec_rpm	1605219351402	1605219351653	OK	 
REQUEST		exec_rpm	1605219351466	1605219351727	OK	 
REQUEST		exec_rpm	1605219351543	1605219351788	OK	 
REQUEST		exec_rpm	1605219351604	1605219351842	OK	 
REQUEST		exec_rpm	1605219351696	1605219351943	OK	 
REQUEST		exec_rpm	1605219351747	1605219351960	OK	 
REQUEST		exec_rpm	1605219351807	1605219352055	OK	 
REQUEST		exec_rpm	1605219351886	1605219352118	OK	 
REQUEST		exec_rpm	1605219351966	1605219352211	OK	 
REQUEST		exec_rpm	1605219352026	1605219352274	OK	 
REQUEST		exec_rpm	1605219352106	1605219352336	OK	 
REQUEST		exec_rpm	1605219352210	1605219352449	OK	 
REQUEST		exec_rpm	1605219352276	1605219352493	OK	 
REQUEST		exec_rpm	1605219352350	1605219352614	OK	 
REQUEST		exec_rpm	1605219352427	1605219352664	OK	 
REQUEST		exec_rpm	1605219352488	1605219352709	OK	 
REQUEST		exec_rpm	1605219352564	1605219352830	OK	 
REQUEST		exec_rpm	1605219352627	1605219352889	OK	 
REQUEST		exec_rpm	1605219352704	1605219352936	OK	 
REQUEST		exec_rpm	1605219352756	1605219352958	OK	 
REQUEST		exec_rpm	1605219352846	1605219353072	OK	 
REQUEST		exec_rpm	1605219352923	1605219353188	OK	 
REQUEST		exec_rpm	1605219352984	1605219353217	OK	 
REQUEST		exec_rpm	1605219353046	1605219353308	OK	 
REQUEST		exec_rpm	1605219353126	1605219353349	OK	 
REQUEST		exec_rpm	1605219353220	1605219353432	OK	 
REQUEST		exec_rpm	1605219353286	1605219353509	OK	 
REQUEST		exec_rpm	1605219353346	1605219353584	OK	 
REQUEST		exec_rpm	1605219353424	1605219353648	OK	 
REQUEST		exec_rpm	1605219353486	1605219353764	OK	 
REQUEST		exec_rpm	1605219353547	1605219353817	OK	 
REQUEST		exec_rpm	1605219353624	1605219353878	OK	 
REQUEST		exec_rpm	1605219353687	1605219353941	OK	 
REQUEST		exec_rpm	1605219353736	1605219353974	OK	 
REQUEST		exec_rpm	1605219353825	1605219354074	OK	 
REQUEST		exec_rpm	1605219353876	1605219354111	OK	 
REQUEST		exec_rpm	1605219353948	1605219354192	OK	 
REQUEST		exec_rpm	1605219354010	1605219354195	OK	 
REQUEST		exec_rpm	1605219354076	1605219354286	OK	 
REQUEST		exec_rpm	1605219354152	1605219354369	OK	 
REQUEST		exec_rpm	1605219354229	1605219354466	OK	 
REQUEST		exec_rpm	1605219354296	1605219354527	OK	 
REQUEST		exec_rpm	1605219354356	1605219354597	OK	 
REQUEST		exec_rpm	1605219354433	1605219354688	OK	 
REQUEST		exec_rpm	1605219354496	1605219354731	OK	 
REQUEST		exec_rpm	1605219354557	1605219354788	OK	 
REQUEST		exec_rpm	1605219354636	1605219354867	OK	 
REQUEST		exec_rpm	1605219354697	1605219354897	OK	 
REQUEST		exec_rpm	1605219354775	1605219354975	OK	 
REQUEST		exec_rpm	1605219354826	1605219355058	OK	 
REQUEST		exec_rpm	1605219354916	1605219355182	OK	 
REQUEST		exec_rpm	1605219354977	1605219355222	OK	 
REQUEST		exec_rpm	1605219355039	1605219355307	OK	 
REQUEST		exec_rpm	1605219355106	1605219355354	OK	 
REQUEST		exec_rpm	1605219355166	1605219355407	OK	 
REQUEST		exec_rpm	1605219355257	1605219355504	OK	 
REQUEST		exec_rpm	1605219355336	1605219355553	OK	 
REQUEST		exec_rpm	1605219355386	1605219355591	OK	 
REQUEST		exec_rpm	1605219355461	1605219355696	OK	 
REQUEST		exec_rpm	1605219355526	1605219355761	OK	 
REQUEST		exec_rpm	1605219355587	1605219355776	OK	 
REQUEST		exec_rpm	1605219355648	1605219355916	OK	 
REQUEST		exec_rpm	1605219355726	1605219355975	OK	 
REQUEST		exec_rpm	1605219355776	1605219356013	OK	 
REQUEST		exec_rpm	1605219355854	1605219356052	OK	 
REQUEST		exec_rpm	1605219355916	1605219356134	OK	 
REQUEST		exec_rpm	1605219355990	1605219356237	OK	 
REQUEST		exec_rpm	1605219356056	1605219356262	OK	 
REQUEST		exec_rpm	1605219356129	1605219356379	OK	 
REQUEST		exec_rpm	1605219356177	1605219356422	OK	 
REQUEST		exec_rpm	1605219356270	1605219356484	OK	 
REQUEST		exec_rpm	1605219356336	1605219356566	OK	 
REQUEST		exec_rpm	1605219356396	1605219356619	OK	 
REQUEST		exec_rpm	1605219356471	1605219356713	OK	 
REQUEST		exec_rpm	1605219356536	1605219356753	OK	 
REQUEST		exec_rpm	1605219356596	1605219356826	OK	 
REQUEST		exec_rpm	1605219356658	1605219356921	OK	 
REQUEST		exec_rpm	1605219356736	1605219356953	OK	 
REQUEST		exec_rpm	1605219356799	1605219357031	OK	 
REQUEST		exec_rpm	1605219356861	1605219357091	OK	 
REQUEST		exec_rpm	1605219356926	1605219357195	OK	 
REQUEST		exec_rpm	1605219357013	1605219357270	OK	 
REQUEST		exec_rpm	1605219357075	1605219357329	OK	 
REQUEST		exec_rpm	1605219357136	1605219357385	OK	 
REQUEST		exec_rpm	1605219357198	1605219357414	OK	 
REQUEST		exec_rpm	1605219357289	1605219357509	OK	 
REQUEST		exec_rpm	1605219357365	1605219357626	OK	 
REQUEST		exec_rpm	1605219357425	1605219357661	OK	 
REQUEST		exec_rpm	1605219357486	1605219357724	OK	 
REQUEST		exec_rpm	1605219357564	1605219357843	OK	 
REQUEST		exec_rpm	1605219357616	1605219357847	OK	 
REQUEST		exec_rpm	1605219357676	1605219357926	OK	 
REQUEST		exec_rpm	1605219357753	1605219357963	OK	 
REQUEST		exec_rpm	1605219357816	1605219358058	OK	 
REQUEST		exec_rpm	1605219357893	1605219358109	OK	 
REQUEST		exec_rpm	1605219357957	1605219358177	OK	 
REQUEST		exec_rpm	1605219358017	1605219358250	OK	 
REQUEST		exec_rpm	1605219358096	1605219358321	OK	 
REQUEST		exec_rpm	1605219358142	1605219358377	OK	 
REQUEST		exec_rpm	1605219358219	1605219358465	OK	 
REQUEST		exec_rpm	1605219358311	1605219358542	OK	 
REQUEST		exec_rpm	1605219358376	1605219358599	OK	 
REQUEST		exec_rpm	1605219358436	1605219358681	OK	 
REQUEST		exec_rpm	1605219358513	1605219358752	OK	 
REQUEST		exec_rpm	1605219358576	1605219358810	OK	 
REQUEST		exec_rpm	1605219358637	1605219358847	OK	 
REQUEST		exec_rpm	1605219358713	1605219358978	OK	 
REQUEST		exec_rpm	1605219358776	1605219358996	OK	 
REQUEST		exec_rpm	1605219358851	1605219359083	OK	 
REQUEST		exec_rpm	1605219358898	1605219359144	OK	 
REQUEST		exec_rpm	1605219358961	1605219359160	OK	 
REQUEST		exec_rpm	1605219359026	1605219359282	OK	 
REQUEST		exec_rpm	1605219359102	1605219359358	OK	 
REQUEST		exec_rpm	1605219359166	1605219359399	OK	 
REQUEST		exec_rpm	1605219359241	1605219359466	OK	 
REQUEST		exec_rpm	1605219359319	1605219359549	OK	 
REQUEST		exec_rpm	1605219359396	1605219359636	OK	 
REQUEST		exec_rpm	1605219359446	1605219359676	OK	 
REQUEST		exec_rpm	1605219359522	1605219359731	OK	 
REQUEST		exec_rpm	1605219359586	1605219359852	OK	 
REQUEST		exec_rpm	1605219359649	1605219359881	OK	 
REQUEST		exec_rpm	1605219359727	1605219359956	OK	 
REQUEST		exec_rpm	1605219359789	1605219360035	OK	 
REQUEST		exec_rpm	1605219359866	1605219360087	OK	 
REQUEST		exec_rpm	1605219359927	1605219360169	OK	 
REQUEST		exec_rpm	1605219359990	1605219360208	OK	 
REQUEST		exec_rpm	1605219360068	1605219360272	OK	 
REQUEST		exec_rpm	1605219360130	1605219360368	OK	 
REQUEST		exec_rpm	1605219360196	1605219360442	OK	 
REQUEST		exec_rpm	1605219360254	1605219360528	OK	 
REQUEST		exec_rpm	1605219360332	1605219360540	OK	 
REQUEST		exec_rpm	1605219360456	1605219360661	OK	 
REQUEST		exec_rpm	1605219360396	1605219360674	OK	 
REQUEST		exec_rpm	1605219360532	1605219360819	OK	 
REQUEST		exec_rpm	1605219360596	1605219360882	OK	 
REQUEST		exec_rpm	1605219360656	1605219360966	OK	 
REQUEST		exec_rpm	1605219360736	1605219361039	OK	 
REQUEST		exec_rpm	1605219360876	1605219361081	OK	 
REQUEST		exec_rpm	1605219360809	1605219361091	OK	 
REQUEST		exec_rpm	1605219360936	1605219361179	OK	 
REQUEST		exec_rpm	1605219361011	1605219361277	OK	 
REQUEST		exec_rpm	1605219361076	1605219361301	OK	 
REQUEST		exec_rpm	1605219361136	1605219361385	OK	 
REQUEST		exec_rpm	1605219361199	1605219361466	OK	 
REQUEST		exec_rpm	1605219361262	1605219361527	OK	 
REQUEST		exec_rpm	1605219361336	1605219361558	OK	 
REQUEST		exec_rpm	1605219361398	1605219361621	OK	 
REQUEST		exec_rpm	1605219361459	1605219361694	OK	 
REQUEST		exec_rpm	1605219361521	1605219361748	OK	 
REQUEST		exec_rpm	1605219361586	1605219361831	OK	 
REQUEST		exec_rpm	1605219361659	1605219361888	OK	 
REQUEST		exec_rpm	1605219361721	1605219361970	OK	 
REQUEST		exec_rpm	1605219361767	1605219362021	OK	 
REQUEST		exec_rpm	1605219361844	1605219362052	OK	 
REQUEST		exec_rpm	1605219361906	1605219362116	OK	 
REQUEST		exec_rpm	1605219361967	1605219362209	OK	 
REQUEST		exec_rpm	1605219362045	1605219362298	OK	 
REQUEST		exec_rpm	1605219362091	1605219362341	OK	 
REQUEST		exec_rpm	1605219362153	1605219362374	OK	 
REQUEST		exec_rpm	1605219362216	1605219362454	OK	 
REQUEST		exec_rpm	1605219362275	1605219362479	OK	 
REQUEST		exec_rpm	1605219362354	1605219362570	OK	 
REQUEST		exec_rpm	1605219362415	1605219362719	OK	 
REQUEST		exec_rpm	1605219362466	1605219362724	OK	 
REQUEST		exec_rpm	1605219362526	1605219362765	OK	 
REQUEST		exec_rpm	1605219362600	1605219362862	OK	 
REQUEST		exec_rpm	1605219362677	1605219362955	OK	 
REQUEST		exec_rpm	1605219362738	1605219362994	OK	 
REQUEST		exec_rpm	1605219362861	1605219363066	OK	 
REQUEST		exec_rpm	1605219362799	1605219363070	OK	 
REQUEST		exec_rpm	1605219362926	1605219363148	OK	 
REQUEST		exec_rpm	1605219362986	1605219363197	OK	 
REQUEST		exec_rpm	1605219363046	1605219363319	OK	 
REQUEST		exec_rpm	1605219363096	1605219363351	OK	 
REQUEST		exec_rpm	1605219363170	1605219363352	OK	 
REQUEST		exec_rpm	1605219363232	1605219363426	OK	 
REQUEST		exec_rpm	1605219363279	1605219363526	OK	 
REQUEST		exec_rpm	1605219363371	1605219363621	OK	 
REQUEST		exec_rpm	1605219363432	1605219363658	OK	 
REQUEST		exec_rpm	1605219363493	1605219363717	OK	 
REQUEST		exec_rpm	1605219363556	1605219363784	OK	 
REQUEST		exec_rpm	1605219363617	1605219363852	OK	 
REQUEST		exec_rpm	1605219363666	1605219363926	OK	 
REQUEST		exec_rpm	1605219363741	1605219363971	OK	 
REQUEST		exec_rpm	1605219363803	1605219364053	OK	 
REQUEST		exec_rpm	1605219363865	1605219364073	OK	 
REQUEST		exec_rpm	1605219363927	1605219364163	OK	 
REQUEST		exec_rpm	1605219363989	1605219364222	OK	 
REQUEST		exec_rpm	1605219364036	1605219364322	OK	 
REQUEST		exec_rpm	1605219364112	1605219364365	OK	 
REQUEST		exec_rpm	1605219364174	1605219364386	OK	 
REQUEST		exec_rpm	1605219364236	1605219364453	OK	 
REQUEST		exec_rpm	1605219364297	1605219364549	OK	 
REQUEST		exec_rpm	1605219364391	1605219364646	OK	 
REQUEST		exec_rpm	1605219364452	1605219364676	OK	 
REQUEST		exec_rpm	1605219364513	1605219364763	OK	 
REQUEST		exec_rpm	1605219364576	1605219364826	OK	 
REQUEST		exec_rpm	1605219364637	1605219364843	OK	 
REQUEST		exec_rpm	1605219364686	1605219364937	OK	 
REQUEST		exec_rpm	1605219364761	1605219364993	OK	 
REQUEST		exec_rpm	1605219364824	1605219365058	OK	 
REQUEST		exec_rpm	1605219364870	1605219365099	OK	 
REQUEST		exec_rpm	1605219364949	1605219365176	OK	 
REQUEST		exec_rpm	1605219364996	1605219365200	OK	 
REQUEST		exec_rpm	1605219365073	1605219365289	OK	 
REQUEST		exec_rpm	1605219365119	1605219365376	OK	 
REQUEST		exec_rpm	1605219365196	1605219365399	OK	 
REQUEST		exec_rpm	1605219365257	1605219365498	OK	 
REQUEST		exec_rpm	1605219365320	1605219365538	OK	 
REQUEST		exec_rpm	1605219365412	1605219365636	OK	 
REQUEST		exec_rpm	1605219365473	1605219365702	OK	 
REQUEST		exec_rpm	1605219365535	1605219365768	OK	 
REQUEST		exec_rpm	1605219365586	1605219365820	OK	 
REQUEST		exec_rpm	1605219365660	1605219365903	OK	 
REQUEST		exec_rpm	1605219365721	1605219365954	OK	 
REQUEST		exec_rpm	1605219365768	1605219365998	OK	 
REQUEST		exec_rpm	1605219365896	1605219366095	OK	 
REQUEST		exec_rpm	1605219365846	1605219366113	OK	 
REQUEST		exec_rpm	1605219365969	1605219366233	OK	 
REQUEST		exec_rpm	1605219366016	1605219366242	OK	 
REQUEST		exec_rpm	1605219366093	1605219366303	OK	 
REQUEST		exec_rpm	1605219366156	1605219366381	OK	 
REQUEST		exec_rpm	1605219366278	1605219366511	OK	 
REQUEST		exec_rpm	1605219366216	1605219366535	OK	 
REQUEST		exec_rpm	1605219366339	1605219366571	OK	 
REQUEST		exec_rpm	1605219366433	1605219366659	OK	 
REQUEST		exec_rpm	1605219366495	1605219366694	OK	 
REQUEST		exec_rpm	1605219366557	1605219366795	OK	 
REQUEST		exec_rpm	1605219366606	1605219366854	OK	 
REQUEST		exec_rpm	1605219366680	1605219366906	OK	 
REQUEST		exec_rpm	1605219366741	1605219366989	OK	 
REQUEST		exec_rpm	1605219366787	1605219367044	OK	 
REQUEST		exec_rpm	1605219366916	1605219367133	OK	 
REQUEST		exec_rpm	1605219366865	1605219367136	OK	 
REQUEST		exec_rpm	1605219366976	1605219367243	OK	 
REQUEST		exec_rpm	1605219367036	1605219367260	OK	 
REQUEST		exec_rpm	1605219367098	1605219367338	OK	 
REQUEST		exec_rpm	1605219367176	1605219367397	OK	 
REQUEST		exec_rpm	1605219367226	1605219367466	OK	 
REQUEST		exec_rpm	1605219367361	1605219367591	OK	 
REQUEST		exec_rpm	1605219367300	1605219367652	OK	 
REQUEST		exec_rpm	1605219367452	1605219367692	OK	 
REQUEST		exec_rpm	1605219367566	1605219367797	OK	 
REQUEST		exec_rpm	1605219367514	1605219367809	OK	 
REQUEST		exec_rpm	1605219367626	1605219367847	OK	 
REQUEST		exec_rpm	1605219367702	1605219367937	OK	 
REQUEST		exec_rpm	1605219367764	1605219367987	OK	 
REQUEST		exec_rpm	1605219367827	1605219368058	OK	 
REQUEST		exec_rpm	1605219367876	1605219368111	OK	 
REQUEST		exec_rpm	1605219367936	1605219368167	OK	 
REQUEST		exec_rpm	1605219367998	1605219368220	OK	 
REQUEST		exec_rpm	1605219368076	1605219368310	OK	 
REQUEST		exec_rpm	1605219368138	1605219368403	OK	 
REQUEST		exec_rpm	1605219368186	1605219368404	OK	 
REQUEST		exec_rpm	1605219368263	1605219368464	OK	 
REQUEST		exec_rpm	1605219368326	1605219368554	OK	 
REQUEST		exec_rpm	1605219368376	1605219368633	OK	 
REQUEST		exec_rpm	1605219368465	1605219368736	OK	 
REQUEST		exec_rpm	1605219368576	1605219368786	OK	 
REQUEST		exec_rpm	1605219368637	1605219368851	OK	 
REQUEST		exec_rpm	1605219368516	1605219368865	OK	 
REQUEST		exec_rpm	1605219368699	1605219368937	OK	 
REQUEST		exec_rpm	1605219368745	1605219368953	OK	 
REQUEST		exec_rpm	1605219368796	1605219369005	OK	 
REQUEST		exec_rpm	1605219368856	1605219369061	OK	 
REQUEST		exec_rpm	1605219368930	1605219369134	OK	 
REQUEST		exec_rpm	1605219368993	1605219369230	OK	 
REQUEST		exec_rpm	1605219369040	1605219369266	OK	 
REQUEST		exec_rpm	1605219369101	1605219369345	OK	 
REQUEST		exec_rpm	1605219369148	1605219369375	OK	 
REQUEST		exec_rpm	1605219369225	1605219369435	OK	 
REQUEST		exec_rpm	1605219369276	1605219369482	OK	 
REQUEST		exec_rpm	1605219369336	1605219369569	OK	 
REQUEST		exec_rpm	1605219369396	1605219369600	OK	 
REQUEST		exec_rpm	1605219369476	1605219369733	OK	 
REQUEST		exec_rpm	1605219369536	1605219369785	OK	 
REQUEST		exec_rpm	1605219369596	1605219369814	OK	 
REQUEST		exec_rpm	1605219369657	1605219369901	OK	 
REQUEST		exec_rpm	1605219369718	1605219369961	OK	 
REQUEST		exec_rpm	1605219369766	1605219370018	OK	 
REQUEST		exec_rpm	1605219369827	1605219370055	OK	 
REQUEST		exec_rpm	1605219369888	1605219370138	OK	 
REQUEST		exec_rpm	1605219369951	1605219370196	OK	 
REQUEST		exec_rpm	1605219370014	1605219370234	OK	 
REQUEST		exec_rpm	1605219370046	1605219370292	OK	 
REQUEST		exec_rpm	1605219370121	1605219370380	OK	 
REQUEST		exec_rpm	1605219370186	1605219370426	OK	 
REQUEST		exec_rpm	1605219370230	1605219370459	OK	 
REQUEST		exec_rpm	1605219370291	1605219370550	OK	 
REQUEST		exec_rpm	1605219370356	1605219370593	OK	 
REQUEST		exec_rpm	1605219370496	1605219370740	OK	 
REQUEST		exec_rpm	1605219370556	1605219370777	OK	 
REQUEST		exec_rpm	1605219370416	1605219370852	OK	 
REQUEST		exec_rpm	1605219370616	1605219370872	OK	 
REQUEST		exec_rpm	1605219370679	1605219370881	OK	 
REQUEST		exec_rpm	1605219370741	1605219370998	OK	 
REQUEST		exec_rpm	1605219370789	1605219371016	OK	 
REQUEST		exec_rpm	1605219370836	1605219371051	OK	 
REQUEST		exec_rpm	1605219370897	1605219371156	OK	 
REQUEST		exec_rpm	1605219370974	1605219371196	OK	 
REQUEST		exec_rpm	1605219371021	1605219371255	OK	 
REQUEST		exec_rpm	1605219371086	1605219371350	OK	 
REQUEST		exec_rpm	1605219371146	1605219371374	OK	 
REQUEST		exec_rpm	1605219371196	1605219371426	OK	 
REQUEST		exec_rpm	1605219371255	1605219371506	OK	 
REQUEST		exec_rpm	1605219371317	1605219371538	OK	 
REQUEST		exec_rpm	1605219371378	1605219371580	OK	 
REQUEST		exec_rpm	1605219371440	1605219371680	OK	 
REQUEST		exec_rpm	1605219371517	1605219371778	OK	 
REQUEST		exec_rpm	1605219371578	1605219371793	OK	 
REQUEST		exec_rpm	1605219371639	1605219371876	OK	 
REQUEST		exec_rpm	1605219371702	1605219371974	OK	 
REQUEST		exec_rpm	1605219371764	1605219371988	OK	 
REQUEST		exec_rpm	1605219371827	1605219372067	OK	 
REQUEST		exec_rpm	1605219371876	1605219372107	OK	 
REQUEST		exec_rpm	1605219371936	1605219372174	OK	 
REQUEST		exec_rpm	1605219371986	1605219372230	OK	 
REQUEST		exec_rpm	1605219372046	1605219372253	OK	 
REQUEST		exec_rpm	1605219372096	1605219372333	OK	 
REQUEST		exec_rpm	1605219372156	1605219372396	OK	 
REQUEST		exec_rpm	1605219372233	1605219372488	OK	 
REQUEST		exec_rpm	1605219372279	1605219372514	OK	 
REQUEST		exec_rpm	1605219372357	1605219372551	OK	 
REQUEST		exec_rpm	1605219372406	1605219372641	OK	 
REQUEST		exec_rpm	1605219372465	1605219372695	OK	 
REQUEST		exec_rpm	1605219372526	1605219372747	OK	 
REQUEST		exec_rpm	1605219372587	1605219372842	OK	 
REQUEST		exec_rpm	1605219372647	1605219372925	OK	 
REQUEST		exec_rpm	1605219372709	1605219372928	OK	 
REQUEST		exec_rpm	1605219372772	1605219373006	OK	 
REQUEST		exec_rpm	1605219372832	1605219373049	OK	 
REQUEST		exec_rpm	1605219372896	1605219373169	OK	 
REQUEST		exec_rpm	1605219372956	1605219373172	OK	 
REQUEST		exec_rpm	1605219373017	1605219373259	OK	 
REQUEST		exec_rpm	1605219373064	1605219373295	OK	 
REQUEST		exec_rpm	1605219373142	1605219373372	OK	 
REQUEST		exec_rpm	1605219373189	1605219373414	OK	 
REQUEST		exec_rpm	1605219373236	1605219373449	OK	 
REQUEST		exec_rpm	1605219373313	1605219373568	OK	 
REQUEST		exec_rpm	1605219373376	1605219373591	OK	 
REQUEST		exec_rpm	1605219373426	1605219373658	OK	 
REQUEST		exec_rpm	1605219373470	1605219373701	OK	 
REQUEST		exec_rpm	1605219373546	1605219373767	OK	 
REQUEST		exec_rpm	1605219373609	1605219373867	OK	 
REQUEST		exec_rpm	1605219373671	1605219373909	OK	 
REQUEST		exec_rpm	1605219373732	1605219373953	OK	 
REQUEST		exec_rpm	1605219373794	1605219374012	OK	 
REQUEST		exec_rpm	1605219373855	1605219374118	OK	 
REQUEST		exec_rpm	1605219373906	1605219374141	OK	 
REQUEST		exec_rpm	1605219373949	1605219374166	OK	 
REQUEST		exec_rpm	1605219374026	1605219374263	OK	 
REQUEST		exec_rpm	1605219374071	1605219374296	OK	 
REQUEST		exec_rpm	1605219374136	1605219374359	OK	 
REQUEST		exec_rpm	1605219374196	1605219374407	OK	 
REQUEST		exec_rpm	1605219374258	1605219374507	OK	 
REQUEST		exec_rpm	1605219374306	1605219374555	OK	 
REQUEST		exec_rpm	1605219374382	1605219374607	OK	 
REQUEST		exec_rpm	1605219374427	1605219374632	OK	 
REQUEST		exec_rpm	1605219374489	1605219374714	OK	 
REQUEST		exec_rpm	1605219374566	1605219374805	OK	 
REQUEST		exec_rpm	1605219374626	1605219374835	OK	 
REQUEST		exec_rpm	1605219374686	1605219374947	OK	 
REQUEST		exec_rpm	1605219374749	1605219374988	OK	 
REQUEST		exec_rpm	1605219374812	1605219375057	OK	 
REQUEST		exec_rpm	1605219374872	1605219375093	OK	 
REQUEST		exec_rpm	1605219374919	1605219375171	OK	 
REQUEST		exec_rpm	1605219374982	1605219375227	OK	 
REQUEST		exec_rpm	1605219375043	1605219375288	OK	 
REQUEST		exec_rpm	1605219375106	1605219375347	OK	 
REQUEST		exec_rpm	1605219375156	1605219375372	OK	 
REQUEST		exec_rpm	1605219375214	1605219375491	OK	 
REQUEST		exec_rpm	1605219375276	1605219375527	OK	 
REQUEST		exec_rpm	1605219375339	1605219375559	OK	 
REQUEST		exec_rpm	1605219375386	1605219375644	OK	 
REQUEST		exec_rpm	1605219375462	1605219375719	OK	 
REQUEST		exec_rpm	1605219375510	1605219375730	OK	 
REQUEST		exec_rpm	1605219375586	1605219375815	OK	 
REQUEST		exec_rpm	1605219375648	1605219375869	OK	 
REQUEST		exec_rpm	1605219375696	1605219375913	OK	 
REQUEST		exec_rpm	1605219375758	1605219375992	OK	 
REQUEST		exec_rpm	1605219375806	1605219376040	OK	 
REQUEST		exec_rpm	1605219375866	1605219376089	OK	 
REQUEST		exec_rpm	1605219375916	1605219376125	OK	 
REQUEST		exec_rpm	1605219375975	1605219376229	OK	 
REQUEST		exec_rpm	1605219376037	1605219376291	OK	 
REQUEST		exec_rpm	1605219376086	1605219376317	OK	 
REQUEST		exec_rpm	1605219376136	1605219376357	OK	 
REQUEST		exec_rpm	1605219376196	1605219376447	OK	 
REQUEST		exec_rpm	1605219376241	1605219376457	OK	 
REQUEST		exec_rpm	1605219376306	1605219376529	OK	 
REQUEST		exec_rpm	1605219376366	1605219376589	OK	 
REQUEST		exec_rpm	1605219376425	1605219376686	OK	 
REQUEST		exec_rpm	1605219376469	1605219376715	OK	 
REQUEST		exec_rpm	1605219376531	1605219376759	OK	 
REQUEST		exec_rpm	1605219376596	1605219376818	OK	 
REQUEST		exec_rpm	1605219376656	1605219376902	OK	 
REQUEST		exec_rpm	1605219376706	1605219376968	OK	 
REQUEST		exec_rpm	1605219376766	1605219377019	OK	 
REQUEST		exec_rpm	1605219376816	1605219377058	OK	 
REQUEST		exec_rpm	1605219376876	1605219377087	OK	 
REQUEST		exec_rpm	1605219376926	1605219377197	OK	 
REQUEST		exec_rpm	1605219376986	1605219377220	OK	 
REQUEST		exec_rpm	1605219377096	1605219377309	OK	 
REQUEST		exec_rpm	1605219377046	1605219377366	OK	 
REQUEST		exec_rpm	1605219377170	1605219377374	OK	 
REQUEST		exec_rpm	1605219377216	1605219377467	OK	 
REQUEST		exec_rpm	1605219377266	1605219377490	OK	 
REQUEST		exec_rpm	1605219377326	1605219377537	OK	 
REQUEST		exec_rpm	1605219377376	1605219377598	OK	 
REQUEST		exec_rpm	1605219377436	1605219377642	OK	 
REQUEST		exec_rpm	1605219377495	1605219377738	OK	 
REQUEST		exec_rpm	1605219377541	1605219377760	OK	 
REQUEST		exec_rpm	1605219377618	1605219377868	OK	 
REQUEST		exec_rpm	1605219377680	1605219377879	OK	 
REQUEST		exec_rpm	1605219377726	1605219377953	OK	 
REQUEST		exec_rpm	1605219377788	1605219378036	OK	 
REQUEST		exec_rpm	1605219377836	1605219378050	OK	 
REQUEST		exec_rpm	1605219377896	1605219378142	OK	 
REQUEST		exec_rpm	1605219377946	1605219378156	OK	 
REQUEST		exec_rpm	1605219378006	1605219378244	OK	 
REQUEST		exec_rpm	1605219378056	1605219378285	OK	 
REQUEST		exec_rpm	1605219378116	1605219378350	OK	 
REQUEST		exec_rpm	1605219378178	1605219378401	OK	 
REQUEST		exec_rpm	1605219378224	1605219378442	OK	 
REQUEST		exec_rpm	1605219378287	1605219378509	OK	 
REQUEST		exec_rpm	1605219378348	1605219378579	OK	 
REQUEST		exec_rpm	1605219378395	1605219378631	OK	 
REQUEST		exec_rpm	1605219378446	1605219378710	OK	 
REQUEST		exec_rpm	1605219378504	1605219378713	OK	 
REQUEST		exec_rpm	1605219378566	1605219378787	OK	 
REQUEST		exec_rpm	1605219378627	1605219378867	OK	 
REQUEST		exec_rpm	1605219378688	1605219378907	OK	 
REQUEST		exec_rpm	1605219378736	1605219378977	OK	 
REQUEST		exec_rpm	1605219378797	1605219379042	OK	 
REQUEST		exec_rpm	1605219378846	1605219379063	OK	 
REQUEST		exec_rpm	1605219378907	1605219379139	OK	 
REQUEST		exec_rpm	1605219378985	1605219379190	OK	 
REQUEST		exec_rpm	1605219379032	1605219379291	OK	 
REQUEST		exec_rpm	1605219379093	1605219379294	OK	 
REQUEST		exec_rpm	1605219379155	1605219379380	OK	 
REQUEST		exec_rpm	1605219379186	1605219379400	OK	 
USER	Warm up	END	1605219379402
REQUEST		exec_rpm	1605219379264	1605219379501	OK	 
REQUEST		exec_rpm	1605219379311	1605219379541	OK	 
REQUEST		exec_rpm	1605219379358	1605219379576	OK	 
REQUEST		exec_rpm	1605219379406	1605219379643	OK	 
REQUEST		exec_rpm	1605219379467	1605219379693	OK	 
REQUEST		exec_rpm	1605219379529	1605219379745	OK	 
REQUEST		exec_rpm	1605219379575	1605219379800	OK	 
REQUEST		exec_rpm	1605219379636	1605219379894	OK	 
REQUEST		exec_rpm	1605219379699	1605219379941	OK	 
REQUEST		exec_rpm	1605219379746	1605219379982	OK	 
REQUEST		exec_rpm	1605219379806	1605219380028	OK	 
REQUEST		exec_rpm	1605219379884	1605219380101	OK	 
REQUEST		exec_rpm	1605219379931	1605219380168	OK	 
REQUEST		exec_rpm	1605219379977	1605219380198	OK	 
REQUEST		exec_rpm	1605219380026	1605219380261	OK	 
REQUEST		exec_rpm	1605219380086	1605219380309	OK	 
REQUEST		exec_rpm	1605219380146	1605219380371	OK	 
REQUEST		exec_rpm	1605219380208	1605219380450	OK	 
REQUEST		exec_rpm	1605219380256	1605219380486	OK	 
USER	Warm up	END	1605219380486
REQUEST		exec_rpm	1605219380316	1605219380578	OK	 
REQUEST		exec_rpm	1605219380377	1605219380600	OK	 
REQUEST		exec_rpm	1605219380426	1605219380675	OK	 
REQUEST		exec_rpm	1605219380486	1605219380746	OK	 
REQUEST		exec_rpm	1605219380536	1605219380774	OK	 
REQUEST		exec_rpm	1605219380580	1605219380826	OK	 
REQUEST		exec_rpm	1605219380656	1605219380897	OK	 
REQUEST		exec_rpm	1605219380719	1605219380950	OK	 
REQUEST		exec_rpm	1605219380766	1605219381004	OK	 
REQUEST		exec_rpm	1605219380826	1605219381033	OK	 
REQUEST		exec_rpm	1605219380873	1605219381108	OK	 
REQUEST		exec_rpm	1605219380935	1605219381199	OK	 
REQUEST		exec_rpm	1605219380986	1605219381215	OK	 
REQUEST		exec_rpm	1605219381043	1605219381292	OK	 
USER	Warm up	END	1605219381293
REQUEST		exec_rpm	1605219381104	1605219381321	OK	 
REQUEST		exec_rpm	1605219381150	1605219381369	OK	 
REQUEST		exec_rpm	1605219381213	1605219381446	OK	 
REQUEST		exec_rpm	1605219381275	1605219381550	OK	 
REQUEST		exec_rpm	1605219381384	1605219381582	OK	 
REQUEST		exec_rpm	1605219381326	1605219381591	OK	 
REQUEST		exec_rpm	1605219381416	1605219381632	OK	 
REQUEST		exec_rpm	1605219381476	1605219381691	OK	 
REQUEST		exec_rpm	1605219381538	1605219381776	OK	 
REQUEST		exec_rpm	1605219381600	1605219381855	OK	 
REQUEST		exec_rpm	1605219381677	1605219381887	OK	 
REQUEST		exec_rpm	1605219381740	1605219381957	OK	 
REQUEST		exec_rpm	1605219381786	1605219381998	OK	 
REQUEST		exec_rpm	1605219381836	1605219382039	OK	 
USER	Warm up	END	1605219382039
REQUEST		exec_rpm	1605219381893	1605219382127	OK	 
REQUEST		exec_rpm	1605219381953	1605219382180	OK	 
REQUEST		exec_rpm	1605219382015	1605219382259	OK	 
REQUEST		exec_rpm	1605219382061	1605219382301	OK	 
REQUEST		exec_rpm	1605219382126	1605219382341	OK	 
REQUEST		exec_rpm	1605219382171	1605219382421	OK	 
REQUEST		exec_rpm	1605219382236	1605219382479	OK	 
REQUEST		exec_rpm	1605219382295	1605219382520	OK	 
USER	Warm up	END	1605219382521
REQUEST		exec_rpm	1605219382341	1605219382593	OK	 
REQUEST		exec_rpm	1605219382402	1605219382655	OK	 
REQUEST		exec_rpm	1605219382465	1605219382691	OK	 
REQUEST		exec_rpm	1605219382510	1605219382738	OK	 
REQUEST		exec_rpm	1605219382572	1605219382795	OK	 
REQUEST		exec_rpm	1605219382620	1605219382831	OK	 
REQUEST		exec_rpm	1605219382695	1605219382924	OK	 
USER	Warm up	END	1605219382924
REQUEST		exec_rpm	1605219382742	1605219382959	OK	 
REQUEST		exec_rpm	1605219382789	1605219383003	OK	 
REQUEST		exec_rpm	1605219382852	1605219383047	OK	 
REQUEST		exec_rpm	1605219382897	1605219383123	OK	 
REQUEST		exec_rpm	1605219382959	1605219383177	OK	 
REQUEST		exec_rpm	1605219383004	1605219383215	OK	 
REQUEST		exec_rpm	1605219383047	1605219383290	OK	 
USER	Warm up	END	1605219383290
REQUEST		exec_rpm	1605219383123	1605219383358	OK	 
REQUEST		exec_rpm	1605219383177	1605219383407	OK	 
REQUEST		exec_rpm	1605219383215	1605219383429	OK	 
REQUEST		exec_rpm	1605219383358	1605219383620	OK	 
REQUEST		exec_rpm	1605219383429	1605219383648	OK	 
REQUEST		exec_rpm	1605219383408	1605219383658	OK	 
REQUEST		exec_rpm	1605219383621	1605219383823	OK	 
USER	Warm up	END	1605219383823
REQUEST		exec_rpm	1605219383648	1605219383876	OK	 
REQUEST		exec_rpm	1605219383713	1605219383943	OK	 
REQUEST		exec_rpm	1605219383876	1605219384099	OK	 
REQUEST		exec_rpm	1605219383943	1605219384191	OK	 
REQUEST		exec_rpm	1605219384100	1605219384313	OK	 
REQUEST		exec_rpm	1605219384192	1605219384437	OK	 
REQUEST		exec_rpm	1605219384313	1605219384519	OK	 
REQUEST		exec_rpm	1605219384438	1605219384692	OK	 
REQUEST		exec_rpm	1605219384519	1605219384740	OK	 
REQUEST		exec_rpm	1605219384692	1605219384943	OK	 
REQUEST		exec_rpm	1605219384740	1605219384982	OK	 
USER	Warm up	END	1605219384983
REQUEST		exec_rpm	1605219384944	1605219385196	OK	 
REQUEST		exec_rpm	1605219385197	1605219385424	OK	 
REQUEST		exec_rpm	1605219385424	1605219385631	OK	 
REQUEST		exec_rpm	1605219385631	1605219385841	OK	 
USER	Warm up	END	1605219385842
