RUN	smartsale.Scenario5Items10Users	scenario5items10users	1605219482115	 	3.4.1
USER	Warm up	START	1605219483378
REQUEST		warm_up	1605219483401	1605219484160	OK	 
USER	Warm up	START	1605219484382
REQUEST		warm_up	1605219484174	1605219484392	OK	 
REQUEST		warm_up	1605219484445	1605219484683	OK	 
REQUEST		warm_up	1605219484684	1605219484908	OK	 
REQUEST		warm_up	1605219484383	1605219485106	OK	 
REQUEST		warm_up	1605219485106	1605219485345	OK	 
USER	Warm up	START	1605219485377
REQUEST		warm_up	1605219484909	1605219485407	OK	 
REQUEST		warm_up	1605219485346	1605219485572	OK	 
REQUEST		warm_up	1605219485408	1605219485655	OK	 
REQUEST		warm_up	1605219485573	1605219485805	OK	 
REQUEST		warm_up	1605219485656	1605219485869	OK	 
REQUEST		warm_up	1605219485806	1605219486017	OK	 
REQUEST		warm_up	1605219485870	1605219486098	OK	 
REQUEST		warm_up	1605219485377	1605219486118	OK	 
REQUEST		warm_up	1605219486018	1605219486265	OK	 
REQUEST		warm_up	1605219486099	1605219486326	OK	 
USER	Warm up	START	1605219486366
REQUEST		warm_up	1605219486119	1605219486371	OK	 
REQUEST		warm_up	1605219486266	1605219486479	OK	 
REQUEST		warm_up	1605219486327	1605219486557	OK	 
REQUEST		warm_up	1605219486372	1605219486640	OK	 
REQUEST		warm_up	1605219486479	1605219486721	OK	 
REQUEST		warm_up	1605219486558	1605219486832	OK	 
REQUEST		warm_up	1605219486641	1605219486843	OK	 
REQUEST		warm_up	1605219486722	1605219486956	OK	 
REQUEST		warm_up	1605219486833	1605219487054	OK	 
REQUEST		warm_up	1605219486367	1605219487076	OK	 
REQUEST		warm_up	1605219486844	1605219487079	OK	 
REQUEST		warm_up	1605219486957	1605219487212	OK	 
REQUEST		warm_up	1605219487080	1605219487266	OK	 
REQUEST		warm_up	1605219487077	1605219487283	OK	 
REQUEST		warm_up	1605219487055	1605219487286	OK	 
USER	Warm up	START	1605219487376
REQUEST		warm_up	1605219487213	1605219487449	OK	 
REQUEST		warm_up	1605219487287	1605219487476	OK	 
REQUEST		warm_up	1605219487267	1605219487482	OK	 
REQUEST		warm_up	1605219487284	1605219487485	OK	 
REQUEST		warm_up	1605219487449	1605219487693	OK	 
REQUEST		warm_up	1605219487477	1605219487707	OK	 
REQUEST		warm_up	1605219487498	1605219487721	OK	 
REQUEST		warm_up	1605219487518	1605219487736	OK	 
REQUEST		warm_up	1605219487694	1605219487908	OK	 
REQUEST		warm_up	1605219487708	1605219487927	OK	 
REQUEST		warm_up	1605219487722	1605219487940	OK	 
REQUEST		warm_up	1605219487737	1605219487976	OK	 
REQUEST		warm_up	1605219487909	1605219488121	OK	 
REQUEST		warm_up	1605219487377	1605219488136	OK	 
REQUEST		warm_up	1605219487977	1605219488194	OK	 
REQUEST		warm_up	1605219487928	1605219488205	OK	 
REQUEST		warm_up	1605219487941	1605219488274	OK	 
USER	Warm up	START	1605219488377
REQUEST		warm_up	1605219488136	1605219488384	OK	 
REQUEST		warm_up	1605219488122	1605219488419	OK	 
REQUEST		warm_up	1605219488195	1605219488431	OK	 
REQUEST		warm_up	1605219488206	1605219488442	OK	 
REQUEST		warm_up	1605219488275	1605219488507	OK	 
REQUEST		warm_up	1605219488385	1605219488620	OK	 
REQUEST		warm_up	1605219488443	1605219488677	OK	 
REQUEST		warm_up	1605219488420	1605219488678	OK	 
REQUEST		warm_up	1605219488432	1605219488679	OK	 
REQUEST		warm_up	1605219488508	1605219488728	OK	 
REQUEST		warm_up	1605219488620	1605219488834	OK	 
REQUEST		warm_up	1605219488679	1605219488882	OK	 
REQUEST		warm_up	1605219488679	1605219488925	OK	 
REQUEST		warm_up	1605219488678	1605219488950	OK	 
REQUEST		warm_up	1605219488729	1605219488971	OK	 
REQUEST		warm_up	1605219488835	1605219489036	OK	 
REQUEST		warm_up	1605219488378	1605219489119	OK	 
REQUEST		warm_up	1605219488882	1605219489122	OK	 
REQUEST		warm_up	1605219488925	1605219489175	OK	 
REQUEST		warm_up	1605219488951	1605219489179	OK	 
REQUEST		warm_up	1605219488972	1605219489208	OK	 
REQUEST		warm_up	1605219489037	1605219489291	OK	 
REQUEST		warm_up	1605219489120	1605219489318	OK	 
REQUEST		warm_up	1605219489123	1605219489353	OK	 
USER	Warm up	START	1605219489374
REQUEST		warm_up	1605219489176	1605219489412	OK	 
REQUEST		warm_up	1605219489209	1605219489413	OK	 
REQUEST		warm_up	1605219489180	1605219489413	OK	 
REQUEST		warm_up	1605219489292	1605219489535	OK	 
REQUEST		warm_up	1605219489319	1605219489559	OK	 
REQUEST		warm_up	1605219489354	1605219489589	OK	 
REQUEST		warm_up	1605219489413	1605219489628	OK	 
REQUEST		warm_up	1605219489414	1605219489634	OK	 
REQUEST		warm_up	1605219489414	1605219489655	OK	 
REQUEST		warm_up	1605219489536	1605219489778	OK	 
REQUEST		warm_up	1605219489560	1605219489802	OK	 
REQUEST		warm_up	1605219489590	1605219489828	OK	 
REQUEST		warm_up	1605219489629	1605219489846	OK	 
REQUEST		warm_up	1605219489656	1605219489867	OK	 
REQUEST		warm_up	1605219489635	1605219489879	OK	 
REQUEST		warm_up	1605219489778	1605219490035	OK	 
REQUEST		warm_up	1605219489847	1605219490045	OK	 
REQUEST		warm_up	1605219489828	1605219490049	OK	 
REQUEST		warm_up	1605219489802	1605219490056	OK	 
REQUEST		warm_up	1605219489867	1605219490081	OK	 
REQUEST		warm_up	1605219489880	1605219490104	OK	 
REQUEST		warm_up	1605219489375	1605219490157	OK	 
REQUEST		warm_up	1605219490049	1605219490250	OK	 
REQUEST		warm_up	1605219490046	1605219490267	OK	 
REQUEST		warm_up	1605219490035	1605219490269	OK	 
REQUEST		warm_up	1605219490082	1605219490286	OK	 
REQUEST		warm_up	1605219490057	1605219490299	OK	 
REQUEST		warm_up	1605219490104	1605219490318	OK	 
USER	Warm up	START	1605219490378
REQUEST		warm_up	1605219490158	1605219490406	OK	 
REQUEST		warm_up	1605219490269	1605219490487	OK	 
REQUEST		warm_up	1605219490268	1605219490517	OK	 
REQUEST		warm_up	1605219490252	1605219490530	OK	 
REQUEST		warm_up	1605219490300	1605219490554	OK	 
REQUEST		warm_up	1605219490318	1605219490564	OK	 
REQUEST		warm_up	1605219490407	1605219490677	OK	 
REQUEST		warm_up	1605219490488	1605219490720	OK	 
REQUEST		warm_up	1605219490531	1605219490739	OK	 
REQUEST		warm_up	1605219490286	1605219490780	OK	 
REQUEST		warm_up	1605219490518	1605219490783	OK	 
REQUEST		warm_up	1605219490564	1605219490821	OK	 
REQUEST		warm_up	1605219490555	1605219490825	OK	 
REQUEST		warm_up	1605219490678	1605219490903	OK	 
REQUEST		warm_up	1605219490720	1605219490931	OK	 
REQUEST		warm_up	1605219490740	1605219490967	OK	 
REQUEST		warm_up	1605219490781	1605219491004	OK	 
REQUEST		warm_up	1605219490783	1605219491009	OK	 
REQUEST		warm_up	1605219490821	1605219491039	OK	 
REQUEST		warm_up	1605219490826	1605219491043	OK	 
REQUEST		warm_up	1605219490379	1605219491117	OK	 
REQUEST		warm_up	1605219490903	1605219491129	OK	 
REQUEST		warm_up	1605219490932	1605219491192	OK	 
REQUEST		warm_up	1605219490968	1605219491216	OK	 
REQUEST		warm_up	1605219491040	1605219491252	OK	 
REQUEST		warm_up	1605219491010	1605219491265	OK	 
REQUEST		warm_up	1605219491005	1605219491272	OK	 
REQUEST		warm_up	1605219491044	1605219491284	OK	 
REQUEST		warm_up	1605219491118	1605219491355	OK	 
REQUEST		warm_up	1605219491129	1605219491368	OK	 
USER	Warm up	START	1605219491377
REQUEST		warm_up	1605219491217	1605219491423	OK	 
REQUEST		warm_up	1605219491193	1605219491458	OK	 
REQUEST		warm_up	1605219491253	1605219491484	OK	 
REQUEST		warm_up	1605219491285	1605219491491	OK	 
REQUEST		warm_up	1605219491272	1605219491498	OK	 
REQUEST		warm_up	1605219491265	1605219491505	OK	 
REQUEST		warm_up	1605219491356	1605219491561	OK	 
REQUEST		warm_up	1605219491369	1605219491600	OK	 
REQUEST		warm_up	1605219491424	1605219491628	OK	 
REQUEST		warm_up	1605219491459	1605219491692	OK	 
REQUEST		warm_up	1605219491491	1605219491693	OK	 
REQUEST		warm_up	1605219491485	1605219491714	OK	 
REQUEST		warm_up	1605219491506	1605219491721	OK	 
REQUEST		warm_up	1605219491499	1605219491734	OK	 
REQUEST		warm_up	1605219491562	1605219491795	OK	 
REQUEST		warm_up	1605219491629	1605219491821	OK	 
REQUEST		warm_up	1605219491600	1605219491834	OK	 
REQUEST		warm_up	1605219491693	1605219491898	OK	 
REQUEST		warm_up	1605219491694	1605219491927	OK	 
REQUEST		warm_up	1605219491715	1605219491929	OK	 
REQUEST		warm_up	1605219491721	1605219491961	OK	 
REQUEST		warm_up	1605219491735	1605219491978	OK	 
REQUEST		warm_up	1605219491795	1605219492015	OK	 
REQUEST		warm_up	1605219491822	1605219492035	OK	 
REQUEST		warm_up	1605219491835	1605219492099	OK	 
REQUEST		warm_up	1605219491378	1605219492109	OK	 
REQUEST		warm_up	1605219491898	1605219492132	OK	 
REQUEST		warm_up	1605219491928	1605219492155	OK	 
REQUEST		warm_up	1605219491929	1605219492157	OK	 
REQUEST		warm_up	1605219491961	1605219492204	OK	 
REQUEST		warm_up	1605219491978	1605219492210	OK	 
REQUEST		warm_up	1605219492036	1605219492259	OK	 
REQUEST		warm_up	1605219492016	1605219492287	OK	 
REQUEST		warm_up	1605219492110	1605219492310	OK	 
REQUEST		warm_up	1605219492099	1605219492311	OK	 
USER	Warm up	START	1605219492366
REQUEST		warm_up	1605219492157	1605219492375	OK	 
REQUEST		warm_up	1605219492133	1605219492375	OK	 
REQUEST		warm_up	1605219492155	1605219492414	OK	 
REQUEST		warm_up	1605219492211	1605219492445	OK	 
REQUEST		warm_up	1605219492205	1605219492462	OK	 
REQUEST		warm_up	1605219492259	1605219492474	OK	 
REQUEST		warm_up	1605219492288	1605219492512	OK	 
REQUEST		warm_up	1605219492310	1605219492529	OK	 
REQUEST		warm_up	1605219492311	1605219492582	OK	 
REQUEST		warm_up	1605219492376	1605219492587	OK	 
REQUEST		warm_up	1605219492375	1605219492624	OK	 
REQUEST		warm_up	1605219492415	1605219492676	OK	 
REQUEST		warm_up	1605219492446	1605219492697	OK	 
REQUEST		warm_up	1605219492462	1605219492704	OK	 
REQUEST		warm_up	1605219492475	1605219492715	OK	 
REQUEST		warm_up	1605219492513	1605219492728	OK	 
REQUEST		warm_up	1605219492529	1605219492741	OK	 
REQUEST		warm_up	1605219492583	1605219492818	OK	 
REQUEST		warm_up	1605219492587	1605219492830	OK	 
REQUEST		warm_up	1605219492625	1605219492865	OK	 
REQUEST		warm_up	1605219492676	1605219492884	OK	 
REQUEST		warm_up	1605219492698	1605219492926	OK	 
REQUEST		warm_up	1605219492729	1605219492942	OK	 
REQUEST		warm_up	1605219492705	1605219492948	OK	 
REQUEST		warm_up	1605219492716	1605219492956	OK	 
REQUEST		warm_up	1605219492742	1605219492968	OK	 
REQUEST		warm_up	1605219492818	1605219493053	OK	 
REQUEST		warm_up	1605219492831	1605219493070	OK	 
REQUEST		warm_up	1605219492367	1605219493084	OK	 
REQUEST		warm_up	1605219492885	1605219493111	OK	 
REQUEST		warm_up	1605219492865	1605219493112	OK	 
REQUEST		warm_up	1605219492942	1605219493152	OK	 
REQUEST		warm_up	1605219492927	1605219493159	OK	 
REQUEST		warm_up	1605219492957	1605219493170	OK	 
REQUEST		warm_up	1605219492968	1605219493193	OK	 
REQUEST		warm_up	1605219492949	1605219493207	OK	 
REQUEST		warm_up	1605219493054	1605219493288	OK	 
REQUEST		warm_up	1605219493071	1605219493304	OK	 
REQUEST		warm_up	1605219493112	1605219493336	OK	 
REQUEST		warm_up	1605219493085	1605219493348	OK	 
REQUEST		warm_up	1605219493111	1605219493372	OK	 
REQUEST		warm_up	1605219493152	1605219493393	OK	 
REQUEST		warm_up	1605219493160	1605219493407	OK	 
REQUEST		warm_up	1605219493194	1605219493428	OK	 
REQUEST		warm_up	1605219493170	1605219493453	OK	 
REQUEST		warm_up	1605219493208	1605219493509	OK	 
REQUEST		warm_up	1605219493289	1605219493515	OK	 
REQUEST		warm_up	1605219493305	1605219493526	OK	 
REQUEST		warm_up	1605219493349	1605219493539	OK	 
REQUEST		warm_up	1605219493373	1605219493584	OK	 
REQUEST		warm_up	1605219493336	1605219493589	OK	 
REQUEST		warm_up	1605219493393	1605219493637	OK	 
REQUEST		warm_up	1605219493407	1605219493640	OK	 
REQUEST		warm_up	1605219493428	1605219493656	OK	 
REQUEST		warm_up	1605219493454	1605219493684	OK	 
REQUEST		warm_up	1605219493510	1605219493725	OK	 
REQUEST		warm_up	1605219493515	1605219493750	OK	 
REQUEST		warm_up	1605219493539	1605219493766	OK	 
REQUEST		warm_up	1605219493526	1605219493766	OK	 
REQUEST		warm_up	1605219493585	1605219493845	OK	 
REQUEST		warm_up	1605219493640	1605219493855	OK	 
REQUEST		warm_up	1605219493685	1605219493894	OK	 
REQUEST		warm_up	1605219493726	1605219493940	OK	 
REQUEST		warm_up	1605219493638	1605219493940	OK	 
REQUEST		warm_up	1605219493767	1605219493989	OK	 
REQUEST		warm_up	1605219493767	1605219493996	OK	 
REQUEST		exec_rpm	1605219493590	1605219494001	OK	 
REQUEST		warm_up	1605219493750	1605219494011	OK	 
REQUEST		warm_up	1605219493656	1605219494042	OK	 
REQUEST		warm_up	1605219493845	1605219494075	OK	 
REQUEST		warm_up	1605219493856	1605219494099	OK	 
REQUEST		warm_up	1605219493895	1605219494125	OK	 
REQUEST		warm_up	1605219493940	1605219494165	OK	 
REQUEST		warm_up	1605219493940	1605219494174	OK	 
REQUEST		warm_up	1605219494012	1605219494197	OK	 
REQUEST		warm_up	1605219493989	1605219494242	OK	 
REQUEST		warm_up	1605219493997	1605219494242	OK	 
REQUEST		exec_rpm	1605219494002	1605219494260	OK	 
REQUEST		warm_up	1605219494043	1605219494297	OK	 
REQUEST		warm_up	1605219494125	1605219494311	OK	 
REQUEST		warm_up	1605219494075	1605219494322	OK	 
REQUEST		warm_up	1605219494099	1605219494325	OK	 
REQUEST		warm_up	1605219494175	1605219494382	OK	 
REQUEST		warm_up	1605219494166	1605219494408	OK	 
REQUEST		warm_up	1605219494198	1605219494447	OK	 
REQUEST		warm_up	1605219494243	1605219494486	OK	 
REQUEST		exec_rpm	1605219494260	1605219494493	OK	 
REQUEST		warm_up	1605219494243	1605219494494	OK	 
REQUEST		warm_up	1605219494298	1605219494513	OK	 
REQUEST		warm_up	1605219494312	1605219494535	OK	 
REQUEST		warm_up	1605219494322	1605219494543	OK	 
REQUEST		warm_up	1605219494326	1605219494555	OK	 
REQUEST		exec_rpm	1605219494383	1605219494620	OK	 
REQUEST		warm_up	1605219494408	1605219494643	OK	 
REQUEST		warm_up	1605219494448	1605219494701	OK	 
REQUEST		warm_up	1605219494487	1605219494702	OK	 
REQUEST		warm_up	1605219494495	1605219494709	OK	 
REQUEST		warm_up	1605219494513	1605219494710	OK	 
REQUEST		exec_rpm	1605219494493	1605219494737	OK	 
REQUEST		warm_up	1605219494543	1605219494756	OK	 
REQUEST		warm_up	1605219494535	1605219494761	OK	 
REQUEST		warm_up	1605219494556	1605219494790	OK	 
REQUEST		exec_rpm	1605219494621	1605219494843	OK	 
REQUEST		warm_up	1605219494643	1605219494855	OK	 
REQUEST		warm_up	1605219494710	1605219494933	OK	 
REQUEST		warm_up	1605219494701	1605219494942	OK	 
REQUEST		exec_rpm	1605219494737	1605219494945	OK	 
REQUEST		warm_up	1605219494703	1605219494954	OK	 
REQUEST		warm_up	1605219494711	1605219494962	OK	 
REQUEST		warm_up	1605219494756	1605219494976	OK	 
REQUEST		warm_up	1605219494790	1605219494977	OK	 
REQUEST		warm_up	1605219494762	1605219495032	OK	 
REQUEST		exec_rpm	1605219494843	1605219495059	OK	 
REQUEST		warm_up	1605219494855	1605219495106	OK	 
REQUEST		warm_up	1605219494933	1605219495145	OK	 
REQUEST		exec_rpm	1605219494945	1605219495152	OK	 
REQUEST		warm_up	1605219494942	1605219495182	OK	 
REQUEST		warm_up	1605219494977	1605219495186	OK	 
REQUEST		warm_up	1605219494955	1605219495189	OK	 
REQUEST		warm_up	1605219494962	1605219495195	OK	 
REQUEST		warm_up	1605219494977	1605219495211	OK	 
REQUEST		warm_up	1605219495032	1605219495278	OK	 
REQUEST		exec_rpm	1605219495060	1605219495301	OK	 
REQUEST		warm_up	1605219495107	1605219495330	OK	 
REQUEST		exec_rpm	1605219495153	1605219495361	OK	 
REQUEST		warm_up	1605219495146	1605219495385	OK	 
REQUEST		warm_up	1605219495183	1605219495403	OK	 
REQUEST		warm_up	1605219495186	1605219495415	OK	 
REQUEST		warm_up	1605219495196	1605219495433	OK	 
REQUEST		warm_up	1605219495190	1605219495449	OK	 
REQUEST		warm_up	1605219495211	1605219495449	OK	 
REQUEST		exec_rpm	1605219495301	1605219495492	OK	 
REQUEST		warm_up	1605219495278	1605219495502	OK	 
REQUEST		warm_up	1605219495330	1605219495545	OK	 
REQUEST		exec_rpm	1605219495362	1605219495600	OK	 
REQUEST		warm_up	1605219495385	1605219495614	OK	 
REQUEST		warm_up	1605219495404	1605219495623	OK	 
REQUEST		warm_up	1605219495449	1605219495659	OK	 
REQUEST		warm_up	1605219495416	1605219495676	OK	 
REQUEST		warm_up	1605219495433	1605219495694	OK	 
REQUEST		exec_rpm	1605219495449	1605219495696	OK	 
REQUEST		exec_rpm	1605219495492	1605219495697	OK	 
REQUEST		warm_up	1605219495503	1605219495713	OK	 
REQUEST		warm_up	1605219495545	1605219495792	OK	 
REQUEST		warm_up	1605219495615	1605219495817	OK	 
REQUEST		exec_rpm	1605219495601	1605219495837	OK	 
REQUEST		warm_up	1605219495660	1605219495870	OK	 
REQUEST		warm_up	1605219495624	1605219495870	OK	 
REQUEST		warm_up	1605219495695	1605219495895	OK	 
REQUEST		warm_up	1605219495676	1605219495913	OK	 
REQUEST		exec_rpm	1605219495697	1605219495922	OK	 
REQUEST		exec_rpm	1605219495697	1605219495932	OK	 
REQUEST		warm_up	1605219495714	1605219495938	OK	 
REQUEST		warm_up	1605219495793	1605219496015	OK	 
REQUEST		warm_up	1605219495817	1605219496045	OK	 
REQUEST		exec_rpm	1605219495838	1605219496049	OK	 
REQUEST		warm_up	1605219495871	1605219496108	OK	 
REQUEST		warm_up	1605219495914	1605219496113	OK	 
REQUEST		warm_up	1605219495871	1605219496123	OK	 
REQUEST		exec_rpm	1605219495923	1605219496129	OK	 
REQUEST		warm_up	1605219495896	1605219496151	OK	 
REQUEST		warm_up	1605219495938	1605219496155	OK	 
REQUEST		exec_rpm	1605219495932	1605219496192	OK	 
REQUEST		warm_up	1605219496016	1605219496253	OK	 
REQUEST		warm_up	1605219496046	1605219496253	OK	 
REQUEST		exec_rpm	1605219496049	1605219496311	OK	 
REQUEST		warm_up	1605219496109	1605219496332	OK	 
REQUEST		exec_rpm	1605219496129	1605219496339	OK	 
REQUEST		warm_up	1605219496113	1605219496352	OK	 
REQUEST		warm_up	1605219496152	1605219496370	OK	 
REQUEST		warm_up	1605219496156	1605219496380	OK	 
REQUEST		warm_up	1605219496124	1605219496391	OK	 
REQUEST		exec_rpm	1605219496193	1605219496448	OK	 
REQUEST		warm_up	1605219496253	1605219496466	OK	 
REQUEST		warm_up	1605219496253	1605219496487	OK	 
REQUEST		exec_rpm	1605219496312	1605219496544	OK	 
REQUEST		warm_up	1605219496352	1605219496546	OK	 
REQUEST		warm_up	1605219496333	1605219496555	OK	 
REQUEST		exec_rpm	1605219496340	1605219496582	OK	 
REQUEST		warm_up	1605219496371	1605219496618	OK	 
REQUEST		exec_rpm	1605219496381	1605219496635	OK	 
REQUEST		warm_up	1605219496392	1605219496645	OK	 
REQUEST		warm_up	1605219496467	1605219496660	OK	 
REQUEST		exec_rpm	1605219496449	1605219496664	OK	 
REQUEST		warm_up	1605219496488	1605219496709	OK	 
REQUEST		exec_rpm	1605219496544	1605219496757	OK	 
REQUEST		warm_up	1605219496547	1605219496777	OK	 
REQUEST		exec_rpm	1605219496582	1605219496785	OK	 
REQUEST		warm_up	1605219496555	1605219496821	OK	 
REQUEST		warm_up	1605219496619	1605219496835	OK	 
REQUEST		warm_up	1605219496660	1605219496863	OK	 
REQUEST		exec_rpm	1605219496635	1605219496881	OK	 
REQUEST		warm_up	1605219496646	1605219496893	OK	 
REQUEST		exec_rpm	1605219496688	1605219496921	OK	 
REQUEST		warm_up	1605219496710	1605219496929	OK	 
REQUEST		exec_rpm	1605219496757	1605219496996	OK	 
REQUEST		warm_up	1605219496778	1605219497031	OK	 
REQUEST		exec_rpm	1605219496785	1605219497044	OK	 
REQUEST		warm_up	1605219496823	1605219497050	OK	 
REQUEST		warm_up	1605219496836	1605219497063	OK	 
REQUEST		warm_up	1605219496863	1605219497070	OK	 
REQUEST		exec_rpm	1605219496881	1605219497112	OK	 
REQUEST		warm_up	1605219496893	1605219497124	OK	 
REQUEST		exec_rpm	1605219496921	1605219497137	OK	 
REQUEST		warm_up	1605219496929	1605219497195	OK	 
REQUEST		exec_rpm	1605219496997	1605219497216	OK	 
REQUEST		warm_up	1605219497032	1605219497237	OK	 
REQUEST		warm_up	1605219497064	1605219497271	OK	 
REQUEST		exec_rpm	1605219497044	1605219497283	OK	 
REQUEST		warm_up	1605219497051	1605219497301	OK	 
REQUEST		warm_up	1605219497071	1605219497308	OK	 
REQUEST		exec_rpm	1605219497112	1605219497359	OK	 
REQUEST		warm_up	1605219497124	1605219497370	OK	 
REQUEST		exec_rpm	1605219497137	1605219497378	OK	 
REQUEST		warm_up	1605219497195	1605219497431	OK	 
REQUEST		exec_rpm	1605219497217	1605219497458	OK	 
REQUEST		warm_up	1605219497238	1605219497470	OK	 
REQUEST		warm_up	1605219497272	1605219497484	OK	 
REQUEST		exec_rpm	1605219497284	1605219497489	OK	 
REQUEST		warm_up	1605219497302	1605219497510	OK	 
REQUEST		warm_up	1605219497309	1605219497558	OK	 
REQUEST		warm_up	1605219497371	1605219497595	OK	 
REQUEST		exec_rpm	1605219497378	1605219497602	OK	 
REQUEST		exec_rpm	1605219497360	1605219497615	OK	 
REQUEST		exec_rpm	1605219497432	1605219497674	OK	 
REQUEST		exec_rpm	1605219497490	1605219497702	OK	 
REQUEST		exec_rpm	1605219497458	1605219497708	OK	 
REQUEST		warm_up	1605219497485	1605219497709	OK	 
REQUEST		warm_up	1605219497470	1605219497728	OK	 
REQUEST		warm_up	1605219497511	1605219497730	OK	 
REQUEST		warm_up	1605219497559	1605219497816	OK	 
REQUEST		exec_rpm	1605219497603	1605219497836	OK	 
REQUEST		exec_rpm	1605219497616	1605219497861	OK	 
REQUEST		warm_up	1605219497595	1605219497863	OK	 
REQUEST		exec_rpm	1605219497675	1605219497919	OK	 
REQUEST		warm_up	1605219497710	1605219497920	OK	 
REQUEST		exec_rpm	1605219497703	1605219497921	OK	 
REQUEST		warm_up	1605219497729	1605219497923	OK	 
REQUEST		warm_up	1605219497731	1605219497952	OK	 
REQUEST		exec_rpm	1605219497709	1605219497970	OK	 
REQUEST		exec_rpm	1605219497836	1605219498031	OK	 
REQUEST		warm_up	1605219497817	1605219498047	OK	 
REQUEST		exec_rpm	1605219497861	1605219498115	OK	 
REQUEST		warm_up	1605219497863	1605219498119	OK	 
REQUEST		exec_rpm	1605219497922	1605219498123	OK	 
REQUEST		warm_up	1605219497920	1605219498129	OK	 
REQUEST		warm_up	1605219497924	1605219498153	OK	 
REQUEST		exec_rpm	1605219497920	1605219498175	OK	 
REQUEST		exec_rpm	1605219497970	1605219498179	OK	 
REQUEST		warm_up	1605219497952	1605219498212	OK	 
REQUEST		exec_rpm	1605219498032	1605219498243	OK	 
REQUEST		warm_up	1605219498048	1605219498269	OK	 
REQUEST		exec_rpm	1605219498116	1605219498314	OK	 
REQUEST		warm_up	1605219498130	1605219498341	OK	 
REQUEST		exec_rpm	1605219498124	1605219498350	OK	 
REQUEST		warm_up	1605219498153	1605219498352	OK	 
REQUEST		warm_up	1605219498119	1605219498355	OK	 
REQUEST		exec_rpm	1605219498175	1605219498408	OK	 
REQUEST		exec_rpm	1605219498179	1605219498423	OK	 
REQUEST		warm_up	1605219498212	1605219498463	OK	 
REQUEST		warm_up	1605219498269	1605219498480	OK	 
REQUEST		exec_rpm	1605219498244	1605219498490	OK	 
REQUEST		exec_rpm	1605219498350	1605219498545	OK	 
REQUEST		exec_rpm	1605219498315	1605219498568	OK	 
REQUEST		warm_up	1605219498342	1605219498570	OK	 
REQUEST		warm_up	1605219498352	1605219498583	OK	 
REQUEST		warm_up	1605219498356	1605219498621	OK	 
REQUEST		exec_rpm	1605219498408	1605219498657	OK	 
REQUEST		warm_up	1605219498464	1605219498664	OK	 
REQUEST		exec_rpm	1605219498424	1605219498680	OK	 
REQUEST		warm_up	1605219498480	1605219498732	OK	 
REQUEST		exec_rpm	1605219498491	1605219498746	OK	 
REQUEST		exec_rpm	1605219498546	1605219498786	OK	 
REQUEST		warm_up	1605219498570	1605219498794	OK	 
REQUEST		exec_rpm	1605219498568	1605219498813	OK	 
REQUEST		exec_rpm	1605219498584	1605219498814	OK	 
REQUEST		warm_up	1605219498622	1605219498839	OK	 
REQUEST		exec_rpm	1605219498681	1605219498885	OK	 
REQUEST		exec_rpm	1605219498657	1605219498893	OK	 
REQUEST		warm_up	1605219498665	1605219498923	OK	 
REQUEST		warm_up	1605219498733	1605219498970	OK	 
REQUEST		exec_rpm	1605219498747	1605219498979	OK	 
REQUEST		warm_up	1605219498794	1605219499011	OK	 
REQUEST		exec_rpm	1605219498787	1605219499014	OK	 
REQUEST		exec_rpm	1605219498813	1605219499040	OK	 
REQUEST		exec_rpm	1605219498814	1605219499060	OK	 
REQUEST		warm_up	1605219498840	1605219499075	OK	 
REQUEST		exec_rpm	1605219498886	1605219499126	OK	 
REQUEST		warm_up	1605219498924	1605219499137	OK	 
REQUEST		exec_rpm	1605219498893	1605219499157	OK	 
REQUEST		warm_up	1605219499012	1605219499204	OK	 
REQUEST		warm_up	1605219498971	1605219499205	OK	 
REQUEST		exec_rpm	1605219498980	1605219499220	OK	 
REQUEST		exec_rpm	1605219499040	1605219499249	OK	 
REQUEST		exec_rpm	1605219499060	1605219499254	OK	 
REQUEST		exec_rpm	1605219499015	1605219499264	OK	 
REQUEST		warm_up	1605219499076	1605219499308	OK	 
REQUEST		warm_up	1605219499138	1605219499371	OK	 
REQUEST		exec_rpm	1605219499158	1605219499379	OK	 
REQUEST		exec_rpm	1605219499127	1605219499393	OK	 
REQUEST		warm_up	1605219499204	1605219499448	OK	 
REQUEST		exec_rpm	1605219499221	1605219499451	OK	 
REQUEST		warm_up	1605219499206	1605219499459	OK	 
REQUEST		exec_rpm	1605219499249	1605219499492	OK	 
REQUEST		exec_rpm	1605219499265	1605219499513	OK	 
REQUEST		warm_up	1605219499309	1605219499525	OK	 
REQUEST		exec_rpm	1605219499255	1605219499532	OK	 
REQUEST		warm_up	1605219499372	1605219499596	OK	 
REQUEST		exec_rpm	1605219499380	1605219499623	OK	 
REQUEST		exec_rpm	1605219499393	1605219499648	OK	 
REQUEST		exec_rpm	1605219499452	1605219499661	OK	 
REQUEST		warm_up	1605219499448	1605219499663	OK	 
REQUEST		exec_rpm	1605219499493	1605219499696	OK	 
REQUEST		warm_up	1605219499460	1605219499701	OK	 
REQUEST		exec_rpm	1605219499513	1605219499763	OK	 
REQUEST		exec_rpm	1605219499525	1605219499774	OK	 
REQUEST		exec_rpm	1605219499533	1605219499785	OK	 
REQUEST		warm_up	1605219499596	1605219499852	OK	 
REQUEST		warm_up	1605219499663	1605219499858	OK	 
REQUEST		exec_rpm	1605219499648	1605219499876	OK	 
REQUEST		exec_rpm	1605219499624	1605219499880	OK	 
REQUEST		exec_rpm	1605219499662	1605219499881	OK	 
REQUEST		warm_up	1605219499702	1605219499910	OK	 
REQUEST		exec_rpm	1605219499696	1605219499916	OK	 
REQUEST		exec_rpm	1605219499764	1605219499989	OK	 
REQUEST		exec_rpm	1605219499786	1605219500005	OK	 
REQUEST		exec_rpm	1605219499774	1605219500026	OK	 
REQUEST		warm_up	1605219499858	1605219500057	OK	 
REQUEST		warm_up	1605219499852	1605219500112	OK	 
REQUEST		warm_up	1605219499910	1605219500112	OK	 
REQUEST		exec_rpm	1605219499880	1605219500119	OK	 
REQUEST		exec_rpm	1605219499881	1605219500124	OK	 
REQUEST		exec_rpm	1605219499877	1605219500125	OK	 
REQUEST		exec_rpm	1605219499916	1605219500139	OK	 
REQUEST		exec_rpm	1605219500005	1605219500228	OK	 
REQUEST		exec_rpm	1605219499990	1605219500236	OK	 
REQUEST		warm_up	1605219500058	1605219500272	OK	 
REQUEST		exec_rpm	1605219500027	1605219500284	OK	 
REQUEST		warm_up	1605219500112	1605219500335	OK	 
REQUEST		exec_rpm	1605219500140	1605219500335	OK	 
REQUEST		exec_rpm	1605219500120	1605219500347	OK	 
REQUEST		exec_rpm	1605219500125	1605219500368	OK	 
REQUEST		exec_rpm	1605219500124	1605219500376	OK	 
REQUEST		warm_up	1605219500112	1605219500384	OK	 
REQUEST		warm_up	1605219500273	1605219500477	OK	 
REQUEST		exec_rpm	1605219500228	1605219500486	OK	 
REQUEST		exec_rpm	1605219500285	1605219500498	OK	 
REQUEST		exec_rpm	1605219500237	1605219500498	OK	 
REQUEST		warm_up	1605219500335	1605219500554	OK	 
REQUEST		exec_rpm	1605219500335	1605219500569	OK	 
REQUEST		exec_rpm	1605219500347	1605219500608	OK	 
REQUEST		exec_rpm	1605219500368	1605219500614	OK	 
REQUEST		exec_rpm	1605219500377	1605219500624	OK	 
REQUEST		warm_up	1605219500384	1605219500638	OK	 
REQUEST		exec_rpm	1605219500487	1605219500683	OK	 
REQUEST		warm_up	1605219500477	1605219500684	OK	 
REQUEST		exec_rpm	1605219500499	1605219500717	OK	 
REQUEST		exec_rpm	1605219500499	1605219500743	OK	 
REQUEST		exec_rpm	1605219500554	1605219500782	OK	 
REQUEST		exec_rpm	1605219500570	1605219500794	OK	 
REQUEST		exec_rpm	1605219500608	1605219500850	OK	 
REQUEST		exec_rpm	1605219500614	1605219500857	OK	 
REQUEST		warm_up	1605219500638	1605219500877	OK	 
REQUEST		exec_rpm	1605219500624	1605219500884	OK	 
REQUEST		exec_rpm	1605219500683	1605219500903	OK	 
REQUEST		warm_up	1605219500684	1605219500933	OK	 
REQUEST		exec_rpm	1605219500717	1605219500934	OK	 
REQUEST		exec_rpm	1605219500744	1605219500973	OK	 
REQUEST		exec_rpm	1605219500794	1605219500996	OK	 
REQUEST		exec_rpm	1605219500783	1605219501023	OK	 
REQUEST		exec_rpm	1605219500850	1605219501082	OK	 
REQUEST		exec_rpm	1605219500858	1605219501089	OK	 
REQUEST		warm_up	1605219500878	1605219501090	OK	 
REQUEST		exec_rpm	1605219500903	1605219501116	OK	 
REQUEST		exec_rpm	1605219500934	1605219501120	OK	 
REQUEST		warm_up	1605219500933	1605219501134	OK	 
REQUEST		exec_rpm	1605219500884	1605219501135	OK	 
REQUEST		exec_rpm	1605219500974	1605219501229	OK	 
REQUEST		exec_rpm	1605219500997	1605219501247	OK	 
REQUEST		exec_rpm	1605219501023	1605219501252	OK	 
REQUEST		exec_rpm	1605219501083	1605219501302	OK	 
REQUEST		exec_rpm	1605219501090	1605219501313	OK	 
REQUEST		warm_up	1605219501090	1605219501318	OK	 
REQUEST		warm_up	1605219501135	1605219501343	OK	 
REQUEST		exec_rpm	1605219501117	1605219501353	OK	 
REQUEST		exec_rpm	1605219501135	1605219501363	OK	 
REQUEST		exec_rpm	1605219501121	1605219501384	OK	 
REQUEST		exec_rpm	1605219501247	1605219501464	OK	 
REQUEST		exec_rpm	1605219501230	1605219501473	OK	 
REQUEST		exec_rpm	1605219501253	1605219501492	OK	 
REQUEST		exec_rpm	1605219501302	1605219501531	OK	 
REQUEST		warm_up	1605219501318	1605219501546	OK	 
REQUEST		exec_rpm	1605219501314	1605219501565	OK	 
REQUEST		warm_up	1605219501344	1605219501585	OK	 
REQUEST		exec_rpm	1605219501364	1605219501595	OK	 
REQUEST		exec_rpm	1605219501384	1605219501615	OK	 
REQUEST		exec_rpm	1605219501353	1605219501616	OK	 
REQUEST		exec_rpm	1605219501464	1605219501674	OK	 
REQUEST		exec_rpm	1605219501473	1605219501750	OK	 
REQUEST		exec_rpm	1605219501493	1605219501755	OK	 
REQUEST		exec_rpm	1605219501532	1605219501806	OK	 
REQUEST		warm_up	1605219501547	1605219501807	OK	 
REQUEST		exec_rpm	1605219501566	1605219501811	OK	 
REQUEST		exec_rpm	1605219501586	1605219501813	OK	 
REQUEST		exec_rpm	1605219501616	1605219501851	OK	 
REQUEST		exec_rpm	1605219501617	1605219501858	OK	 
REQUEST		exec_rpm	1605219501596	1605219501866	OK	 
REQUEST		exec_rpm	1605219501674	1605219501908	OK	 
REQUEST		exec_rpm	1605219501751	1605219501993	OK	 
REQUEST		exec_rpm	1605219501813	1605219502016	OK	 
REQUEST		exec_rpm	1605219501755	1605219502016	OK	 
REQUEST		exec_rpm	1605219501811	1605219502025	OK	 
REQUEST		exec_rpm	1605219501806	1605219502026	OK	 
REQUEST		warm_up	1605219501807	1605219502081	OK	 
REQUEST		exec_rpm	1605219501859	1605219502082	OK	 
REQUEST		exec_rpm	1605219501866	1605219502089	OK	 
REQUEST		exec_rpm	1605219501852	1605219502098	OK	 
REQUEST		exec_rpm	1605219501909	1605219502147	OK	 
REQUEST		exec_rpm	1605219501993	1605219502233	OK	 
REQUEST		exec_rpm	1605219502025	1605219502244	OK	 
REQUEST		exec_rpm	1605219502016	1605219502246	OK	 
REQUEST		exec_rpm	1605219502016	1605219502255	OK	 
REQUEST		exec_rpm	1605219502027	1605219502261	OK	 
REQUEST		exec_rpm	1605219502089	1605219502299	OK	 
REQUEST		warm_up	1605219502081	1605219502310	OK	 
REQUEST		exec_rpm	1605219502082	1605219502325	OK	 
REQUEST		exec_rpm	1605219502098	1605219502345	OK	 
REQUEST		exec_rpm	1605219502148	1605219502367	OK	 
REQUEST		exec_rpm	1605219502234	1605219502450	OK	 
REQUEST		exec_rpm	1605219502244	1605219502460	OK	 
REQUEST		exec_rpm	1605219502246	1605219502462	OK	 
REQUEST		exec_rpm	1605219502255	1605219502464	OK	 
REQUEST		warm_up	1605219502311	1605219502512	OK	 
REQUEST		exec_rpm	1605219502299	1605219502527	OK	 
REQUEST		exec_rpm	1605219502261	1605219502529	OK	 
REQUEST		exec_rpm	1605219502326	1605219502562	OK	 
REQUEST		exec_rpm	1605219502345	1605219502573	OK	 
REQUEST		exec_rpm	1605219502368	1605219502627	OK	 
REQUEST		exec_rpm	1605219502461	1605219502674	OK	 
REQUEST		exec_rpm	1605219502464	1605219502700	OK	 
REQUEST		exec_rpm	1605219502513	1605219502710	OK	 
REQUEST		exec_rpm	1605219502462	1605219502717	OK	 
REQUEST		exec_rpm	1605219502450	1605219502722	OK	 
REQUEST		exec_rpm	1605219502528	1605219502760	OK	 
REQUEST		exec_rpm	1605219502529	1605219502764	OK	 
REQUEST		exec_rpm	1605219502573	1605219502785	OK	 
REQUEST		exec_rpm	1605219502562	1605219502830	OK	 
REQUEST		exec_rpm	1605219502627	1605219502872	OK	 
REQUEST		exec_rpm	1605219502675	1605219502916	OK	 
REQUEST		exec_rpm	1605219502711	1605219502931	OK	 
REQUEST		exec_rpm	1605219502718	1605219502935	OK	 
REQUEST		exec_rpm	1605219502701	1605219502938	OK	 
REQUEST		exec_rpm	1605219502722	1605219502965	OK	 
REQUEST		exec_rpm	1605219502761	1605219502996	OK	 
REQUEST		exec_rpm	1605219502785	1605219503025	OK	 
REQUEST		exec_rpm	1605219502765	1605219503029	OK	 
REQUEST		exec_rpm	1605219502831	1605219503035	OK	 
REQUEST		exec_rpm	1605219502917	1605219503117	OK	 
REQUEST		exec_rpm	1605219502873	1605219503133	OK	 
REQUEST		exec_rpm	1605219502931	1605219503173	OK	 
REQUEST		exec_rpm	1605219502938	1605219503179	OK	 
REQUEST		exec_rpm	1605219502936	1605219503180	OK	 
REQUEST		exec_rpm	1605219502966	1605219503192	OK	 
REQUEST		exec_rpm	1605219502996	1605219503197	OK	 
REQUEST		exec_rpm	1605219503026	1605219503228	OK	 
REQUEST		exec_rpm	1605219503030	1605219503236	OK	 
REQUEST		exec_rpm	1605219503035	1605219503243	OK	 
REQUEST		exec_rpm	1605219503134	1605219503342	OK	 
REQUEST		exec_rpm	1605219503118	1605219503355	OK	 
REQUEST		exec_rpm	1605219503174	1605219503392	OK	 
REQUEST		exec_rpm	1605219503180	1605219503402	OK	 
REQUEST		exec_rpm	1605219503198	1605219503413	OK	 
REQUEST		exec_rpm	1605219503179	1605219503419	OK	 
REQUEST		exec_rpm	1605219503229	1605219503428	OK	 
REQUEST		exec_rpm	1605219503192	1605219503438	OK	 
REQUEST		exec_rpm	1605219503237	1605219503470	OK	 
REQUEST		exec_rpm	1605219503343	1605219503555	OK	 
REQUEST		exec_rpm	1605219503392	1605219503608	OK	 
REQUEST		exec_rpm	1605219503439	1605219503649	OK	 
REQUEST		exec_rpm	1605219503419	1605219503654	OK	 
REQUEST		exec_rpm	1605219503428	1605219503654	OK	 
REQUEST		exec_rpm	1605219503414	1605219503661	OK	 
REQUEST		exec_rpm	1605219503471	1605219503692	OK	 
REQUEST		exec_rpm	1605219503244	1605219503767	OK	 
REQUEST		exec_rpm	1605219503355	1605219503782	OK	 
REQUEST		exec_rpm	1605219503402	1605219503798	OK	 
REQUEST		exec_rpm	1605219503556	1605219503813	OK	 
REQUEST		exec_rpm	1605219503608	1605219503833	OK	 
REQUEST		exec_rpm	1605219503662	1605219503866	OK	 
REQUEST		exec_rpm	1605219503655	1605219503892	OK	 
REQUEST		exec_rpm	1605219503649	1605219503919	OK	 
REQUEST		exec_rpm	1605219503655	1605219503929	OK	 
REQUEST		exec_rpm	1605219503692	1605219503956	OK	 
REQUEST		exec_rpm	1605219503813	1605219504007	OK	 
REQUEST		exec_rpm	1605219503799	1605219504029	OK	 
REQUEST		exec_rpm	1605219503768	1605219504032	OK	 
REQUEST		exec_rpm	1605219503783	1605219504044	OK	 
REQUEST		exec_rpm	1605219503834	1605219504077	OK	 
REQUEST		exec_rpm	1605219503893	1605219504093	OK	 
REQUEST		exec_rpm	1605219503866	1605219504094	OK	 
REQUEST		exec_rpm	1605219503920	1605219504143	OK	 
REQUEST		exec_rpm	1605219503929	1605219504178	OK	 
REQUEST		exec_rpm	1605219503956	1605219504192	OK	 
REQUEST		exec_rpm	1605219504033	1605219504230	OK	 
REQUEST		exec_rpm	1605219504007	1605219504268	OK	 
REQUEST		exec_rpm	1605219504094	1605219504286	OK	 
REQUEST		exec_rpm	1605219504044	1605219504288	OK	 
REQUEST		exec_rpm	1605219504030	1605219504290	OK	 
REQUEST		exec_rpm	1605219504078	1605219504299	OK	 
REQUEST		exec_rpm	1605219504094	1605219504307	OK	 
REQUEST		exec_rpm	1605219504144	1605219504390	OK	 
REQUEST		exec_rpm	1605219504192	1605219504395	OK	 
REQUEST		exec_rpm	1605219504178	1605219504412	OK	 
REQUEST		exec_rpm	1605219504268	1605219504474	OK	 
REQUEST		exec_rpm	1605219504286	1605219504478	OK	 
REQUEST		exec_rpm	1605219504230	1605219504491	OK	 
REQUEST		exec_rpm	1605219504288	1605219504506	OK	 
REQUEST		exec_rpm	1605219504291	1605219504506	OK	 
REQUEST		exec_rpm	1605219504307	1605219504525	OK	 
REQUEST		exec_rpm	1605219504299	1605219504540	OK	 
REQUEST		exec_rpm	1605219504390	1605219504613	OK	 
REQUEST		exec_rpm	1605219504412	1605219504622	OK	 
REQUEST		exec_rpm	1605219504395	1605219504636	OK	 
REQUEST		exec_rpm	1605219504474	1605219504701	OK	 
REQUEST		exec_rpm	1605219504478	1605219504705	OK	 
REQUEST		exec_rpm	1605219504491	1605219504729	OK	 
REQUEST		exec_rpm	1605219504525	1605219504749	OK	 
REQUEST		exec_rpm	1605219504507	1605219504756	OK	 
REQUEST		exec_rpm	1605219504507	1605219504757	OK	 
REQUEST		exec_rpm	1605219504540	1605219504786	OK	 
REQUEST		exec_rpm	1605219504622	1605219504812	OK	 
REQUEST		exec_rpm	1605219504637	1605219504851	OK	 
REQUEST		exec_rpm	1605219504613	1605219504853	OK	 
REQUEST		exec_rpm	1605219504705	1605219504918	OK	 
REQUEST		exec_rpm	1605219504702	1605219504937	OK	 
REQUEST		exec_rpm	1605219504729	1605219504941	OK	 
REQUEST		exec_rpm	1605219504757	1605219504986	OK	 
REQUEST		exec_rpm	1605219504757	1605219504993	OK	 
REQUEST		exec_rpm	1605219504787	1605219504996	OK	 
REQUEST		exec_rpm	1605219504750	1605219504998	OK	 
REQUEST		exec_rpm	1605219504812	1605219505025	OK	 
REQUEST		exec_rpm	1605219504853	1605219505075	OK	 
REQUEST		exec_rpm	1605219504852	1605219505109	OK	 
REQUEST		exec_rpm	1605219504918	1605219505144	OK	 
REQUEST		exec_rpm	1605219504938	1605219505168	OK	 
REQUEST		exec_rpm	1605219504942	1605219505182	OK	 
REQUEST		exec_rpm	1605219504994	1605219505185	OK	 
REQUEST		exec_rpm	1605219504986	1605219505204	OK	 
REQUEST		exec_rpm	1605219504997	1605219505204	OK	 
REQUEST		exec_rpm	1605219504998	1605219505217	OK	 
REQUEST		exec_rpm	1605219505025	1605219505219	OK	 
REQUEST		exec_rpm	1605219505075	1605219505309	OK	 
REQUEST		exec_rpm	1605219505110	1605219505330	OK	 
REQUEST		exec_rpm	1605219505145	1605219505365	OK	 
REQUEST		exec_rpm	1605219505183	1605219505403	OK	 
REQUEST		exec_rpm	1605219505205	1605219505422	OK	 
REQUEST		exec_rpm	1605219505169	1605219505424	OK	 
REQUEST		exec_rpm	1605219505217	1605219505434	OK	 
REQUEST		exec_rpm	1605219505219	1605219505438	OK	 
REQUEST		exec_rpm	1605219505185	1605219505439	OK	 
REQUEST		exec_rpm	1605219505205	1605219505462	OK	 
REQUEST		exec_rpm	1605219505309	1605219505535	OK	 
REQUEST		exec_rpm	1605219505331	1605219505550	OK	 
REQUEST		exec_rpm	1605219505365	1605219505589	OK	 
REQUEST		exec_rpm	1605219505404	1605219505639	OK	 
REQUEST		exec_rpm	1605219505425	1605219505649	OK	 
REQUEST		exec_rpm	1605219505440	1605219505664	OK	 
REQUEST		exec_rpm	1605219505439	1605219505666	OK	 
REQUEST		exec_rpm	1605219505423	1605219505679	OK	 
REQUEST		exec_rpm	1605219505462	1605219505710	OK	 
REQUEST		exec_rpm	1605219505435	1605219505744	OK	 
REQUEST		exec_rpm	1605219505536	1605219505774	OK	 
REQUEST		exec_rpm	1605219505550	1605219505778	OK	 
REQUEST		exec_rpm	1605219505590	1605219505849	OK	 
REQUEST		exec_rpm	1605219505666	1605219505863	OK	 
REQUEST		exec_rpm	1605219505665	1605219505874	OK	 
REQUEST		exec_rpm	1605219505649	1605219505879	OK	 
REQUEST		exec_rpm	1605219505640	1605219505880	OK	 
REQUEST		exec_rpm	1605219505680	1605219505895	OK	 
REQUEST		exec_rpm	1605219505711	1605219505924	OK	 
REQUEST		exec_rpm	1605219505745	1605219505960	OK	 
REQUEST		exec_rpm	1605219505778	1605219506008	OK	 
REQUEST		exec_rpm	1605219505774	1605219506034	OK	 
REQUEST		exec_rpm	1605219505849	1605219506071	OK	 
REQUEST		exec_rpm	1605219505863	1605219506074	OK	 
REQUEST		exec_rpm	1605219505875	1605219506078	OK	 
REQUEST		exec_rpm	1605219505880	1605219506095	OK	 
REQUEST		exec_rpm	1605219505879	1605219506117	OK	 
REQUEST		exec_rpm	1605219505925	1605219506128	OK	 
REQUEST		exec_rpm	1605219505896	1605219506143	OK	 
REQUEST		exec_rpm	1605219505961	1605219506210	OK	 
REQUEST		exec_rpm	1605219506009	1605219506250	OK	 
REQUEST		exec_rpm	1605219506035	1605219506278	OK	 
REQUEST		exec_rpm	1605219506078	1605219506293	OK	 
REQUEST		exec_rpm	1605219506074	1605219506303	OK	 
REQUEST		exec_rpm	1605219506071	1605219506314	OK	 
REQUEST		exec_rpm	1605219506095	1605219506318	OK	 
REQUEST		exec_rpm	1605219506117	1605219506335	OK	 
REQUEST		exec_rpm	1605219506128	1605219506352	OK	 
REQUEST		exec_rpm	1605219506143	1605219506398	OK	 
REQUEST		exec_rpm	1605219506210	1605219506418	OK	 
REQUEST		exec_rpm	1605219506250	1605219506479	OK	 
REQUEST		exec_rpm	1605219506293	1605219506484	OK	 
REQUEST		exec_rpm	1605219506278	1605219506495	OK	 
REQUEST		exec_rpm	1605219506335	1605219506531	OK	 
REQUEST		exec_rpm	1605219506303	1605219506536	OK	 
REQUEST		exec_rpm	1605219506318	1605219506552	OK	 
REQUEST		exec_rpm	1605219506314	1605219506576	OK	 
REQUEST		exec_rpm	1605219506353	1605219506599	OK	 
REQUEST		exec_rpm	1605219506399	1605219506635	OK	 
REQUEST		exec_rpm	1605219506418	1605219506667	OK	 
REQUEST		exec_rpm	1605219506480	1605219506682	OK	 
REQUEST		exec_rpm	1605219506496	1605219506712	OK	 
REQUEST		exec_rpm	1605219506484	1605219506718	OK	 
REQUEST		exec_rpm	1605219506532	1605219506761	OK	 
REQUEST		exec_rpm	1605219506536	1605219506784	OK	 
REQUEST		exec_rpm	1605219506553	1605219506787	OK	 
REQUEST		exec_rpm	1605219506576	1605219506805	OK	 
REQUEST		exec_rpm	1605219506600	1605219506860	OK	 
REQUEST		exec_rpm	1605219506668	1605219506869	OK	 
REQUEST		exec_rpm	1605219506635	1605219506873	OK	 
REQUEST		exec_rpm	1605219506682	1605219506896	OK	 
REQUEST		exec_rpm	1605219506718	1605219506945	OK	 
REQUEST		exec_rpm	1605219506712	1605219506957	OK	 
REQUEST		exec_rpm	1605219506784	1605219507007	OK	 
REQUEST		exec_rpm	1605219506787	1605219507018	OK	 
REQUEST		exec_rpm	1605219506762	1605219507033	OK	 
REQUEST		exec_rpm	1605219506806	1605219507043	OK	 
REQUEST		exec_rpm	1605219506870	1605219507069	OK	 
REQUEST		exec_rpm	1605219506860	1605219507086	OK	 
REQUEST		exec_rpm	1605219506897	1605219507126	OK	 
REQUEST		exec_rpm	1605219506874	1605219507128	OK	 
REQUEST		exec_rpm	1605219506945	1605219507186	OK	 
REQUEST		exec_rpm	1605219506957	1605219507202	OK	 
REQUEST		exec_rpm	1605219507007	1605219507234	OK	 
REQUEST		exec_rpm	1605219507043	1605219507246	OK	 
REQUEST		exec_rpm	1605219507018	1605219507254	OK	 
REQUEST		exec_rpm	1605219507033	1605219507274	OK	 
REQUEST		exec_rpm	1605219507069	1605219507279	OK	 
REQUEST		exec_rpm	1605219507087	1605219507302	OK	 
REQUEST		exec_rpm	1605219507127	1605219507356	OK	 
REQUEST		exec_rpm	1605219507129	1605219507361	OK	 
REQUEST		exec_rpm	1605219507234	1605219507433	OK	 
REQUEST		exec_rpm	1605219507186	1605219507433	OK	 
REQUEST		exec_rpm	1605219507202	1605219507437	OK	 
REQUEST		exec_rpm	1605219507255	1605219507475	OK	 
REQUEST		exec_rpm	1605219507274	1605219507475	OK	 
REQUEST		exec_rpm	1605219507246	1605219507480	OK	 
REQUEST		exec_rpm	1605219507279	1605219507504	OK	 
REQUEST		exec_rpm	1605219507303	1605219507522	OK	 
REQUEST		exec_rpm	1605219507361	1605219507564	OK	 
REQUEST		exec_rpm	1605219507357	1605219507565	OK	 
REQUEST		exec_rpm	1605219507434	1605219507635	OK	 
REQUEST		exec_rpm	1605219507475	1605219507675	OK	 
REQUEST		exec_rpm	1605219507434	1605219507677	OK	 
REQUEST		exec_rpm	1605219507438	1605219507682	OK	 
REQUEST		exec_rpm	1605219507475	1605219507700	OK	 
REQUEST		exec_rpm	1605219507505	1605219507701	OK	 
REQUEST		exec_rpm	1605219507480	1605219507732	OK	 
REQUEST		exec_rpm	1605219507522	1605219507735	OK	 
REQUEST		exec_rpm	1605219507564	1605219507816	OK	 
REQUEST		exec_rpm	1605219507565	1605219507831	OK	 
REQUEST		exec_rpm	1605219507636	1605219507842	OK	 
REQUEST		exec_rpm	1605219507682	1605219507909	OK	 
REQUEST		exec_rpm	1605219507700	1605219507924	OK	 
REQUEST		exec_rpm	1605219507676	1605219507929	OK	 
REQUEST		exec_rpm	1605219507677	1605219507932	OK	 
REQUEST		exec_rpm	1605219507701	1605219507945	OK	 
REQUEST		exec_rpm	1605219507732	1605219507965	OK	 
REQUEST		exec_rpm	1605219507735	1605219507976	OK	 
REQUEST		exec_rpm	1605219507816	1605219508029	OK	 
REQUEST		exec_rpm	1605219507831	1605219508066	OK	 
REQUEST		exec_rpm	1605219507843	1605219508085	OK	 
REQUEST		exec_rpm	1605219507910	1605219508127	OK	 
REQUEST		exec_rpm	1605219507945	1605219508144	OK	 
REQUEST		exec_rpm	1605219507924	1605219508171	OK	 
REQUEST		exec_rpm	1605219507932	1605219508174	OK	 
REQUEST		exec_rpm	1605219507929	1605219508191	OK	 
REQUEST		exec_rpm	1605219507965	1605219508210	OK	 
REQUEST		exec_rpm	1605219507976	1605219508219	OK	 
REQUEST		exec_rpm	1605219508029	1605219508238	OK	 
REQUEST		exec_rpm	1605219508066	1605219508288	OK	 
REQUEST		exec_rpm	1605219508085	1605219508328	OK	 
REQUEST		exec_rpm	1605219508144	1605219508372	OK	 
REQUEST		exec_rpm	1605219508127	1605219508384	OK	 
REQUEST		exec_rpm	1605219508175	1605219508396	OK	 
REQUEST		exec_rpm	1605219508172	1605219508396	OK	 
REQUEST		exec_rpm	1605219508192	1605219508401	OK	 
REQUEST		exec_rpm	1605219508211	1605219508430	OK	 
REQUEST		exec_rpm	1605219508239	1605219508462	OK	 
REQUEST		exec_rpm	1605219508219	1605219508472	OK	 
REQUEST		exec_rpm	1605219508289	1605219508512	OK	 
REQUEST		exec_rpm	1605219508372	1605219508548	OK	 
REQUEST		exec_rpm	1605219508328	1605219508577	OK	 
REQUEST		exec_rpm	1605219508396	1605219508612	OK	 
REQUEST		exec_rpm	1605219508385	1605219508630	OK	 
REQUEST		exec_rpm	1605219508401	1605219508637	OK	 
REQUEST		exec_rpm	1605219508431	1605219508642	OK	 
REQUEST		exec_rpm	1605219508396	1605219508661	OK	 
REQUEST		exec_rpm	1605219508463	1605219508663	OK	 
REQUEST		exec_rpm	1605219508472	1605219508720	OK	 
REQUEST		exec_rpm	1605219508512	1605219508753	OK	 
REQUEST		exec_rpm	1605219508577	1605219508783	OK	 
REQUEST		exec_rpm	1605219508549	1605219508786	OK	 
REQUEST		exec_rpm	1605219508613	1605219508852	OK	 
REQUEST		exec_rpm	1605219508637	1605219508856	OK	 
REQUEST		exec_rpm	1605219508630	1605219508882	OK	 
REQUEST		exec_rpm	1605219508664	1605219508886	OK	 
REQUEST		exec_rpm	1605219508642	1605219508896	OK	 
REQUEST		exec_rpm	1605219508662	1605219508900	OK	 
REQUEST		exec_rpm	1605219508720	1605219508928	OK	 
REQUEST		exec_rpm	1605219508753	1605219508983	OK	 
REQUEST		exec_rpm	1605219508783	1605219508997	OK	 
REQUEST		exec_rpm	1605219508786	1605219509053	OK	 
REQUEST		exec_rpm	1605219508856	1605219509058	OK	 
REQUEST		exec_rpm	1605219508852	1605219509083	OK	 
REQUEST		exec_rpm	1605219508882	1605219509103	OK	 
REQUEST		exec_rpm	1605219508900	1605219509108	OK	 
REQUEST		exec_rpm	1605219508928	1605219509132	OK	 
REQUEST		exec_rpm	1605219508897	1605219509152	OK	 
REQUEST		exec_rpm	1605219508887	1605219509153	OK	 
REQUEST		exec_rpm	1605219508983	1605219509188	OK	 
REQUEST		exec_rpm	1605219508998	1605219509221	OK	 
REQUEST		exec_rpm	1605219509059	1605219509262	OK	 
REQUEST		exec_rpm	1605219509054	1605219509263	OK	 
REQUEST		exec_rpm	1605219509108	1605219509328	OK	 
REQUEST		exec_rpm	1605219509103	1605219509330	OK	 
REQUEST		exec_rpm	1605219509083	1605219509331	OK	 
REQUEST		exec_rpm	1605219509132	1605219509368	OK	 
REQUEST		exec_rpm	1605219509153	1605219509370	OK	 
REQUEST		exec_rpm	1605219509153	1605219509398	OK	 
REQUEST		exec_rpm	1605219509221	1605219509435	OK	 
REQUEST		exec_rpm	1605219509188	1605219509441	OK	 
REQUEST		exec_rpm	1605219509263	1605219509477	OK	 
REQUEST		exec_rpm	1605219509263	1605219509491	OK	 
REQUEST		exec_rpm	1605219509331	1605219509563	OK	 
REQUEST		exec_rpm	1605219509368	1605219509571	OK	 
REQUEST		exec_rpm	1605219509328	1605219509578	OK	 
REQUEST		exec_rpm	1605219509331	1605219509582	OK	 
REQUEST		exec_rpm	1605219509370	1605219509602	OK	 
REQUEST		exec_rpm	1605219509399	1605219509620	OK	 
REQUEST		exec_rpm	1605219509442	1605219509674	OK	 
REQUEST		exec_rpm	1605219509491	1605219509684	OK	 
REQUEST		exec_rpm	1605219509477	1605219509690	OK	 
REQUEST		exec_rpm	1605219509436	1605219509705	OK	 
REQUEST		exec_rpm	1605219509571	1605219509776	OK	 
REQUEST		exec_rpm	1605219509578	1605219509777	OK	 
REQUEST		exec_rpm	1605219509564	1605219509802	OK	 
REQUEST		exec_rpm	1605219509583	1605219509805	OK	 
REQUEST		exec_rpm	1605219509602	1605219509833	OK	 
REQUEST		exec_rpm	1605219509621	1605219509840	OK	 
REQUEST		exec_rpm	1605219509705	1605219509886	OK	 
REQUEST		exec_rpm	1605219509690	1605219509897	OK	 
REQUEST		exec_rpm	1605219509674	1605219509902	OK	 
REQUEST		exec_rpm	1605219509684	1605219509907	OK	 
REQUEST		exec_rpm	1605219509777	1605219510008	OK	 
REQUEST		exec_rpm	1605219509776	1605219510008	OK	 
REQUEST		exec_rpm	1605219509805	1605219510049	OK	 
REQUEST		exec_rpm	1605219509802	1605219510056	OK	 
REQUEST		exec_rpm	1605219509840	1605219510078	OK	 
REQUEST		exec_rpm	1605219509833	1605219510097	OK	 
REQUEST		exec_rpm	1605219509886	1605219510112	OK	 
REQUEST		exec_rpm	1605219509907	1605219510126	OK	 
REQUEST		exec_rpm	1605219509897	1605219510131	OK	 
REQUEST		exec_rpm	1605219509902	1605219510132	OK	 
REQUEST		exec_rpm	1605219510008	1605219510218	OK	 
REQUEST		exec_rpm	1605219510008	1605219510250	OK	 
REQUEST		exec_rpm	1605219510056	1605219510294	OK	 
REQUEST		exec_rpm	1605219510050	1605219510310	OK	 
REQUEST		exec_rpm	1605219510097	1605219510316	OK	 
REQUEST		exec_rpm	1605219510078	1605219510329	OK	 
REQUEST		exec_rpm	1605219510132	1605219510342	OK	 
REQUEST		exec_rpm	1605219510112	1605219510363	OK	 
REQUEST		exec_rpm	1605219510127	1605219510383	OK	 
REQUEST		exec_rpm	1605219510218	1605219510407	OK	 
REQUEST		exec_rpm	1605219510132	1605219510408	OK	 
REQUEST		exec_rpm	1605219510250	1605219510480	OK	 
REQUEST		exec_rpm	1605219510295	1605219510514	OK	 
REQUEST		exec_rpm	1605219510310	1605219510547	OK	 
REQUEST		exec_rpm	1605219510330	1605219510563	OK	 
REQUEST		exec_rpm	1605219510342	1605219510568	OK	 
REQUEST		exec_rpm	1605219510363	1605219510571	OK	 
REQUEST		exec_rpm	1605219510316	1605219510577	OK	 
REQUEST		exec_rpm	1605219510384	1605219510611	OK	 
REQUEST		exec_rpm	1605219510408	1605219510637	OK	 
REQUEST		exec_rpm	1605219510408	1605219510656	OK	 
REQUEST		exec_rpm	1605219510480	1605219510696	OK	 
REQUEST		exec_rpm	1605219510514	1605219510749	OK	 
REQUEST		exec_rpm	1605219510563	1605219510769	OK	 
REQUEST		exec_rpm	1605219510547	1605219510773	OK	 
REQUEST		exec_rpm	1605219510568	1605219510812	OK	 
REQUEST		exec_rpm	1605219510571	1605219510816	OK	 
REQUEST		exec_rpm	1605219510577	1605219510826	OK	 
REQUEST		exec_rpm	1605219510611	1605219510841	OK	 
REQUEST		exec_rpm	1605219510637	1605219510852	OK	 
REQUEST		exec_rpm	1605219510656	1605219510878	OK	 
REQUEST		exec_rpm	1605219510696	1605219510940	OK	 
REQUEST		exec_rpm	1605219510749	1605219510972	OK	 
REQUEST		exec_rpm	1605219510770	1605219510980	OK	 
REQUEST		exec_rpm	1605219510827	1605219511037	OK	 
REQUEST		exec_rpm	1605219510774	1605219511039	OK	 
REQUEST		exec_rpm	1605219510813	1605219511061	OK	 
REQUEST		exec_rpm	1605219510852	1605219511062	OK	 
REQUEST		exec_rpm	1605219510817	1605219511078	OK	 
REQUEST		exec_rpm	1605219510841	1605219511088	OK	 
REQUEST		exec_rpm	1605219510878	1605219511106	OK	 
REQUEST		exec_rpm	1605219510972	1605219511175	OK	 
REQUEST		exec_rpm	1605219510940	1605219511184	OK	 
REQUEST		exec_rpm	1605219510980	1605219511194	OK	 
REQUEST		exec_rpm	1605219511061	1605219511261	OK	 
REQUEST		exec_rpm	1605219511039	1605219511264	OK	 
REQUEST		exec_rpm	1605219511037	1605219511294	OK	 
REQUEST		exec_rpm	1605219511062	1605219511302	OK	 
REQUEST		exec_rpm	1605219511078	1605219511303	OK	 
REQUEST		exec_rpm	1605219511088	1605219511325	OK	 
REQUEST		exec_rpm	1605219511107	1605219511338	OK	 
REQUEST		exec_rpm	1605219511175	1605219511398	OK	 
REQUEST		exec_rpm	1605219511184	1605219511414	OK	 
REQUEST		exec_rpm	1605219511194	1605219511449	OK	 
REQUEST		exec_rpm	1605219511264	1605219511490	OK	 
REQUEST		exec_rpm	1605219511261	1605219511494	OK	 
REQUEST		exec_rpm	1605219511295	1605219511503	OK	 
REQUEST		exec_rpm	1605219511303	1605219511505	OK	 
REQUEST		exec_rpm	1605219511325	1605219511530	OK	 
REQUEST		exec_rpm	1605219511303	1605219511550	OK	 
REQUEST		exec_rpm	1605219511339	1605219511581	OK	 
REQUEST		exec_rpm	1605219511398	1605219511642	OK	 
REQUEST		exec_rpm	1605219511414	1605219511657	OK	 
REQUEST		exec_rpm	1605219511449	1605219511694	OK	 
REQUEST		exec_rpm	1605219511494	1605219511718	OK	 
REQUEST		exec_rpm	1605219511490	1605219511721	OK	 
REQUEST		exec_rpm	1605219511503	1605219511722	OK	 
REQUEST		exec_rpm	1605219511530	1605219511746	OK	 
REQUEST		exec_rpm	1605219511506	1605219511748	OK	 
REQUEST		exec_rpm	1605219511550	1605219511812	OK	 
REQUEST		exec_rpm	1605219511581	1605219511824	OK	 
REQUEST		exec_rpm	1605219511657	1605219511878	OK	 
REQUEST		exec_rpm	1605219511643	1605219511883	OK	 
REQUEST		exec_rpm	1605219511694	1605219511901	OK	 
REQUEST		exec_rpm	1605219511722	1605219511929	OK	 
REQUEST		exec_rpm	1605219511721	1605219511943	OK	 
REQUEST		exec_rpm	1605219511748	1605219511947	OK	 
REQUEST		exec_rpm	1605219511718	1605219511957	OK	 
REQUEST		exec_rpm	1605219511747	1605219511996	OK	 
REQUEST		exec_rpm	1605219511812	1605219512025	OK	 
REQUEST		exec_rpm	1605219511824	1605219512049	OK	 
REQUEST		exec_rpm	1605219511879	1605219512090	OK	 
REQUEST		exec_rpm	1605219511901	1605219512118	OK	 
REQUEST		exec_rpm	1605219511883	1605219512118	OK	 
REQUEST		exec_rpm	1605219511930	1605219512157	OK	 
REQUEST		exec_rpm	1605219511957	1605219512176	OK	 
REQUEST		exec_rpm	1605219511947	1605219512185	OK	 
REQUEST		exec_rpm	1605219511943	1605219512191	OK	 
REQUEST		exec_rpm	1605219511996	1605219512197	OK	 
REQUEST		exec_rpm	1605219512026	1605219512242	OK	 
REQUEST		exec_rpm	1605219512050	1605219512287	OK	 
REQUEST		exec_rpm	1605219512090	1605219512317	OK	 
REQUEST		exec_rpm	1605219512118	1605219512344	OK	 
REQUEST		exec_rpm	1605219512118	1605219512363	OK	 
REQUEST		exec_rpm	1605219512157	1605219512378	OK	 
REQUEST		exec_rpm	1605219512192	1605219512385	OK	 
REQUEST		exec_rpm	1605219512177	1605219512413	OK	 
REQUEST		exec_rpm	1605219512185	1605219512428	OK	 
REQUEST		exec_rpm	1605219512197	1605219512440	OK	 
REQUEST		exec_rpm	1605219512242	1605219512456	OK	 
REQUEST		exec_rpm	1605219512288	1605219512510	OK	 
REQUEST		exec_rpm	1605219512317	1605219512532	OK	 
REQUEST		exec_rpm	1605219512344	1605219512575	OK	 
REQUEST		exec_rpm	1605219512378	1605219512581	OK	 
REQUEST		exec_rpm	1605219512364	1605219512585	OK	 
REQUEST		exec_rpm	1605219512385	1605219512608	OK	 
REQUEST		exec_rpm	1605219512428	1605219512635	OK	 
REQUEST		exec_rpm	1605219512414	1605219512638	OK	 
REQUEST		exec_rpm	1605219512440	1605219512650	OK	 
REQUEST		exec_rpm	1605219512456	1605219512686	OK	 
REQUEST		exec_rpm	1605219512532	1605219512744	OK	 
REQUEST		exec_rpm	1605219512511	1605219512745	OK	 
REQUEST		exec_rpm	1605219512575	1605219512777	OK	 
REQUEST		exec_rpm	1605219512582	1605219512802	OK	 
REQUEST		exec_rpm	1605219512585	1605219512821	OK	 
REQUEST		exec_rpm	1605219512608	1605219512855	OK	 
REQUEST		exec_rpm	1605219512636	1605219512855	OK	 
REQUEST		exec_rpm	1605219512638	1605219512875	OK	 
REQUEST		exec_rpm	1605219512650	1605219512886	OK	 
REQUEST		exec_rpm	1605219512687	1605219512896	OK	 
REQUEST		exec_rpm	1605219512744	1605219512962	OK	 
REQUEST		exec_rpm	1605219512745	1605219512981	OK	 
REQUEST		exec_rpm	1605219512777	1605219513021	OK	 
REQUEST		exec_rpm	1605219512821	1605219513034	OK	 
REQUEST		exec_rpm	1605219512802	1605219513043	OK	 
REQUEST		exec_rpm	1605219512855	1605219513070	OK	 
REQUEST		exec_rpm	1605219512856	1605219513073	OK	 
REQUEST		exec_rpm	1605219512876	1605219513089	OK	 
REQUEST		exec_rpm	1605219512887	1605219513103	OK	 
REQUEST		exec_rpm	1605219512897	1605219513110	OK	 
REQUEST		exec_rpm	1605219512963	1605219513178	OK	 
REQUEST		exec_rpm	1605219512981	1605219513212	OK	 
REQUEST		exec_rpm	1605219513021	1605219513220	OK	 
REQUEST		exec_rpm	1605219513034	1605219513239	OK	 
REQUEST		exec_rpm	1605219513044	1605219513279	OK	 
REQUEST		exec_rpm	1605219513103	1605219513295	OK	 
REQUEST		exec_rpm	1605219513070	1605219513303	OK	 
REQUEST		exec_rpm	1605219513089	1605219513319	OK	 
REQUEST		exec_rpm	1605219513073	1605219513324	OK	 
REQUEST		exec_rpm	1605219513111	1605219513325	OK	 
REQUEST		exec_rpm	1605219513178	1605219513397	OK	 
REQUEST		exec_rpm	1605219513220	1605219513452	OK	 
REQUEST		exec_rpm	1605219513212	1605219513461	OK	 
REQUEST		exec_rpm	1605219513239	1605219513462	OK	 
REQUEST		exec_rpm	1605219513279	1605219513504	OK	 
REQUEST		exec_rpm	1605219513295	1605219513506	OK	 
REQUEST		exec_rpm	1605219513324	1605219513550	OK	 
REQUEST		exec_rpm	1605219513319	1605219513553	OK	 
REQUEST		exec_rpm	1605219513303	1605219513575	OK	 
REQUEST		exec_rpm	1605219513325	1605219513585	OK	 
REQUEST		exec_rpm	1605219513398	1605219513628	OK	 
REQUEST		exec_rpm	1605219513462	1605219513679	OK	 
REQUEST		exec_rpm	1605219513462	1605219513680	OK	 
REQUEST		exec_rpm	1605219513453	1605219513692	OK	 
REQUEST		exec_rpm	1605219513504	1605219513751	OK	 
REQUEST		exec_rpm	1605219513506	1605219513758	OK	 
REQUEST		exec_rpm	1605219513553	1605219513765	OK	 
REQUEST		exec_rpm	1605219513550	1605219513777	OK	 
REQUEST		exec_rpm	1605219513586	1605219513788	OK	 
REQUEST		exec_rpm	1605219513575	1605219513810	OK	 
REQUEST		exec_rpm	1605219513628	1605219513855	OK	 
REQUEST		exec_rpm	1605219513680	1605219513872	OK	 
REQUEST		exec_rpm	1605219513680	1605219513898	OK	 
REQUEST		exec_rpm	1605219513692	1605219513925	OK	 
REQUEST		exec_rpm	1605219513765	1605219513951	OK	 
REQUEST		exec_rpm	1605219513751	1605219513981	OK	 
REQUEST		exec_rpm	1605219513758	1605219513992	OK	 
REQUEST		exec_rpm	1605219513788	1605219514005	OK	 
REQUEST		exec_rpm	1605219513777	1605219514009	OK	 
REQUEST		exec_rpm	1605219513811	1605219514036	OK	 
REQUEST		exec_rpm	1605219513855	1605219514062	OK	 
REQUEST		exec_rpm	1605219513898	1605219514120	OK	 
REQUEST		exec_rpm	1605219513872	1605219514133	OK	 
REQUEST		exec_rpm	1605219513951	1605219514167	OK	 
REQUEST		exec_rpm	1605219513925	1605219514178	OK	 
REQUEST		exec_rpm	1605219513981	1605219514191	OK	 
REQUEST		exec_rpm	1605219514010	1605219514233	OK	 
REQUEST		exec_rpm	1605219513992	1605219514233	OK	 
REQUEST		exec_rpm	1605219514005	1605219514238	OK	 
REQUEST		exec_rpm	1605219514062	1605219514292	OK	 
REQUEST		exec_rpm	1605219514036	1605219514310	OK	 
REQUEST		exec_rpm	1605219514133	1605219514351	OK	 
REQUEST		exec_rpm	1605219514120	1605219514363	OK	 
REQUEST		exec_rpm	1605219514178	1605219514406	OK	 
REQUEST		exec_rpm	1605219514167	1605219514407	OK	 
REQUEST		exec_rpm	1605219514191	1605219514411	OK	 
REQUEST		exec_rpm	1605219514233	1605219514454	OK	 
REQUEST		exec_rpm	1605219514238	1605219514483	OK	 
REQUEST		exec_rpm	1605219514233	1605219514501	OK	 
REQUEST		exec_rpm	1605219514292	1605219514538	OK	 
REQUEST		exec_rpm	1605219514310	1605219514544	OK	 
REQUEST		exec_rpm	1605219514364	1605219514588	OK	 
REQUEST		exec_rpm	1605219514351	1605219514591	OK	 
REQUEST		exec_rpm	1605219514407	1605219514620	OK	 
REQUEST		exec_rpm	1605219514406	1605219514629	OK	 
REQUEST		exec_rpm	1605219514411	1605219514650	OK	 
REQUEST		exec_rpm	1605219514454	1605219514669	OK	 
REQUEST		exec_rpm	1605219514483	1605219514691	OK	 
REQUEST		exec_rpm	1605219514501	1605219514754	OK	 
REQUEST		exec_rpm	1605219514539	1605219514767	OK	 
REQUEST		exec_rpm	1605219514545	1605219514780	OK	 
REQUEST		exec_rpm	1605219514591	1605219514801	OK	 
REQUEST		exec_rpm	1605219514588	1605219514812	OK	 
REQUEST		exec_rpm	1605219514620	1605219514851	OK	 
REQUEST		exec_rpm	1605219514629	1605219514854	OK	 
REQUEST		exec_rpm	1605219514669	1605219514871	OK	 
REQUEST		exec_rpm	1605219514650	1605219514881	OK	 
REQUEST		exec_rpm	1605219514692	1605219514944	OK	 
REQUEST		exec_rpm	1605219514754	1605219514963	OK	 
REQUEST		exec_rpm	1605219514767	1605219514989	OK	 
REQUEST		exec_rpm	1605219514801	1605219515040	OK	 
REQUEST		exec_rpm	1605219514780	1605219515042	OK	 
REQUEST		exec_rpm	1605219514813	1605219515066	OK	 
REQUEST		exec_rpm	1605219514854	1605219515076	OK	 
REQUEST		exec_rpm	1605219514851	1605219515086	OK	 
REQUEST		exec_rpm	1605219514882	1605219515130	OK	 
REQUEST		exec_rpm	1605219514872	1605219515137	OK	 
REQUEST		exec_rpm	1605219514945	1605219515193	OK	 
REQUEST		exec_rpm	1605219515040	1605219515266	OK	 
REQUEST		exec_rpm	1605219514963	1605219515268	OK	 
REQUEST		exec_rpm	1605219515067	1605219515290	OK	 
REQUEST		exec_rpm	1605219515042	1605219515294	OK	 
REQUEST		exec_rpm	1605219515086	1605219515322	OK	 
REQUEST		exec_rpm	1605219515076	1605219515330	OK	 
REQUEST		exec_rpm	1605219515131	1605219515350	OK	 
REQUEST		exec_rpm	1605219514990	1605219515385	OK	 
REQUEST		exec_rpm	1605219515137	1605219515410	OK	 
REQUEST		exec_rpm	1605219515193	1605219515423	OK	 
REQUEST		exec_rpm	1605219515268	1605219515494	OK	 
REQUEST		exec_rpm	1605219515266	1605219515497	OK	 
REQUEST		exec_rpm	1605219515290	1605219515517	OK	 
REQUEST		exec_rpm	1605219515322	1605219515529	OK	 
REQUEST		exec_rpm	1605219515294	1605219515530	OK	 
REQUEST		exec_rpm	1605219515330	1605219515537	OK	 
REQUEST		exec_rpm	1605219515351	1605219515601	OK	 
REQUEST		exec_rpm	1605219515386	1605219515604	OK	 
REQUEST		exec_rpm	1605219515411	1605219515622	OK	 
REQUEST		exec_rpm	1605219515495	1605219515693	OK	 
REQUEST		exec_rpm	1605219515423	1605219515699	OK	 
REQUEST		exec_rpm	1605219515497	1605219515718	OK	 
REQUEST		exec_rpm	1605219515518	1605219515733	OK	 
REQUEST		exec_rpm	1605219515529	1605219515741	OK	 
REQUEST		exec_rpm	1605219515537	1605219515757	OK	 
REQUEST		exec_rpm	1605219515530	1605219515765	OK	 
REQUEST		exec_rpm	1605219515601	1605219515830	OK	 
REQUEST		exec_rpm	1605219515604	1605219515839	OK	 
REQUEST		exec_rpm	1605219515622	1605219515864	OK	 
REQUEST		exec_rpm	1605219515693	1605219515893	OK	 
REQUEST		exec_rpm	1605219515699	1605219515931	OK	 
REQUEST		exec_rpm	1605219515734	1605219515954	OK	 
REQUEST		exec_rpm	1605219515718	1605219515962	OK	 
REQUEST		exec_rpm	1605219515758	1605219515975	OK	 
REQUEST		exec_rpm	1605219515741	1605219515989	OK	 
REQUEST		exec_rpm	1605219515766	1605219515992	OK	 
REQUEST		exec_rpm	1605219515830	1605219516061	OK	 
REQUEST		exec_rpm	1605219515864	1605219516068	OK	 
REQUEST		exec_rpm	1605219515840	1605219516070	OK	 
REQUEST		exec_rpm	1605219515931	1605219516170	OK	 
REQUEST		exec_rpm	1605219515954	1605219516183	OK	 
REQUEST		exec_rpm	1605219515893	1605219516185	OK	 
REQUEST		exec_rpm	1605219515962	1605219516199	OK	 
REQUEST		exec_rpm	1605219515989	1605219516211	OK	 
REQUEST		exec_rpm	1605219515992	1605219516218	OK	 
REQUEST		exec_rpm	1605219515975	1605219516220	OK	 
REQUEST		exec_rpm	1605219516068	1605219516292	OK	 
REQUEST		exec_rpm	1605219516062	1605219516304	OK	 
REQUEST		exec_rpm	1605219516070	1605219516322	OK	 
REQUEST		exec_rpm	1605219516170	1605219516372	OK	 
REQUEST		exec_rpm	1605219516183	1605219516400	OK	 
REQUEST		exec_rpm	1605219516185	1605219516409	OK	 
REQUEST		exec_rpm	1605219516218	1605219516441	OK	 
REQUEST		exec_rpm	1605219516199	1605219516446	OK	 
REQUEST		exec_rpm	1605219516220	1605219516457	OK	 
REQUEST		exec_rpm	1605219516211	1605219516499	OK	 
REQUEST		exec_rpm	1605219516304	1605219516501	OK	 
REQUEST		exec_rpm	1605219516292	1605219516521	OK	 
REQUEST		exec_rpm	1605219516323	1605219516576	OK	 
REQUEST		exec_rpm	1605219516372	1605219516600	OK	 
REQUEST		exec_rpm	1605219516400	1605219516626	OK	 
REQUEST		exec_rpm	1605219516409	1605219516629	OK	 
REQUEST		exec_rpm	1605219516457	1605219516677	OK	 
REQUEST		exec_rpm	1605219516441	1605219516677	OK	 
REQUEST		exec_rpm	1605219516446	1605219516691	OK	 
REQUEST		exec_rpm	1605219516499	1605219516733	OK	 
REQUEST		exec_rpm	1605219516501	1605219516765	OK	 
REQUEST		exec_rpm	1605219516521	1605219516778	OK	 
REQUEST		exec_rpm	1605219516601	1605219516827	OK	 
REQUEST		exec_rpm	1605219516576	1605219516833	OK	 
REQUEST		exec_rpm	1605219516626	1605219516857	OK	 
REQUEST		exec_rpm	1605219516629	1605219516857	OK	 
REQUEST		exec_rpm	1605219516677	1605219516894	OK	 
REQUEST		exec_rpm	1605219516677	1605219516899	OK	 
REQUEST		exec_rpm	1605219516692	1605219516907	OK	 
REQUEST		exec_rpm	1605219516733	1605219516961	OK	 
REQUEST		exec_rpm	1605219516766	1605219516968	OK	 
REQUEST		exec_rpm	1605219516778	1605219517007	OK	 
REQUEST		exec_rpm	1605219516833	1605219517069	OK	 
REQUEST		exec_rpm	1605219516828	1605219517081	OK	 
REQUEST		exec_rpm	1605219516857	1605219517096	OK	 
REQUEST		exec_rpm	1605219516858	1605219517100	OK	 
REQUEST		exec_rpm	1605219516899	1605219517115	OK	 
REQUEST		exec_rpm	1605219516894	1605219517137	OK	 
REQUEST		exec_rpm	1605219516907	1605219517139	OK	 
REQUEST		exec_rpm	1605219516961	1605219517169	OK	 
REQUEST		exec_rpm	1605219516968	1605219517199	OK	 
REQUEST		exec_rpm	1605219517007	1605219517216	OK	 
REQUEST		exec_rpm	1605219517082	1605219517288	OK	 
REQUEST		exec_rpm	1605219517100	1605219517306	OK	 
REQUEST		exec_rpm	1605219517069	1605219517311	OK	 
REQUEST		exec_rpm	1605219517097	1605219517338	OK	 
REQUEST		exec_rpm	1605219517139	1605219517361	OK	 
REQUEST		exec_rpm	1605219517115	1605219517364	OK	 
REQUEST		exec_rpm	1605219517137	1605219517392	OK	 
REQUEST		exec_rpm	1605219517169	1605219517416	OK	 
REQUEST		exec_rpm	1605219517200	1605219517431	OK	 
REQUEST		exec_rpm	1605219517216	1605219517460	OK	 
REQUEST		exec_rpm	1605219517312	1605219517533	OK	 
REQUEST		exec_rpm	1605219517289	1605219517541	OK	 
REQUEST		exec_rpm	1605219517307	1605219517547	OK	 
REQUEST		exec_rpm	1605219517338	1605219517593	OK	 
REQUEST		exec_rpm	1605219517364	1605219517596	OK	 
REQUEST		exec_rpm	1605219517361	1605219517614	OK	 
REQUEST		exec_rpm	1605219517392	1605219517619	OK	 
REQUEST		exec_rpm	1605219517416	1605219517627	OK	 
REQUEST		exec_rpm	1605219517431	1605219517670	OK	 
REQUEST		exec_rpm	1605219517461	1605219517717	OK	 
REQUEST		exec_rpm	1605219517534	1605219517754	OK	 
REQUEST		exec_rpm	1605219517547	1605219517771	OK	 
REQUEST		exec_rpm	1605219517541	1605219517781	OK	 
REQUEST		exec_rpm	1605219517596	1605219517814	OK	 
REQUEST		exec_rpm	1605219517619	1605219517840	OK	 
REQUEST		exec_rpm	1605219517614	1605219517840	OK	 
REQUEST		exec_rpm	1605219517627	1605219517845	OK	 
REQUEST		exec_rpm	1605219517593	1605219517846	OK	 
REQUEST		exec_rpm	1605219517670	1605219517899	OK	 
REQUEST		exec_rpm	1605219517718	1605219517962	OK	 
REQUEST		exec_rpm	1605219517754	1605219517981	OK	 
REQUEST		exec_rpm	1605219517771	1605219517988	OK	 
REQUEST		exec_rpm	1605219517814	1605219518052	OK	 
REQUEST		exec_rpm	1605219517782	1605219518054	OK	 
REQUEST		exec_rpm	1605219517841	1605219518060	OK	 
REQUEST		exec_rpm	1605219517840	1605219518080	OK	 
REQUEST		exec_rpm	1605219517845	1605219518098	OK	 
REQUEST		exec_rpm	1605219517846	1605219518120	OK	 
REQUEST		exec_rpm	1605219517900	1605219518123	OK	 
REQUEST		exec_rpm	1605219517963	1605219518195	OK	 
REQUEST		exec_rpm	1605219517988	1605219518223	OK	 
REQUEST		exec_rpm	1605219517981	1605219518233	OK	 
REQUEST		exec_rpm	1605219518060	1605219518276	OK	 
REQUEST		exec_rpm	1605219518052	1605219518280	OK	 
REQUEST		exec_rpm	1605219518080	1605219518304	OK	 
REQUEST		exec_rpm	1605219518054	1605219518311	OK	 
REQUEST		exec_rpm	1605219518098	1605219518343	OK	 
REQUEST		exec_rpm	1605219518120	1605219518387	OK	 
REQUEST		exec_rpm	1605219518123	1605219518389	OK	 
REQUEST		exec_rpm	1605219518195	1605219518409	OK	 
REQUEST		exec_rpm	1605219518224	1605219518440	OK	 
REQUEST		exec_rpm	1605219518234	1605219518474	OK	 
REQUEST		exec_rpm	1605219518276	1605219518477	OK	 
REQUEST		exec_rpm	1605219518280	1605219518494	OK	 
REQUEST		exec_rpm	1605219518311	1605219518521	OK	 
REQUEST		exec_rpm	1605219518304	1605219518566	OK	 
REQUEST		exec_rpm	1605219518344	1605219518592	OK	 
REQUEST		exec_rpm	1605219518409	1605219518623	OK	 
REQUEST		exec_rpm	1605219518389	1605219518643	OK	 
REQUEST		exec_rpm	1605219518387	1605219518645	OK	 
REQUEST		exec_rpm	1605219518440	1605219518682	OK	 
REQUEST		exec_rpm	1605219518477	1605219518692	OK	 
REQUEST		exec_rpm	1605219518494	1605219518701	OK	 
REQUEST		exec_rpm	1605219518475	1605219518727	OK	 
REQUEST		exec_rpm	1605219518522	1605219518767	OK	 
REQUEST		exec_rpm	1605219518566	1605219518790	OK	 
REQUEST		exec_rpm	1605219518592	1605219518805	OK	 
REQUEST		exec_rpm	1605219518645	1605219518860	OK	 
REQUEST		exec_rpm	1605219518623	1605219518881	OK	 
REQUEST		exec_rpm	1605219518643	1605219518893	OK	 
REQUEST		exec_rpm	1605219518682	1605219518896	OK	 
REQUEST		exec_rpm	1605219518702	1605219518945	OK	 
REQUEST		exec_rpm	1605219518692	1605219518953	OK	 
REQUEST		exec_rpm	1605219518727	1605219518974	OK	 
REQUEST		exec_rpm	1605219518790	1605219519009	OK	 
REQUEST		exec_rpm	1605219518768	1605219519009	OK	 
REQUEST		exec_rpm	1605219518806	1605219519039	OK	 
REQUEST		exec_rpm	1605219518860	1605219519096	OK	 
REQUEST		exec_rpm	1605219518881	1605219519125	OK	 
REQUEST		exec_rpm	1605219518894	1605219519136	OK	 
REQUEST		exec_rpm	1605219518897	1605219519139	OK	 
REQUEST		exec_rpm	1605219518954	1605219519160	OK	 
REQUEST		exec_rpm	1605219518946	1605219519182	OK	 
REQUEST		exec_rpm	1605219519009	1605219519220	OK	 
REQUEST		exec_rpm	1605219518975	1605219519229	OK	 
REQUEST		exec_rpm	1605219519009	1605219519282	OK	 
REQUEST		exec_rpm	1605219519040	1605219519284	OK	 
REQUEST		exec_rpm	1605219519096	1605219519316	OK	 
REQUEST		exec_rpm	1605219519139	1605219519357	OK	 
REQUEST		exec_rpm	1605219519125	1605219519364	OK	 
REQUEST		exec_rpm	1605219519137	1605219519382	OK	 
REQUEST		exec_rpm	1605219519182	1605219519391	OK	 
REQUEST		exec_rpm	1605219519161	1605219519411	OK	 
REQUEST		exec_rpm	1605219519221	1605219519436	OK	 
REQUEST		exec_rpm	1605219519230	1605219519467	OK	 
REQUEST		exec_rpm	1605219519282	1605219519485	OK	 
REQUEST		exec_rpm	1605219519285	1605219519534	OK	 
REQUEST		exec_rpm	1605219519316	1605219519535	OK	 
REQUEST		exec_rpm	1605219519357	1605219519560	OK	 
REQUEST		exec_rpm	1605219519382	1605219519590	OK	 
REQUEST		exec_rpm	1605219519364	1605219519590	OK	 
REQUEST		exec_rpm	1605219519392	1605219519632	OK	 
REQUEST		exec_rpm	1605219519411	1605219519653	OK	 
REQUEST		exec_rpm	1605219519436	1605219519668	OK	 
REQUEST		exec_rpm	1605219519468	1605219519705	OK	 
REQUEST		exec_rpm	1605219519486	1605219519720	OK	 
REQUEST		exec_rpm	1605219519535	1605219519761	OK	 
REQUEST		exec_rpm	1605219519535	1605219519769	OK	 
REQUEST		exec_rpm	1605219519560	1605219519780	OK	 
REQUEST		exec_rpm	1605219519591	1605219519812	OK	 
REQUEST		exec_rpm	1605219519591	1605219519837	OK	 
REQUEST		exec_rpm	1605219519632	1605219519865	OK	 
REQUEST		exec_rpm	1605219519653	1605219519901	OK	 
REQUEST		exec_rpm	1605219519668	1605219519922	OK	 
REQUEST		exec_rpm	1605219519705	1605219519947	OK	 
REQUEST		exec_rpm	1605219519720	1605219519967	OK	 
REQUEST		exec_rpm	1605219519761	1605219519985	OK	 
REQUEST		exec_rpm	1605219519780	1605219519990	OK	 
REQUEST		exec_rpm	1605219519770	1605219519992	OK	 
REQUEST		exec_rpm	1605219519838	1605219520029	OK	 
REQUEST		exec_rpm	1605219519812	1605219520032	OK	 
REQUEST		exec_rpm	1605219519866	1605219520082	OK	 
REQUEST		exec_rpm	1605219519902	1605219520102	OK	 
REQUEST		exec_rpm	1605219519922	1605219520150	OK	 
REQUEST		exec_rpm	1605219519947	1605219520174	OK	 
REQUEST		exec_rpm	1605219519967	1605219520190	OK	 
REQUEST		exec_rpm	1605219519990	1605219520214	OK	 
REQUEST		exec_rpm	1605219519992	1605219520221	OK	 
REQUEST		exec_rpm	1605219519985	1605219520242	OK	 
REQUEST		exec_rpm	1605219520033	1605219520253	OK	 
REQUEST		exec_rpm	1605219520029	1605219520266	OK	 
REQUEST		exec_rpm	1605219520102	1605219520319	OK	 
REQUEST		exec_rpm	1605219520082	1605219520332	OK	 
REQUEST		exec_rpm	1605219520151	1605219520398	OK	 
REQUEST		exec_rpm	1605219520174	1605219520417	OK	 
REQUEST		exec_rpm	1605219520214	1605219520421	OK	 
REQUEST		exec_rpm	1605219520222	1605219520433	OK	 
REQUEST		exec_rpm	1605219520190	1605219520435	OK	 
REQUEST		exec_rpm	1605219520242	1605219520459	OK	 
REQUEST		exec_rpm	1605219520254	1605219520486	OK	 
REQUEST		exec_rpm	1605219520266	1605219520515	OK	 
REQUEST		exec_rpm	1605219520319	1605219520527	OK	 
REQUEST		exec_rpm	1605219520333	1605219520563	OK	 
REQUEST		exec_rpm	1605219520398	1605219520592	OK	 
REQUEST		exec_rpm	1605219520417	1605219520627	OK	 
REQUEST		exec_rpm	1605219520421	1605219520636	OK	 
REQUEST		exec_rpm	1605219520433	1605219520655	OK	 
REQUEST		exec_rpm	1605219520435	1605219520664	OK	 
REQUEST		exec_rpm	1605219520459	1605219520710	OK	 
REQUEST		exec_rpm	1605219520487	1605219520736	OK	 
REQUEST		exec_rpm	1605219520515	1605219520762	OK	 
REQUEST		exec_rpm	1605219520563	1605219520768	OK	 
REQUEST		exec_rpm	1605219520528	1605219520769	OK	 
REQUEST		exec_rpm	1605219520592	1605219520824	OK	 
REQUEST		exec_rpm	1605219520636	1605219520827	OK	 
REQUEST		exec_rpm	1605219520628	1605219520854	OK	 
REQUEST		exec_rpm	1605219520656	1605219520891	OK	 
REQUEST		exec_rpm	1605219520664	1605219520896	OK	 
REQUEST		exec_rpm	1605219520736	1605219520950	OK	 
REQUEST		exec_rpm	1605219520710	1605219520953	OK	 
REQUEST		exec_rpm	1605219520769	1605219520996	OK	 
REQUEST		exec_rpm	1605219520768	1605219520996	OK	 
REQUEST		exec_rpm	1605219520762	1605219521015	OK	 
REQUEST		exec_rpm	1605219520827	1605219521067	OK	 
REQUEST		exec_rpm	1605219520824	1605219521083	OK	 
REQUEST		exec_rpm	1605219520854	1605219521089	OK	 
REQUEST		exec_rpm	1605219520891	1605219521106	OK	 
REQUEST		exec_rpm	1605219520897	1605219521151	OK	 
REQUEST		exec_rpm	1605219520953	1605219521186	OK	 
REQUEST		exec_rpm	1605219520950	1605219521192	OK	 
REQUEST		exec_rpm	1605219520996	1605219521221	OK	 
REQUEST		exec_rpm	1605219520996	1605219521221	OK	 
REQUEST		exec_rpm	1605219521015	1605219521234	OK	 
REQUEST		exec_rpm	1605219521068	1605219521252	OK	 
REQUEST		exec_rpm	1605219521090	1605219521342	OK	 
REQUEST		exec_rpm	1605219521083	1605219521344	OK	 
REQUEST		exec_rpm	1605219521106	1605219521352	OK	 
REQUEST		exec_rpm	1605219521151	1605219521368	OK	 
REQUEST		exec_rpm	1605219521192	1605219521409	OK	 
REQUEST		exec_rpm	1605219521186	1605219521414	OK	 
REQUEST		exec_rpm	1605219521221	1605219521443	OK	 
REQUEST		exec_rpm	1605219521234	1605219521458	OK	 
REQUEST		exec_rpm	1605219521221	1605219521459	OK	 
REQUEST		exec_rpm	1605219521252	1605219521492	OK	 
REQUEST		exec_rpm	1605219521352	1605219521571	OK	 
REQUEST		exec_rpm	1605219521345	1605219521576	OK	 
REQUEST		exec_rpm	1605219521342	1605219521578	OK	 
REQUEST		exec_rpm	1605219521368	1605219521600	OK	 
REQUEST		exec_rpm	1605219521410	1605219521613	OK	 
REQUEST		exec_rpm	1605219521459	1605219521648	OK	 
REQUEST		exec_rpm	1605219521443	1605219521650	OK	 
REQUEST		exec_rpm	1605219521414	1605219521659	OK	 
REQUEST		exec_rpm	1605219521460	1605219521692	OK	 
REQUEST		exec_rpm	1605219521493	1605219521720	OK	 
REQUEST		exec_rpm	1605219521578	1605219521804	OK	 
REQUEST		exec_rpm	1605219521571	1605219521826	OK	 
REQUEST		exec_rpm	1605219521613	1605219521833	OK	 
REQUEST		exec_rpm	1605219521576	1605219521839	OK	 
REQUEST		exec_rpm	1605219521601	1605219521849	OK	 
REQUEST		exec_rpm	1605219521648	1605219521859	OK	 
REQUEST		exec_rpm	1605219521650	1605219521873	OK	 
REQUEST		exec_rpm	1605219521659	1605219521875	OK	 
REQUEST		exec_rpm	1605219521692	1605219521898	OK	 
REQUEST		exec_rpm	1605219521721	1605219521936	OK	 
REQUEST		exec_rpm	1605219521804	1605219522056	OK	 
REQUEST		exec_rpm	1605219521833	1605219522056	OK	 
REQUEST		exec_rpm	1605219521849	1605219522071	OK	 
REQUEST		exec_rpm	1605219521826	1605219522072	OK	 
REQUEST		exec_rpm	1605219521840	1605219522085	OK	 
REQUEST		exec_rpm	1605219521859	1605219522085	OK	 
REQUEST		exec_rpm	1605219521873	1605219522089	OK	 
REQUEST		exec_rpm	1605219521898	1605219522115	OK	 
REQUEST		exec_rpm	1605219521875	1605219522128	OK	 
REQUEST		exec_rpm	1605219521937	1605219522172	OK	 
REQUEST		exec_rpm	1605219522056	1605219522273	OK	 
REQUEST		exec_rpm	1605219522056	1605219522286	OK	 
REQUEST		exec_rpm	1605219522072	1605219522296	OK	 
REQUEST		exec_rpm	1605219522086	1605219522302	OK	 
REQUEST		exec_rpm	1605219522085	1605219522302	OK	 
REQUEST		exec_rpm	1605219522089	1605219522311	OK	 
REQUEST		exec_rpm	1605219522071	1605219522312	OK	 
REQUEST		exec_rpm	1605219522129	1605219522336	OK	 
REQUEST		exec_rpm	1605219522115	1605219522350	OK	 
REQUEST		exec_rpm	1605219522172	1605219522418	OK	 
REQUEST		exec_rpm	1605219522273	1605219522494	OK	 
REQUEST		exec_rpm	1605219522286	1605219522496	OK	 
REQUEST		exec_rpm	1605219522312	1605219522509	OK	 
REQUEST		exec_rpm	1605219522302	1605219522520	OK	 
REQUEST		exec_rpm	1605219522303	1605219522525	OK	 
REQUEST		exec_rpm	1605219522297	1605219522525	OK	 
REQUEST		exec_rpm	1605219522336	1605219522535	OK	 
REQUEST		exec_rpm	1605219522313	1605219522573	OK	 
REQUEST		exec_rpm	1605219522350	1605219522606	OK	 
REQUEST		exec_rpm	1605219522418	1605219522627	OK	 
REQUEST		exec_rpm	1605219522495	1605219522713	OK	 
REQUEST		exec_rpm	1605219522509	1605219522728	OK	 
REQUEST		exec_rpm	1605219522520	1605219522734	OK	 
REQUEST		exec_rpm	1605219522497	1605219522743	OK	 
REQUEST		exec_rpm	1605219522525	1605219522781	OK	 
REQUEST		exec_rpm	1605219522525	1605219522783	OK	 
REQUEST		exec_rpm	1605219522536	1605219522791	OK	 
REQUEST		exec_rpm	1605219522607	1605219522833	OK	 
REQUEST		exec_rpm	1605219522574	1605219522844	OK	 
REQUEST		exec_rpm	1605219522627	1605219522876	OK	 
REQUEST		exec_rpm	1605219522713	1605219522924	OK	 
REQUEST		exec_rpm	1605219522743	1605219522973	OK	 
REQUEST		exec_rpm	1605219522728	1605219522974	OK	 
REQUEST		exec_rpm	1605219522735	1605219522993	OK	 
REQUEST		exec_rpm	1605219522783	1605219523012	OK	 
REQUEST		exec_rpm	1605219522781	1605219523024	OK	 
REQUEST		exec_rpm	1605219522791	1605219523032	OK	 
REQUEST		exec_rpm	1605219522833	1605219523045	OK	 
REQUEST		exec_rpm	1605219522844	1605219523072	OK	 
REQUEST		exec_rpm	1605219522876	1605219523117	OK	 
REQUEST		exec_rpm	1605219522924	1605219523138	OK	 
REQUEST		exec_rpm	1605219522973	1605219523184	OK	 
REQUEST		exec_rpm	1605219522974	1605219523188	OK	 
REQUEST		exec_rpm	1605219522993	1605219523234	OK	 
REQUEST		exec_rpm	1605219523024	1605219523235	OK	 
REQUEST		exec_rpm	1605219523012	1605219523249	OK	 
REQUEST		exec_rpm	1605219523032	1605219523270	OK	 
REQUEST		exec_rpm	1605219523045	1605219523291	OK	 
REQUEST		exec_rpm	1605219523072	1605219523305	OK	 
REQUEST		exec_rpm	1605219523117	1605219523357	OK	 
REQUEST		exec_rpm	1605219523138	1605219523362	OK	 
REQUEST		exec_rpm	1605219523188	1605219523418	OK	 
REQUEST		exec_rpm	1605219523184	1605219523433	OK	 
REQUEST		exec_rpm	1605219523236	1605219523473	OK	 
REQUEST		exec_rpm	1605219523234	1605219523484	OK	 
REQUEST		exec_rpm	1605219523270	1605219523498	OK	 
REQUEST		exec_rpm	1605219523249	1605219523509	OK	 
REQUEST		exec_rpm	1605219523292	1605219523517	OK	 
REQUEST		exec_rpm	1605219523305	1605219523526	OK	 
REQUEST		exec_rpm	1605219523362	1605219523578	OK	 
REQUEST		exec_rpm	1605219523357	1605219523587	OK	 
REQUEST		exec_rpm	1605219523419	1605219523613	OK	 
REQUEST		exec_rpm	1605219523433	1605219523685	OK	 
REQUEST		exec_rpm	1605219523485	1605219523703	OK	 
REQUEST		exec_rpm	1605219523498	1605219523703	OK	 
REQUEST		exec_rpm	1605219523510	1605219523721	OK	 
REQUEST		exec_rpm	1605219523473	1605219523734	OK	 
REQUEST		exec_rpm	1605219523517	1605219523774	OK	 
REQUEST		exec_rpm	1605219523526	1605219523775	OK	 
REQUEST		exec_rpm	1605219523587	1605219523779	OK	 
REQUEST		exec_rpm	1605219523579	1605219523793	OK	 
REQUEST		exec_rpm	1605219523613	1605219523832	OK	 
REQUEST		exec_rpm	1605219523686	1605219523921	OK	 
REQUEST		exec_rpm	1605219523703	1605219523927	OK	 
REQUEST		exec_rpm	1605219523703	1605219523942	OK	 
REQUEST		exec_rpm	1605219523721	1605219523965	OK	 
REQUEST		exec_rpm	1605219523774	1605219523976	OK	 
REQUEST		exec_rpm	1605219523779	1605219523983	OK	 
REQUEST		exec_rpm	1605219523734	1605219523985	OK	 
REQUEST		exec_rpm	1605219523794	1605219523996	OK	 
REQUEST		exec_rpm	1605219523833	1605219524025	OK	 
REQUEST		exec_rpm	1605219523776	1605219524042	OK	 
REQUEST		exec_rpm	1605219523921	1605219524119	OK	 
REQUEST		exec_rpm	1605219523928	1605219524156	OK	 
REQUEST		exec_rpm	1605219523942	1605219524166	OK	 
REQUEST		exec_rpm	1605219523996	1605219524186	OK	 
REQUEST		exec_rpm	1605219523965	1605219524189	OK	 
REQUEST		exec_rpm	1605219523976	1605219524198	OK	 
REQUEST		exec_rpm	1605219523983	1605219524224	OK	 
REQUEST		exec_rpm	1605219523985	1605219524233	OK	 
REQUEST		exec_rpm	1605219524025	1605219524257	OK	 
REQUEST		exec_rpm	1605219524042	1605219524307	OK	 
REQUEST		exec_rpm	1605219524119	1605219524333	OK	 
REQUEST		exec_rpm	1605219524166	1605219524394	OK	 
REQUEST		exec_rpm	1605219524156	1605219524394	OK	 
REQUEST		exec_rpm	1605219524186	1605219524411	OK	 
REQUEST		exec_rpm	1605219524199	1605219524419	OK	 
REQUEST		exec_rpm	1605219524189	1605219524433	OK	 
REQUEST		exec_rpm	1605219524224	1605219524444	OK	 
REQUEST		exec_rpm	1605219524257	1605219524480	OK	 
REQUEST		exec_rpm	1605219524233	1605219524491	OK	 
REQUEST		exec_rpm	1605219524307	1605219524558	OK	 
REQUEST		exec_rpm	1605219524333	1605219524596	OK	 
REQUEST		exec_rpm	1605219524394	1605219524615	OK	 
REQUEST		exec_rpm	1605219524394	1605219524624	OK	 
REQUEST		exec_rpm	1605219524419	1605219524628	OK	 
REQUEST		exec_rpm	1605219524444	1605219524655	OK	 
REQUEST		exec_rpm	1605219524412	1605219524657	OK	 
REQUEST		exec_rpm	1605219524433	1605219524667	OK	 
REQUEST		exec_rpm	1605219524480	1605219524689	OK	 
REQUEST		exec_rpm	1605219524491	1605219524717	OK	 
REQUEST		exec_rpm	1605219524596	1605219524801	OK	 
REQUEST		exec_rpm	1605219524558	1605219524820	OK	 
REQUEST		exec_rpm	1605219524628	1605219524836	OK	 
REQUEST		exec_rpm	1605219524624	1605219524856	OK	 
REQUEST		exec_rpm	1605219524615	1605219524861	OK	 
REQUEST		exec_rpm	1605219524655	1605219524880	OK	 
REQUEST		exec_rpm	1605219524667	1605219524888	OK	 
REQUEST		exec_rpm	1605219524657	1605219524894	OK	 
REQUEST		exec_rpm	1605219524689	1605219524930	OK	 
REQUEST		exec_rpm	1605219524717	1605219524945	OK	 
REQUEST		exec_rpm	1605219524820	1605219525053	OK	 
REQUEST		exec_rpm	1605219524802	1605219525064	OK	 
REQUEST		exec_rpm	1605219524836	1605219525064	OK	 
REQUEST		exec_rpm	1605219524856	1605219525077	OK	 
REQUEST		exec_rpm	1605219524861	1605219525078	OK	 
REQUEST		exec_rpm	1605219524894	1605219525090	OK	 
REQUEST		exec_rpm	1605219524881	1605219525125	OK	 
REQUEST		exec_rpm	1605219524888	1605219525132	OK	 
REQUEST		exec_rpm	1605219524930	1605219525154	OK	 
REQUEST		exec_rpm	1605219524946	1605219525204	OK	 
REQUEST		exec_rpm	1605219525064	1605219525258	OK	 
REQUEST		exec_rpm	1605219525064	1605219525291	OK	 
REQUEST		exec_rpm	1605219525053	1605219525301	OK	 
REQUEST		exec_rpm	1605219525078	1605219525307	OK	 
REQUEST		exec_rpm	1605219525090	1605219525334	OK	 
REQUEST		exec_rpm	1605219525154	1605219525361	OK	 
REQUEST		exec_rpm	1605219525133	1605219525361	OK	 
REQUEST		exec_rpm	1605219525125	1605219525367	OK	 
REQUEST		exec_rpm	1605219525258	1605219525469	OK	 
REQUEST		exec_rpm	1605219525204	1605219525472	OK	 
REQUEST		exec_rpm	1605219525291	1605219525516	OK	 
REQUEST		exec_rpm	1605219525301	1605219525538	OK	 
REQUEST		exec_rpm	1605219525307	1605219525544	OK	 
REQUEST		exec_rpm	1605219525361	1605219525563	OK	 
REQUEST		exec_rpm	1605219525334	1605219525568	OK	 
REQUEST		exec_rpm	1605219525367	1605219525573	OK	 
REQUEST		exec_rpm	1605219525362	1605219525598	OK	 
REQUEST		exec_rpm	1605219525077	1605219525653	OK	 
REQUEST		exec_rpm	1605219525472	1605219525703	OK	 
REQUEST		exec_rpm	1605219525469	1605219525714	OK	 
REQUEST		exec_rpm	1605219525516	1605219525724	OK	 
REQUEST		exec_rpm	1605219525563	1605219525767	OK	 
REQUEST		exec_rpm	1605219525538	1605219525768	OK	 
REQUEST		exec_rpm	1605219525544	1605219525793	OK	 
REQUEST		exec_rpm	1605219525568	1605219525801	OK	 
REQUEST		exec_rpm	1605219525574	1605219525821	OK	 
REQUEST		exec_rpm	1605219525598	1605219525861	OK	 
REQUEST		exec_rpm	1605219525654	1605219525891	OK	 
REQUEST		exec_rpm	1605219525714	1605219525937	OK	 
REQUEST		exec_rpm	1605219525724	1605219525945	OK	 
REQUEST		exec_rpm	1605219525703	1605219525949	OK	 
REQUEST		exec_rpm	1605219525794	1605219525995	OK	 
REQUEST		exec_rpm	1605219525801	1605219525997	OK	 
REQUEST		exec_rpm	1605219525768	1605219526035	OK	 
REQUEST		exec_rpm	1605219525767	1605219526042	OK	 
REQUEST		exec_rpm	1605219525822	1605219526076	OK	 
REQUEST		exec_rpm	1605219525861	1605219526082	OK	 
REQUEST		exec_rpm	1605219525892	1605219526109	OK	 
REQUEST		exec_rpm	1605219525945	1605219526169	OK	 
REQUEST		exec_rpm	1605219525937	1605219526200	OK	 
REQUEST		exec_rpm	1605219525997	1605219526206	OK	 
REQUEST		exec_rpm	1605219525949	1605219526210	OK	 
REQUEST		exec_rpm	1605219525996	1605219526233	OK	 
REQUEST		exec_rpm	1605219526035	1605219526256	OK	 
REQUEST		exec_rpm	1605219526076	1605219526280	OK	 
REQUEST		exec_rpm	1605219526042	1605219526290	OK	 
REQUEST		exec_rpm	1605219526082	1605219526302	OK	 
REQUEST		exec_rpm	1605219526109	1605219526368	OK	 
REQUEST		exec_rpm	1605219526169	1605219526391	OK	 
REQUEST		exec_rpm	1605219526200	1605219526425	OK	 
REQUEST		exec_rpm	1605219526210	1605219526454	OK	 
REQUEST		exec_rpm	1605219526207	1605219526468	OK	 
REQUEST		exec_rpm	1605219526257	1605219526470	OK	 
REQUEST		exec_rpm	1605219526281	1605219526484	OK	 
REQUEST		exec_rpm	1605219526233	1605219526511	OK	 
REQUEST		exec_rpm	1605219526291	1605219526521	OK	 
REQUEST		exec_rpm	1605219526302	1605219526565	OK	 
REQUEST		exec_rpm	1605219526368	1605219526607	OK	 
REQUEST		exec_rpm	1605219526392	1605219526618	OK	 
REQUEST		exec_rpm	1605219526425	1605219526656	OK	 
REQUEST		exec_rpm	1605219526454	1605219526667	OK	 
REQUEST		exec_rpm	1605219526484	1605219526677	OK	 
REQUEST		exec_rpm	1605219526468	1605219526701	OK	 
REQUEST		exec_rpm	1605219526470	1605219526710	OK	 
REQUEST		exec_rpm	1605219526521	1605219526736	OK	 
REQUEST		exec_rpm	1605219526511	1605219526761	OK	 
REQUEST		exec_rpm	1605219526566	1605219526782	OK	 
REQUEST		exec_rpm	1605219526607	1605219526840	OK	 
REQUEST		exec_rpm	1605219526618	1605219526865	OK	 
REQUEST		exec_rpm	1605219526667	1605219526894	OK	 
REQUEST		exec_rpm	1605219526656	1605219526910	OK	 
REQUEST		exec_rpm	1605219526677	1605219526910	OK	 
REQUEST		exec_rpm	1605219526701	1605219526940	OK	 
REQUEST		exec_rpm	1605219526710	1605219526961	OK	 
REQUEST		exec_rpm	1605219526761	1605219526972	OK	 
REQUEST		exec_rpm	1605219526782	1605219526982	OK	 
REQUEST		exec_rpm	1605219526736	1605219526997	OK	 
REQUEST		exec_rpm	1605219526840	1605219527024	OK	 
REQUEST		exec_rpm	1605219526866	1605219527096	OK	 
REQUEST		exec_rpm	1605219526894	1605219527124	OK	 
REQUEST		exec_rpm	1605219526910	1605219527142	OK	 
REQUEST		exec_rpm	1605219526941	1605219527146	OK	 
REQUEST		exec_rpm	1605219526910	1605219527157	OK	 
REQUEST		exec_rpm	1605219526962	1605219527186	OK	 
REQUEST		exec_rpm	1605219526972	1605219527190	OK	 
REQUEST		exec_rpm	1605219526982	1605219527197	OK	 
REQUEST		exec_rpm	1605219526997	1605219527238	OK	 
REQUEST		exec_rpm	1605219527024	1605219527238	OK	 
REQUEST		exec_rpm	1605219527097	1605219527301	OK	 
REQUEST		exec_rpm	1605219527142	1605219527357	OK	 
REQUEST		exec_rpm	1605219527146	1605219527362	OK	 
REQUEST		exec_rpm	1605219527124	1605219527371	OK	 
REQUEST		exec_rpm	1605219527158	1605219527371	OK	 
REQUEST		exec_rpm	1605219527186	1605219527395	OK	 
REQUEST		exec_rpm	1605219527190	1605219527401	OK	 
REQUEST		exec_rpm	1605219527198	1605219527445	OK	 
REQUEST		exec_rpm	1605219527238	1605219527467	OK	 
REQUEST		exec_rpm	1605219527238	1605219527483	OK	 
REQUEST		exec_rpm	1605219527301	1605219527505	OK	 
REQUEST		exec_rpm	1605219527357	1605219527561	OK	 
REQUEST		exec_rpm	1605219527371	1605219527569	OK	 
REQUEST		exec_rpm	1605219527362	1605219527589	OK	 
REQUEST		exec_rpm	1605219527395	1605219527603	OK	 
REQUEST		exec_rpm	1605219527371	1605219527629	OK	 
REQUEST		exec_rpm	1605219527401	1605219527633	OK	 
REQUEST		exec_rpm	1605219527467	1605219527684	OK	 
REQUEST		exec_rpm	1605219527445	1605219527691	OK	 
REQUEST		exec_rpm	1605219527483	1605219527706	OK	 
REQUEST		exec_rpm	1605219527505	1605219527731	OK	 
REQUEST		exec_rpm	1605219527561	1605219527796	OK	 
REQUEST		exec_rpm	1605219527589	1605219527803	OK	 
REQUEST		exec_rpm	1605219527603	1605219527824	OK	 
REQUEST		exec_rpm	1605219527570	1605219527844	OK	 
REQUEST		exec_rpm	1605219527634	1605219527884	OK	 
REQUEST		exec_rpm	1605219527629	1605219527896	OK	 
REQUEST		exec_rpm	1605219527684	1605219527917	OK	 
REQUEST		exec_rpm	1605219527706	1605219527928	OK	 
REQUEST		exec_rpm	1605219527691	1605219527952	OK	 
REQUEST		exec_rpm	1605219527731	1605219527978	OK	 
REQUEST		exec_rpm	1605219527796	1605219528009	OK	 
REQUEST		exec_rpm	1605219527803	1605219528014	OK	 
REQUEST		exec_rpm	1605219527845	1605219528067	OK	 
REQUEST		exec_rpm	1605219527824	1605219528075	OK	 
REQUEST		exec_rpm	1605219527884	1605219528096	OK	 
REQUEST		exec_rpm	1605219527896	1605219528144	OK	 
REQUEST		exec_rpm	1605219527917	1605219528156	OK	 
REQUEST		exec_rpm	1605219527928	1605219528183	OK	 
REQUEST		exec_rpm	1605219527953	1605219528196	OK	 
REQUEST		exec_rpm	1605219527979	1605219528221	OK	 
REQUEST		exec_rpm	1605219528009	1605219528225	OK	 
REQUEST		exec_rpm	1605219528014	1605219528260	OK	 
REQUEST		exec_rpm	1605219528067	1605219528272	OK	 
REQUEST		exec_rpm	1605219528096	1605219528326	OK	 
REQUEST		exec_rpm	1605219528076	1605219528340	OK	 
REQUEST		exec_rpm	1605219528144	1605219528359	OK	 
REQUEST		exec_rpm	1605219528156	1605219528394	OK	 
REQUEST		exec_rpm	1605219528183	1605219528420	OK	 
REQUEST		exec_rpm	1605219528196	1605219528446	OK	 
REQUEST		exec_rpm	1605219528221	1605219528446	OK	 
REQUEST		exec_rpm	1605219528225	1605219528460	OK	 
REQUEST		exec_rpm	1605219528260	1605219528467	OK	 
REQUEST		exec_rpm	1605219528272	1605219528515	OK	 
REQUEST		exec_rpm	1605219528359	1605219528559	OK	 
REQUEST		exec_rpm	1605219528326	1605219528562	OK	 
REQUEST		exec_rpm	1605219528340	1605219528601	OK	 
REQUEST		exec_rpm	1605219528394	1605219528607	OK	 
REQUEST		exec_rpm	1605219528420	1605219528644	OK	 
REQUEST		